('n:', 6)
atomString:
C 0.725 0.0 0.0;
C -0.725 -0.0 -0.0;
C 1.395 1.16047404107 0.0;
C -1.395 -1.16047404107 -0.0;
H 1.265 -0.935307436087 0.0;
H -1.265 0.935307436087 -0.0;
C 2.845 1.16047404107 0.0;
C -2.845 -1.16047404107 -0.0;
H 0.855 2.09578147716 0.0;
H -0.855 -2.09578147716 -0.0;
C 3.515 2.32094808214 0.0;
C -3.515 -2.32094808214 -0.0;
H 3.385 0.225166604984 0.0;
H -3.385 -0.225166604984 -0.0;
C 4.965 2.32094808214 0.0;
C -4.965 -2.32094808214 -0.0;
H 2.975 3.25625551823 0.0;
H -2.975 -3.25625551823 -0.0;
C 5.635 3.48142212321 0.0;
C -5.635 -3.48142212321 -0.0;
H 5.505 1.38564064606 0.0;
H -5.505 -1.38564064606 -0.0;
H 6.715 3.48142212321 0.0;
H -6.715 -3.48142212321 -0.0;
H 5.095 4.4167295593 0.0;
H -5.095 -4.4167295593 -0.0;

#INFO: **** input file is /state/partition1/nsb37/158184/prepVMC.py ****
import numpy as np
from pyscf import gto, scf, ao2mo, mcscf, tools, fci, mp, symm, lib
from pyscf.shciscf import shci
import math, os, time, sys
#import NEVPT2Helper as nev

def myocc(mf):
   mol = mf.mol
   irrep_id = mol.irrep_id
   so = mol.symm_orb
   orbsym = symm.label_orb_symm(mol, irrep_id, so, mf.mo_coeff)
   doccsym = np.array(orbsym)[mf.mo_occ==2]
   soccsym = np.array(orbsym)[mf.mo_occ==1]
   for ir, irname in enumerate(mol.irrep_name):
     print('%s, double-occ = %d, single-occ = %d' %
         (irname, sum(doccsym==ir), sum(soccsym==ir)))

# trans-polyacetylene: C_{2n}H_{2n+2}
if len(sys.argv) == 2:
    n = int(sys.argv[1])
else:
    n = 2

print("n:", n)

# bond lengths and angles (assuming uniform c=c, c-c and c-h bond lengths, and all angles to be 120 degrees)
b1 = 1.45
b2 = 1.34
bh = 1.08
t = 2*np.pi/3

if n%2 == 0:
  # vector displacements on one side
  c0 = np.array([b1/2, 0., 0.])
  cs = np.array([b1, 0., 0.])
  cd = np.array([b2/2, b2*3**0.5/2, 0.])
  ch = np.array([bh/2, -bh*3**0.5/2, 0.])
  cht = np.array([bh, 0., 0.])

  #atomString = f'C {c0[0]} {c0[1]} {c0[2]};\nC {-c0[0]} {-c0[1]} {-c0[2]};\n'
  atomString = 'C {} {} {};\nC {} {} {};\n'.format(c0[0], c0[1], c0[2], -c0[0], -c0[1], -c0[2])
  currentC = c0
  for i in range(n-1):
      if i%2 == 0:
          newC = currentC + cd
          newH = currentC + ch
      else:
          newC = currentC + cs
          newH = currentC - ch
      #atomString += f'C {newC[0]} {newC[1]} {newC[2]};\nC {-newC[0]} {-newC[1]} {-newC[2]};\n'
      #atomString += f'H {newH[0]} {newH[1]} {newH[2]};\nH {-newH[0]} {-newH[1]} {-newH[2]};\n'
      atomString += 'C {} {} {};\nC {} {} {};\n'.format(newC[0], newC[1], newC[2], -newC[0], -newC[1], -newC[2])
      atomString += 'H {} {} {};\nH {} {} {};\n'.format(newH[0], newH[1], newH[2], -newH[0], -newH[1], -newH[2])
      currentC = newC

  # terminal h's
  th1 = currentC + cht
  th2 = currentC - ch
  #atomString += f'H {th1[0]} {th1[1]} {th1[2]};\nH {-th1[0]} {-th1[1]} {-th1[2]};\n'
  #atomString += f'H {th2[0]} {th2[1]} {th2[2]};\nH {-th2[0]} {-th2[1]} {-th2[2]};\n'
  atomString += 'H {} {} {};\nH {} {} {};\n'.format(th1[0], th1[1], th1[2], -th1[0], -th1[1], -th1[2])
  atomString += 'H {} {} {};\nH {} {} {};\n'.format(th2[0], th2[1], th2[2], -th2[0], -th2[1], -th2[2])

else:
  # vector displacements on one side
  c0 = np.array([b2/2, 0., 0.])
  cd = np.array([b2, 0., 0.])
  cs = np.array([b1/2, b1*3**0.5/2, 0.])
  ch = np.array([bh/2, -bh*3**0.5/2, 0.])
  cht = np.array([bh/2, bh*3**0.5/2, 0.])

  #atomString = f'C {c0[0]} {c0[1]} {c0[2]};\nC {-c0[0]} {-c0[1]} {-c0[2]};\n'
  atomString = 'C {} {} {};\nC {} {} {};\n'.format(c0[0], c0[1], c0[2], -c0[0], -c0[1], -c0[2])
  currentC = c0
  for i in range(n-1):
      if i%2 == 0:
          newC = currentC + cs
          newH = currentC + ch
      else:
          newC = currentC + cd
          newH = currentC - ch
      #atomString += f'C {newC[0]} {newC[1]} {newC[2]};\nC {-newC[0]} {-newC[1]} {-newC[2]};\n'
      #atomString += f'H {newH[0]} {newH[1]} {newH[2]};\nH {-newH[0]} {-newH[1]} {-newH[2]};\n'
      atomString += 'C {} {} {};\nC {} {} {};\n'.format(newC[0], newC[1], newC[2], -newC[0], -newC[1], -newC[2])
      atomString += 'H {} {} {};\nH {} {} {};\n'.format(newH[0], newH[1], newH[2], -newH[0], -newH[1], -newH[2])
      currentC = newC

  # terminal h's
  th1 = currentC + cht
  th2 = currentC + ch
  #atomString += f'H {th1[0]} {th1[1]} {th1[2]};\nH {-th1[0]} {-th1[1]} {-th1[2]};\n'
  #atomString += f'H {th2[0]} {th2[1]} {th2[2]};\nH {-th2[0]} {-th2[1]} {-th2[2]};\n'
  atomString += 'H {} {} {};\nH {} {} {};\n'.format(th1[0], th1[1], th1[2], -th1[0], -th1[1], -th1[2])
  atomString += 'H {} {} {};\nH {} {} {};\n'.format(th2[0], th2[1], th2[2], -th2[0], -th2[1], -th2[2])

print("atomString:")
print(atomString)

mol = gto.M(atom = atomString, basis = '6-31g', verbose = 4, unit = 'angstrom', symmetry = 1, spin = 0)
mf = scf.RHF(mol)
mf.max_cycle = 500
mf.chkfile = '{}_HF.chk'.format(n)
mf.kernel()

# shciscf
norbAct = 2*n
nelecAct = 2*n
mc = shci.SHCISCF(mf, norbAct, nelecAct)
mc.chkfile = '{}_SHCISCF.chk'.format(n)

# for icpt integrals uncomment the following and comment out the mc calculation, FCIDUMP generation, etc.
#chkfile = f'{n}_SHCISCF.chk'
#mc.__dict__.update(lib.chkfile.load(chkfile, 'mcscf'))

# pi system active space
mo = mc.sort_mo_by_irrep({'Ag': 0,'Bu': 0,'Au': n,'Bg': n}, {'Ag': 3*n+1,'Bu': 3*n,'Au': 0,'Bg': 0})

# these need to be adjusted with system size
mc.fcisolver.sweep_iter = [0, 2, 4]
mc.fcisolver.sweep_epsilon = [1e-3, 1e-4, 5e-5]
mc.fcisolver.nPTiter = 0
mc.max_cycle_macro = 20
#mc.internal_rotation = True
mc.fcisolver.nPTiter = 0  # Turns off PT calculation, i.e. no PTRDM.
#mc.fcisolver.mpiprefix = "mpirun -np 24"
#mc.fcisolver.prefix = "/rc_scratch/anma2640/polyacetylene"
mc.kernel(mo)

# prep nevpt

norbFrozen = 2*n
norbCore = 6*n + 1

fileh = open("moEne.txt", 'w')
for i in range(mol.nao - norbFrozen):
  fileh.write('%.12e\n'%(mc.mo_energy[i + norbFrozen]))
fileh.close()

tools.fcidump.from_mc(mc, 'FCIDUMP.h5', nFrozen = norbFrozen)

# active space integrals for dice calculation
mo_core = mc.mo_coeff[:,:norbCore]
mo_rest = mc.mo_coeff[:,norbCore:norbCore + norbAct]
core_dm = 2 * mo_core.dot(mo_core.T)
corevhf = mc.get_veff(mol, core_dm)
energy_core = mol.energy_nuc()
energy_core += np.einsum('ij,ji', core_dm, mc.get_hcore())
energy_core += np.einsum('ij,ji', core_dm, corevhf) * .5
h1eff = mo_rest.T.dot(mc.get_hcore() + corevhf).dot(mo_rest)
eri = ao2mo.kernel(mol, mo_rest)
tools.fcidump.from_integrals('FCIDUMP', h1eff, eri, norbAct, nelecAct, energy_core)

#this is the scratch file for writing potentially larger integral files
#intfolder = "int/"
#os.system("mkdir -p "+intfolder)
##
#
#dm2a = np.zeros((norb, norb, norb, norb))
#file2pdm = "spatialRDM.0.0.txt"
#file2pdm = file2pdm.encode()  # .encode for python3 compatibility
#shci.r2RDM(dm2a, norb, file2pdm)
#dm1 = np.einsum('ikjj->ki', dm2a)
#dm1 /= (nelec - 1)
##dm1, dm2a = mc.fcisolver.make_rdm12(0, mc.ncas, mc.nelecas)
#dm2 = np.einsum('ijkl->ikjl', dm2a)
##
#np.save(intfolder+"E2.npy", np.asfortranarray(dm2))
#np.save(intfolder+"E1.npy", np.asfortranarray(dm1))
##
#print ("trace of 2rdm", np.einsum('ijij',dm2))
#print ("trace of 1rdm", np.einsum('ii',dm1))
##
#E1eff = dm1 #for state average
#nev.writeNEVPTIntegrals(mc, dm1, dm2, E1eff, norbFrozen, intfolder)
#nev.write_ic_inputs(mc.nelecas[0]+mc.nelecas[1], mc.ncore, mc.ncas, norbFrozen, mc.nelecas[0]-mc.nelecas[1],
#                   'NEVPT2')
#INFO: ******************** input file end ********************


System: ('Linux', 'compute-0-7.local', '2.6.32-504.16.2.el6.x86_64', '#1 SMP Wed Apr 22 06:48:29 UTC 2015', 'x86_64', 'x86_64')  Threads 12
Python 2.7.15 |Anaconda, Inc.| (default, May  1 2018, 23:32:55) 
[GCC 7.2.0]
numpy 1.15.1  scipy 1.1.0
Date: Fri May 22 09:40:37 2020
PySCF version 1.7.1
PySCF path  /home/nsb37/pyscf/pyscf
GIT ORIG_HEAD f9a419e89c2fa6ea63cd0445a6fc1dde4109b47b
GIT HEAD      ref: refs/heads/master
GIT master branch  97008722ba492c9d60fa46535f156620355ae933

[CONFIG] conf_file None
[INPUT] verbose = 4
[INPUT] num. atoms = 26
[INPUT] num. electrons = 86
[INPUT] charge = 0
[INPUT] spin (= nelec alpha-beta = 2S) = 0
[INPUT] symmetry 1 subgroup None
[INPUT] Mole.unit = angstrom
[INPUT]  1 C      0.725000000000   0.000000000000   0.000000000000 AA    1.370051440310   0.000000000000   0.000000000000 Bohr
[INPUT]  2 C     -0.725000000000   0.000000000000   0.000000000000 AA   -1.370051440310   0.000000000000   0.000000000000 Bohr
[INPUT]  3 C      1.395000000000   1.160474041070   0.000000000000 AA    2.636167943768   2.192978112290   0.000000000000 Bohr
[INPUT]  4 C     -1.395000000000  -1.160474041070   0.000000000000 AA   -2.636167943768  -2.192978112290   0.000000000000 Bohr
[INPUT]  5 H      1.265000000000  -0.935307436087   0.000000000000 AA    2.390503547575  -1.767474896474   0.000000000000 Bohr
[INPUT]  6 H     -1.265000000000   0.935307436087   0.000000000000 AA   -2.390503547575   1.767474896474   0.000000000000 Bohr
[INPUT]  7 C      2.845000000000   1.160474041070   0.000000000000 AA    5.376270824388   2.192978112290   0.000000000000 Bohr
[INPUT]  8 C     -2.845000000000  -1.160474041070   0.000000000000 AA   -5.376270824388  -2.192978112290   0.000000000000 Bohr
[INPUT]  9 H      0.855000000000   2.095781477160   0.000000000000 AA    1.615715836503   3.960453008769   0.000000000000 Bohr
[INPUT] 10 H     -0.855000000000  -2.095781477160   0.000000000000 AA   -1.615715836503  -3.960453008769   0.000000000000 Bohr
[INPUT] 11 C      3.515000000000   2.320948082140   0.000000000000 AA    6.642387327846   4.385956224579   0.000000000000 Bohr
[INPUT] 12 C     -3.515000000000  -2.320948082140   0.000000000000 AA   -6.642387327846  -4.385956224579   0.000000000000 Bohr
[INPUT] 13 H      3.385000000000   0.225166604984   0.000000000000 AA    6.396722931653   0.425503215818   0.000000000000 Bohr
[INPUT] 14 H     -3.385000000000  -0.225166604984   0.000000000000 AA   -6.396722931653  -0.425503215818   0.000000000000 Bohr
[INPUT] 15 C      4.965000000000   2.320948082140   0.000000000000 AA    9.382490208466   4.385956224579   0.000000000000 Bohr
[INPUT] 16 C     -4.965000000000  -2.320948082140   0.000000000000 AA   -9.382490208466  -4.385956224579   0.000000000000 Bohr
[INPUT] 17 H      2.975000000000   3.256255518230   0.000000000000 AA    5.621935220581   6.153431121058   0.000000000000 Bohr
[INPUT] 18 H     -2.975000000000  -3.256255518230   0.000000000000 AA   -5.621935220581  -6.153431121058   0.000000000000 Bohr
[INPUT] 19 C      5.635000000000   3.481422123210   0.000000000000 AA   10.648606711924   6.578934336869   0.000000000000 Bohr
[INPUT] 20 C     -5.635000000000  -3.481422123210   0.000000000000 AA  -10.648606711924  -6.578934336869   0.000000000000 Bohr
[INPUT] 21 H      5.505000000000   1.385640646060   0.000000000000 AA   10.402942315731   2.618481328119   0.000000000000 Bohr
[INPUT] 22 H     -5.505000000000  -1.385640646060   0.000000000000 AA  -10.402942315731  -2.618481328119   0.000000000000 Bohr
[INPUT] 23 H      6.715000000000   3.481422123210   0.000000000000 AA   12.689510926454   6.578934336869   0.000000000000 Bohr
[INPUT] 24 H     -6.715000000000  -3.481422123210   0.000000000000 AA  -12.689510926454  -6.578934336869   0.000000000000 Bohr
[INPUT] 25 H      5.095000000000   4.416729559300   0.000000000000 AA    9.628154604659   8.346409233348   0.000000000000 Bohr
[INPUT] 26 H     -5.095000000000  -4.416729559300   0.000000000000 AA   -9.628154604659  -8.346409233348   0.000000000000 Bohr

nuclear repulsion = 540.631900150375
point group symmetry = C2h
num. orbitals of irrep Ag = 56
num. orbitals of irrep Bg = 12
num. orbitals of irrep Au = 12
num. orbitals of irrep Bu = 56
number of shells = 88
number of NR pGTOs = 320
number of NR cGTOs = 136
basis = 6-31g
ecp = {}
CPU time:         0.56


******** <class 'pyscf.scf.hf_symm.SymAdaptedRHF'> ********
method = SymAdaptedRHF-RHF
initial guess = minao
damping factor = 0
level_shift factor = 0
DIIS = <class 'pyscf.scf.diis.CDIIS'>
diis_start_cycle = 1
diis_space = 8
SCF conv_tol = 1e-09
SCF conv_tol_grad = None
SCF max_cycles = 500
direct_scf = True
direct_scf_tol = 1e-13
chkfile to save SCF result = 6_HF.chk
max_memory 4000 MB (current use 62 MB)
Freeze 0 electrons in irreps []
    86 free electrons in irreps Ag Bg Au Bu
Set gradient conv threshold to 3.16228e-05
init E= -465.496858567844
HOMO (Bg) = -0.155302042857606  LUMO (Au) = -0.0351671712497844
cycle= 1 E= -462.17838227454  delta_E= 3.32  |g|=  0.5  |ddm|= 4.69
HOMO (Bg) = -0.247840089178419  LUMO (Au) = 0.0351941677209131
cycle= 2 E= -462.285478928976  delta_E= -0.107  |g|= 0.135  |ddm|=    1
HOMO (Bg) = -0.233828616958605  LUMO (Au) = 0.0688139032063395
cycle= 3 E= -462.294583464654  delta_E= -0.0091  |g|= 0.0458  |ddm|= 0.338
HOMO (Bg) = -0.243427015284736  LUMO (Au) = 0.0642383200693974
cycle= 4 E= -462.295395780102  delta_E= -0.000812  |g|= 0.0115  |ddm|= 0.0708
HOMO (Bg) = -0.245463495118907  LUMO (Au) = 0.065380127735102
cycle= 5 E= -462.295506948671  delta_E= -0.000111  |g|= 0.0039  |ddm|= 0.0248
HOMO (Bg) = -0.24555211707051  LUMO (Au) = 0.0668370197419377
cycle= 6 E= -462.295523213879  delta_E= -1.63e-05  |g|= 0.000937  |ddm|= 0.0109
HOMO (Bg) = -0.245846150992047  LUMO (Au) = 0.0669828667466499
cycle= 7 E= -462.295524159792  delta_E= -9.46e-07  |g|= 0.000385  |ddm|= 0.00312
HOMO (Bg) = -0.245877599934233  LUMO (Au) = 0.0669945673890854
cycle= 8 E= -462.295524210498  delta_E= -5.07e-08  |g|= 5.39e-05  |ddm|= 0.000582
HOMO (Bg) = -0.24588451488473  LUMO (Au) = 0.066990095194923
cycle= 9 E= -462.295524211982  delta_E= -1.48e-09  |g|= 1.14e-05  |ddm|= 0.000155
HOMO (Bg) = -0.2458861309414  LUMO (Au) = 0.0669897675902457
cycle= 10 E= -462.295524212062  delta_E= -7.95e-11  |g|= 5.17e-06  |ddm|= 2.66e-05
HOMO (Bg) = -0.245886348953651  LUMO (Au) = 0.066989510718773
Extra cycle  E= -462.295524212072  delta_E= -1.05e-11  |g|= 2.09e-06  |ddm|= 8.97e-06
converged SCF energy = -462.295524212072
ncore for each irreps {'Bu': 18, 'Bg': 0, 'Au': 0, 'Ag': 19}
ncas for each irreps {'Bu': 0, 'Bg': 6, 'Au': 6, 'Ag': 0}
(0-based) caslst = [36 38 39 40 41 42 43 44 45 48 49 50]

******** <class 'pyscf.mcscf.mc1step_symm.SymAdaptedCASSCF'> ********
CAS (6e+6e, 12o), ncore = 37, nvir = 87
max_cycle_macro = 20
max_cycle_micro = 4
conv_tol = 1e-07
conv_tol_grad = None
orbital rotation max_stepsize = 0.02
augmented hessian ah_max_cycle = 30
augmented hessian ah_conv_tol = 1e-12
augmented hessian ah_linear dependence = 1e-14
augmented hessian ah_level shift = 0
augmented hessian ah_start_tol = 2.5
augmented hessian ah_start_cycle = 3
augmented hessian ah_grad_trust_region = 3
kf_trust_region = 3
kf_interval = 4
ci_response_space = 4
ci_grad_trust_region = 3
with_dep4 0
natorb = False
canonicalization = True
sorting_mo_energy = False
ao2mo_level = 2
chkfile = 6_SHCISCF.chk
max_memory 4000 MB (current use 419 MB)
internal_rotation = False

******** SHCI flags ********
executable             = /home/nsb37/Dice_github/Dice
mpiprefix              = mpirun
scratchDirectory       = /scratch/nsb37/158184/TMPDIR/32512
integralFile           = ./FCIDUMP
configFile             = ./input.dat
outputFile             = ./output.dat
maxIter                = 6
sweep_iter             = [    0,    2,    4]
sweep_epsilon          = [0.001,0.0001,5e-05]
nPTiter                = 0
Stochastic             = True
restart                = False
fullrestart            = False
num_thrds              = 1
memory                 = None

Active space CI wfn symmetry = Ag
CASCI E = -462.424092134974  S^2 = 0.0000000
Set conv_tol_grad to 0.000316228
macro iter 1 (21 JK  4 micro), CASSCF E = -462.465521018899  dE = -0.041428884  S^2 = 0.0000000
               |grad[o]|=0.0678  |grad[c]|= None  |ddm|=0.078
macro iter 2 (13 JK  4 micro), CASSCF E = -462.469275472996  dE = -0.0037544541  S^2 = 0.0000000
               |grad[o]|=0.0255  |grad[c]|= None  |ddm|=0.0216
macro iter 3 (3 JK  1 micro), CASSCF E = -462.469275792819  dE = -3.1982319e-07  S^2 = 0.0000000
               |grad[o]|=0.000148  |grad[c]|= None  |ddm|=0.000169
macro iter 4 (1 JK  1 micro), CASSCF E = -462.469275792819  dE = 0  S^2 = 0.0000000
               |grad[o]|=2.28e-05  |grad[c]|= None  |ddm|=    0
1-step CASSCF converged in 4 macro (38 JK 10 micro) steps
CASSCF canonicalization
Density matrix diagonal elements [1.94435795 1.93771821 1.92542879 1.90452195 1.87043039 1.82256966
 0.18382848 0.13200273 0.09466658 0.07213802 0.05284776 0.05948942]
CASSCF energy = -462.469275792819
CASCI E = -462.469275792819  E(CI) = -14.9994714717999  S^2 = 0.0000000
