

**************************************************************
Dice  Copyright (C) 2017  Sandeep Sharma
This program is distributed in the hope that it will be useful,
but WITHOUT ANY WARRANTY; without even the implied warranty of
MERCHANTABILITY or FITNESS FOR A PARTICULAR PURPOSE.
See the GNU General Public License for more details.


Author:       Sandeep Sharma
Contributors: James E Smith, Adam A Holmes, Bastien Mussard
For detailed documentation on Dice please visit
https://sanshar.github.io/Dice/
Please visit our group page for up to date information on other projects
http://www.colorado.edu/lab/sharmagroup/
**************************************************************


**************************************************************
Input file  :
**************************************************************
#system
nocc 28
0 2 4 6 8 10 12 14 16 18 20 22 24 26 1 3 5 7 9 11 13 15 17 19 21 23 25 27 
orbitals ./FCIDUMP
nroots 1

#variational
schedule
0 0.00002
end
davidsonTol 5e-05
dE 1e-08
maxiter 100
printalldeterminants

#pt
nPTiter 0
epsilon2 1e-07
#epsilon2Large 2e-5
targetError 1e-5
sampleN 200


#misc
noio
prefix /rc_scratch/anma2640/
DoRDM
DoSpinRDM



**************************************************************
VARIATIONAL STEP  
**************************************************************
Iter Root       Eps1   #Var. Det.               Energy   #Davidson     Time(s)
   0    0    2.00e-05       11455     -3412.0492581392         13        0.57
   1    0    2.00e-05     7821443     -3412.2062810788         30      276.10
   2    0    2.00e-05    19923325     -3412.2328098004         30      775.65
   3    0    2.00e-05    23979982     -3412.2341153885         22     1074.51
   4    0    2.00e-05    24428527     -3412.2341851572         12     1201.00
   5    0    2.00e-05    24462277     -3412.2341899705          5     1258.65
   6    0    2.00e-05    24464764     -3412.2341903149          4     1307.14
   7    0    2.00e-05    24465415     -3412.2341903940          3     1348.60
   8    0    2.00e-05    24465579     -3412.2341904118          3     1389.51
   9    0    2.00e-05    24465703     -3412.2341904286          2     1423.19
  10    0    2.00e-05    24465777     -3412.2341904412          3     1465.66
  11    0    2.00e-05    24465855     -3412.2341904513          2     1499.52
  12    0    2.00e-05    24465895     -3412.2341904556          3     1541.31

Performing final tight davidson with tol: 5e-05

Exiting variational iterations
Calculating 2RDM
-345.452791141675  156.3722504806
E from 2RDM: -3412.23419045556
VARIATIONAL CALCULATION RESULT
------------------------------
Root             Energy     Time(s)
   0    -3412.2341904556     1700.24


Printing all determinants
 Det     weight  Determinant string
State :0
We cannot perform PT RDM with stochastic PT. Disabling RDM.

**************************************************************
PERTURBATION THEORY STEP  
**************************************************************
