{
    "print": {
        "SCNorms": "false",
        "readSCNorms": "false"
    },
    "wavefunction": {
        "name": "scpt",
        "numAct": "4",
        "numCore": "9",
        "overlapCutoff": "1.0e-8",
        "determinants": "dets"
    },
    "sampling": {
        "stochasticIterNorms": "1000",
        "nIterFindInitDets": "100",
        "numSCSamples": "1000",
        "stochasticIterEachSC": "100",
        "fixedResTimeNEVPT": "false",
        "epsilon": "1.0e-8",
        "seed": "55921",
        "efficientNEVPT_2": "true",
        "determCCVV": "true",
        "SCEnergiesBurnIn": "50",
        "SCNormsBurnIn": "50"
    }
}

Reading integrals
Finished reading integrals
Starting heat bath integral construction
Finished heat bath integral construction
Reading active space determinants
Finished reading determinants, hash table bucket count: 64
Integrals and wave function preparation finished in 0.908932 s

Deterministic CCVV energy:  -0.189690659421

About to sample the norms of the strongly contracted states...

About to allocate arrays for sampling...
Total number of strongly contracted states to sample: 3241
Allocation of sampling arrays now finished.

About to call first instance of HamAndSCNorms...
First instance of HamAndSCNorms complete.
iter: 0  t: 0.96
iter: 1  t: 0.961772
iter: 100  t: 1.13285
iter: 200  t: 1.30575
iter: 300  t: 1.47864
iter: 400  t: 1.65154
iter: 500  t: 1.82442
iter: 600  t: 1.99737
iter: 700  t: 2.17031
iter: 800  t: 2.34327
iter: 900  t: 2.5162
iter: 1000  t: 3.68102
Calculating AAVV norms...
AAVV norms calculated. Time taken: 0.0214632
Calculating CAAV norms...
CAAV norms calculated. Time taken: 0.00522208
Calculating CCAA norms...
CCAA norms calculated. Time taken: 0.00202084

Calculation of strongly contracted norms complete.
Total time for norms calculation:  2.79587

Now sampling the NEVPT2 energy...
Total cumulative squared norm (process 0): 0.144825

MPI Barrier time: 0.10626 seconds
Energy error estimate: 0.000105764916062
Bias correction error estimate: 1.65231405411e-08
Sampling complete.

Total time for energy sampling 3.55160999298 seconds
CAS energy: -154.9209041
SC-NEVPT2(s) second-order energy: -0.07184483887
Total SC-NEVPT(s) energy: -154.992749
SC-NEVPT2(s) second-order energy with CCVV:  -0.2615354983
Total SC-NEVPT2(s) energy with CCVV:  -155.1824396
