*File 'NEVPT2_ACVV.inp'  nOrb = 288(R)  nElec = 48  Ms2 = 0  iWfSym = 0
 Performing a restricted NEVPT2_ACVV calculation with spatial orbitals.

 Size of working set:                   1494 mb
 Size of Hamiltonian:                      0 mb
 Size of CI amplitude vector:             34 mb [4514905 entries/vec]

 Convergence thresholds:   THRDEN = 1.00e-05  THRVAR = 1.00e-05

 ITER.      SQ.NORM        ENERGY      ENERGY CHANGE     VAR       TIME     DIIS
   1       1.01774776    14.90219331    14.90219331    3.79e+02     35.05
   2       0.25677391     1.76866649   -13.13352682    3.89e+01     15.55
   3       0.09245993     0.11224378    -1.65642271    8.25e+00     15.56
   4       0.04883593    -0.20416414    -0.31640791    1.98e+00     15.56
   5       0.03024402    -0.29725904    -0.09309491    5.17e-01     15.56
   6       0.02427933    -0.31955542    -0.02229638    1.65e-01     15.56
   7       0.02171101    -0.32671992    -0.00716450    5.13e-02     15.56
   8       0.02049977    -0.32920058    -0.00248066    1.90e-02     15.56
   9       0.01993673    -0.33009493    -0.00089435    7.21e-03     15.56
  10       0.01966996    -0.33043126    -0.00033633    2.57e-03     15.56
  11       0.01954276    -0.33055681    -0.00012555    1.06e-03     15.56
  12       0.01947924    -0.33060729    -0.00005048    4.11e-04     15.56
  13       0.01944730    -0.33062783    -0.00002054    1.65e-04     15.56
  14       0.01943129    -0.33063623    -0.00000841    6.99e-05     15.56
  15       0.01942341    -0.33063967    -0.00000344    2.76e-05     15.56
  16       0.01941953    -0.33064107    -0.00000140    1.14e-05     15.56
  17       0.01941754    -0.33064166    -0.00000059    5.11e-06     15.56

 Time for main loop:                             283.95 sec
 Time for residual:                                0.00 sec
 Time for rest:                                  283.95 sec

 Coefficient of reference function     7.17633784381097
 Reference energy                      0.00000000000000

!NEVPT2_ACVV STATE 1 ENERGY           -0.33064166064241
