*File 'NEVPT2_CCVV.inp'  nOrb = 288(R)  nElec = 48  Ms2 = 0  iWfSym = 0
 Performing a restricted NEVPT2_CCVV calculation with spatial orbitals.

 Size of working set:                    516 mb
 Size of Hamiltonian:                      0 mb
 Size of CI amplitude vector:             34 mb [4513785 entries/vec]

 Convergence thresholds:   THRDEN = 1.00e-05  THRVAR = 1.00e-05

 ITER.      SQ.NORM        ENERGY      ENERGY CHANGE     VAR       TIME     DIIS
   1       1.41230911    36.22507811    36.22507811    1.61e+03      4.55
   2       0.38759493     6.53904484   -29.68603326    2.44e+02      1.66
   3       0.14692949     1.67749094    -4.86155390    6.33e+01      1.66
   4       0.06190899     0.37116114    -1.30632980    1.70e+01      1.66
   5       0.03113871     0.00737641    -0.36378473    5.42e+00      1.66
   6       0.01826714    -0.11342967    -0.12080608    1.89e+00      1.66
   7       0.01309666    -0.15370920    -0.04027953    5.85e-01      1.66
   8       0.01064434    -0.16835915    -0.01464995    2.45e-01      1.66
   9       0.00960833    -0.17352976    -0.00517061    7.75e-02      1.66
  10       0.00903097    -0.17562637    -0.00209661    3.67e-02      1.66
  11       0.00869836    -0.17659034    -0.00096397    1.70e-02      1.66
  12       0.00851506    -0.17702618    -0.00043584    8.13e-03      1.66
  13       0.00840614    -0.17724139    -0.00021521    3.81e-03      1.66
  14       0.00834695    -0.17733894    -0.00009755    2.01e-03      1.67
  15       0.00831033    -0.17739039    -0.00005145    9.60e-04      1.67
  16       0.00828820    -0.17741689    -0.00002650    5.19e-04      1.68
  17       0.00827549    -0.17743029    -0.00001340    2.42e-04      1.66
  18       0.00826853    -0.17743669    -0.00000641    1.14e-04      1.66
  19       0.00826472    -0.17743976    -0.00000306    5.67e-05      1.66
  20       0.00826263    -0.17744122    -0.00000147    2.90e-05      1.66
  21       0.00826137    -0.17744201    -0.00000078    1.43e-05      1.66
  22       0.00826070    -0.17744238    -0.00000037    6.90e-06      1.66

 Time for main loop:                              39.49 sec
 Time for residual:                                0.00 sec
 Time for rest:                                   39.49 sec

 Coefficient of reference function    11.00250789730299
 Reference energy                      0.00000000000000

!NEVPT2_CCVV STATE 1 ENERGY           -0.17744237502840
