*File 'NEVPT2_ACVV.inp'  nOrb = 288(R)  nElec = 48  Ms2 = 0  iWfSym = 0
 Performing a restricted NEVPT2_ACVV calculation with spatial orbitals.

 Size of working set:                   1494 mb
 Size of Hamiltonian:                      0 mb
 Size of CI amplitude vector:             34 mb [4514905 entries/vec]

 Convergence thresholds:   THRDEN = 1.00e-05  THRVAR = 1.00e-05

 ITER.      SQ.NORM        ENERGY      ENERGY CHANGE     VAR       TIME     DIIS
   1       0.99715386    14.69344056    14.69344056    3.77e+02     55.16
   2       0.25541837     1.78361704   -12.90982352    3.94e+01     25.53
   3       0.09239209     0.12467575    -1.65894129    8.36e+00     25.53
   4       0.04854366    -0.19550378    -0.32017953    2.00e+00     25.53
   5       0.03010309    -0.28831306    -0.09280928    5.32e-01     25.53
   6       0.02393824    -0.31130351    -0.02299045    1.74e-01     25.53
   7       0.02127433    -0.31877581    -0.00747230    5.48e-02     25.53
   8       0.02002205    -0.32138358    -0.00260777    1.99e-02     25.53
   9       0.01945003    -0.32230915    -0.00092557    7.46e-03     25.53
  10       0.01918077    -0.32265358    -0.00034443    2.72e-03     25.53
  11       0.01905285    -0.32278194    -0.00012836    1.12e-03     25.53
  12       0.01898727    -0.32283465    -0.00005271    4.49e-04     25.53
  13       0.01895307    -0.32285681    -0.00002216    1.89e-04     25.53
  14       0.01893561    -0.32286609    -0.00000928    8.06e-05     25.53
  15       0.01892679    -0.32286999    -0.00000390    3.25e-05     25.53
  16       0.01892242    -0.32287160    -0.00000160    1.38e-05     25.53
  17       0.01892020    -0.32287228    -0.00000068    5.99e-06     25.53

 Time for main loop:                             463.64 sec
 Time for residual:                                0.00 sec
 Time for rest:                                  463.64 sec

 Coefficient of reference function     7.27004596709667
 Reference energy                      0.00000000000000

!NEVPT2_ACVV STATE 1 ENERGY           -0.32287227751637
