*File 'NEVPT2_CCVV.inp'  nOrb = 288(R)  nElec = 48  Ms2 = 0  iWfSym = 0
 Performing a restricted NEVPT2_CCVV calculation with spatial orbitals.

 Size of working set:                    516 mb
 Size of Hamiltonian:                      0 mb
 Size of CI amplitude vector:             34 mb [4513785 entries/vec]

 Convergence thresholds:   THRDEN = 1.00e-05  THRVAR = 1.00e-05

 ITER.      SQ.NORM        ENERGY      ENERGY CHANGE     VAR       TIME     DIIS
   1       1.45060551    37.16553712    37.16553712    1.66e+03      8.41
   2       0.40397581     6.79625866   -30.36927847    2.55e+02      3.57
   3       0.15534595     1.77003074    -5.02622792    6.64e+01      3.57
   4       0.06585373     0.40059320    -1.36943754    1.80e+01      3.56
   5       0.03332025     0.01763167    -0.38296153    5.84e+00      3.57
   6       0.01951470    -0.11129165    -0.12892332    2.06e+00      3.57
   7       0.01388352    -0.15492288    -0.04363124    6.57e-01      3.57
   8       0.01120679    -0.17094354    -0.01602066    2.79e-01      3.57
   9       0.01005411    -0.17671196    -0.00576842    9.10e-02      3.57
  10       0.00941620    -0.17905824    -0.00234628    4.42e-02      3.57
  11       0.00903838    -0.18017592    -0.00111768    2.02e-02      3.56
  12       0.00882759    -0.18068737    -0.00051145    9.43e-03      3.57
  13       0.00870259    -0.18093758    -0.00025021    4.33e-03      3.56
  14       0.00863377    -0.18105098    -0.00011340    2.31e-03      3.56
  15       0.00859067    -0.18111103    -0.00006005    1.10e-03      3.56
  16       0.00856450    -0.18114173    -0.00003070    6.19e-04      3.57
  17       0.00854912    -0.18115750    -0.00001577    2.91e-04      3.57
  18       0.00854002    -0.18116555    -0.00000806    1.44e-04      3.56
  19       0.00853491    -0.18116948    -0.00000393    7.58e-05      3.56
  20       0.00853195    -0.18117147    -0.00000199    3.89e-05      3.57
  21       0.00853014    -0.18117255    -0.00000108    1.92e-05      3.56
  22       0.00852919    -0.18117305    -0.00000050    9.57e-06      3.57

 Time for main loop:                              83.30 sec
 Time for residual:                                0.00 sec
 Time for rest:                                   83.30 sec

 Coefficient of reference function    10.82794832328671
 Reference energy                      0.00000000000000

!NEVPT2_CCVV STATE 1 ENERGY           -0.18117304963601
