#INFO: **** input file is /state/partition1/nsb37/161291/prepVMC.py ****
import numpy as np
from pyscf import gto, scf, ao2mo, mcscf, tools, fci, mp, symm, lib
from pyscf.shciscf import shci
import math, os, time, sys
#import NEVPT2Helper as nev

def myocc(mf):
   mol = mf.mol
   irrep_id = mol.irrep_id
   so = mol.symm_orb
   orbsym = symm.label_orb_symm(mol, irrep_id, so, mf.mo_coeff)
   doccsym = np.array(orbsym)[mf.mo_occ==2]
   soccsym = np.array(orbsym)[mf.mo_occ==1]
   for ir, irname in enumerate(mol.irrep_name):
     print('%s, double-occ = %d, single-occ = %d' %
         (irname, sum(doccsym==ir), sum(soccsym==ir)))

# Cu2O2^2+: bis f = 0., per f = 1.
if len(sys.argv) == 2:
    f = float(sys.argv[1])
else:
    f = 0.

# bond lengths
cu_cu = 2.8 + f * 0.8
o_o = 2.3 - f * 0.9

#atomString = f'Cu {-cu_cu/2} 0. 0.; Cu {cu_cu/2} 0. 0.; O 0. {o_o/2} 0.; O 0. {-o_o/2} 0.'
atomString = 'Cu {} 0. 0.; Cu {} 0. 0.; O 0. {} 0.; O 0. {} 0.'.format(-cu_cu/2, cu_cu/2, o_o/2, -o_o/2)

mol = gto.M(atom = atomString,
    basis = {'O': gto.basis.parse('''
O    S
 105374.95                   0.00012386            -0.00002815             0.00002616            -0.00005058             0.00005196
  15679.240                  0.00051201            -0.00011630             0.00010748            -0.00020024             0.00019612
   3534.5447                 0.00215291            -0.00049092             0.00045972            -0.00091952             0.00099303
    987.36516                0.00852844            -0.00194616             0.00179555            -0.00320240             0.00297658
    315.97875                0.03018049            -0.00700530             0.00667574            -0.01359974             0.01564071
    111.65428                0.09099702            -0.02167814             0.02053445            -0.03392296             0.03231923
     42.699451               0.21779364            -0.05641213             0.05828602            -0.11685462             0.16012253
     17.395596               0.36862457            -0.11270530             0.12129691            -0.14040275             0.15386867
      7.4383090              0.33667073            -0.15891197             0.22641475            -0.47546666             0.93886300
      3.2228620              0.09657630            -0.03355083            -0.04238700             0.83350096            -3.16442722
      1.2538770              0.00214452             0.35319028            -1.01045538             1.30186138             2.94545392
       .49515500             0.00119435             0.55341993            -0.15386868            -2.48175844            -0.46724256
       .19166500             0.00053902             0.23018391             0.99345320             0.81134659            -1.59503813
       .06708300             0.00021034             0.01127267             0.18587254             0.58210417             1.34403482
O    P
    200.00000                0.00091730            -0.00087213             0.00129603            -0.00195602
     46.533367               0.00737714            -0.00706424             0.01151279            -0.02399585
     14.621809               0.03483515            -0.03330489             0.05159120            -0.09118427
      5.3130640              0.11443970            -0.11441275             0.20459407            -0.52863388
      2.1025250              0.25549664            -0.29901068             0.55019345            -0.38198314
       .85022300             0.37225574            -0.31986054            -0.14872038             1.44198816
       .33759700             0.33233149             0.20550900            -0.89690085            -0.67366146
       .12889200             0.14008479             0.59359268             0.24707597            -0.66496950
       .04511200             0.02395784             0.28229027             0.64443405             0.82977107
O    D
      3.7500000              0.13609758            -0.39151953             0.95199748
      1.3125000              0.51401475            -0.62262728            -0.67736624
       .45937500             0.47407125             0.72160073            -0.34608569
       .16078100             0.08166905             0.31870103             0.81524547
O    F
      2.3500000              0.33460642            -0.83677707
       .94000000             0.56136672             0.10721970
       .37600000             0.29572786             0.72955061
O    G
      1.175000               0.89524901
      0.470000               0.166642351
    '''),
    'Cu': gto.basis.parse('''
Cu    S
9148883.                     0.00011722            -0.00003675             0.00001383            -0.00000271             0.00000346            -0.00001401             0.00001043
1369956.                     0.00033155            -0.00010403             0.00003914            -0.00000766             0.00000979            -0.00003959             0.00002948
 311782.6                    0.00088243            -0.00027733             0.00010439            -0.00002047             0.00002626            -0.00010612             0.00007887
  88318.80                   0.00217229            -0.00068417             0.00025745            -0.00005030             0.00006392            -0.00025900             0.00019337
  28815.53                   0.00529547            -0.00167686             0.00063203            -0.00012442             0.00016087            -0.00064865             0.00048021
  10403.46                   0.01296630            -0.00413460             0.00155718            -0.00030269             0.00038023            -0.00154770             0.00116372
   4057.791                  0.03188050            -0.01035127             0.00391659            -0.00077628             0.00101716            -0.00408342             0.00300351
   1682.974                  0.07576569            -0.02534791             0.00959476            -0.00185240             0.00229152            -0.00940206             0.00715331
    733.7543                 0.16244637            -0.05836947             0.02238837            -0.00448270             0.00597497            -0.02389117             0.01749000
    333.2677                 0.28435959            -0.11673284             0.04528606            -0.00866024             0.01044695            -0.04359832             0.03399715
    156.4338                 0.34173643            -0.18466860             0.07498378            -0.01544726             0.02151583            -0.08588857             0.06315941
     74.69721                0.20955087            -0.14700899             0.06188170            -0.01089864             0.01030128            -0.04734865             0.04023075
     33.32262                0.03544751             0.18483257            -0.09047327             0.01467867            -0.00984324             0.06382592            -0.07818080
     16.62237               -0.00243996             0.56773609            -0.39288472             0.09154122            -0.14292630             0.59363541            -0.48734052
      8.208260               0.00146990             0.37956092            -0.35664956             0.06330857            -0.05612707             0.41506062            -0.33346978
      3.609400              -0.00064379             0.04703755             0.34554793            -0.06093879             0.09135650            -1.70027942             2.60302086
      1.683449               0.00024738            -0.00072783             0.70639197            -0.27148545             0.45831402            -0.29799956            -2.74603469
      0.733757              -0.00008118             0.00102976             0.25335911            -0.10138944            -0.19726740             1.70719425             0.71954394
      0.110207               0.00001615            -0.00007020             0.00658749             0.71212180            -1.30310157            -0.65600053             1.53198225
      0.038786              -0.00001233             0.00007090            -0.00044247             0.34613175             0.87975568            -0.31924524            -3.06314771
      0.015514               0.00000452            -0.00002454             0.00072338             0.07198709             0.57310889             0.61772456             2.02100706
Cu    P
   9713.253                  0.00039987            -0.00014879             0.00005053            -0.00015878             0.00012679            -0.00022000
   2300.889                  0.00210157            -0.00078262             0.00026719            -0.00085359             0.00068397            -0.00104834
    746.7706                 0.01001097            -0.00376229             0.00127718            -0.00399919             0.00320291            -0.00581612
    284.6806                 0.03836039            -0.01457968             0.00499760            -0.01608092             0.01301351            -0.01983336
    119.9999                 0.11626756            -0.04571093             0.01561376            -0.04924864             0.04021371            -0.07638917
     54.07386                0.25899831            -0.10593013             0.03689701            -0.12165679             0.10150109            -0.15366480
     25.37321                0.38428226            -0.16836228             0.05796469            -0.17713367             0.13700954            -0.28449754
     12.20962                0.29911210            -0.10373213             0.03791966            -0.14448197             0.10628972             0.10206373
      5.757421               0.08000672             0.21083155            -0.11706499             0.64743311            -0.83390265             1.55100061
      2.673402               0.00319440             0.48916443            -0.20912257             0.54797692             0.14412002            -1.84574442
      1.186835               0.00147252             0.38468638            -0.05800532            -0.78180321             0.98301239             0.10057714
      0.481593              -0.00023391             0.08529338             0.16430736            -0.52607778            -0.52956418             1.39430453
      0.192637               0.00020761            -0.00161045             0.52885466             0.22437177            -0.75303984            -1.12548146
      0.077055              -0.00008963             0.00206530             0.37373016             0.33392453             0.44288700            -0.18571375
      0.030822               0.00002783            -0.00064175             0.08399866             0.14446374             0.57511589             0.70628395
Cu    D
    249.3497                 0.00134561            -0.00158359             0.00191116            -0.00316569
     74.63837                0.01080983            -0.01281116             0.01772495            -0.03710740
     28.37641                0.04733793            -0.05642679             0.07056381            -0.12591409
     11.94893                0.13772582            -0.16641393             0.22906101            -0.49360952
      5.317646               0.26263833            -0.35106014             0.43938511            -0.16251663
      2.364417               0.33470401            -0.23717890            -0.26739908             1.00715586
      1.012386               0.31000597             0.21994641            -0.62590624            -0.32192167
      0.406773               0.21316819             0.48841363             0.12211340            -0.61072690
      0.147331               0.07865365             0.29537131             0.53683629             0.39038140
      0.058932               0.00603096             0.04295539             0.19750055             0.37334893
Cu    F
     15.4333                 0.03682063            -0.06200336             0.13301012
      6.1172                 0.24591418            -0.52876669             0.74591931
      2.4246                 0.50112688            -0.29078386            -0.67622545
      0.9610                 0.35850648             0.52124157            -0.31278443
      0.3809                 0.14728062             0.37532205             0.60308069
      0.1510                 0.02564748             0.10659798             0.26056742
Cu    G
      8.7286                 0.16903848            -0.45244412
      3.4308                 0.60654185            -0.42317767
      1.3485                 0.37979899             0.61107957
      0.5300                 0.10367757             0.39786263
Cu    H
      4.2885                 0.69861274
      1.6856                 0.445143741
    ''')},
    verbose = 4, unit = 'angstrom', symmetry = 1, spin = 0, charge = 2)
mf = scf.RHF(mol)
mf.max_cycle = 500
mf.chkfile = 'cu2o2_{}_HF.chk'.format(f)
mf.kernel()
myocc(mf)
mf.analyze()
#tools.molden.from_mo(mol, f'cu2o2_{f}.molden', mf.mo_coeff)

# shciscf
norbAct = 32
nelecAct = 28
mc = shci.SHCISCF(mf, norbAct, nelecAct)
mc.chkfile = 'cu2o2_{}_SHCISCF.chk'.format(f)
#
# for icpt integrals uncomment the following and comment out the mc calculation, FCIDUMP generation, etc.
#chkfile = f'{n}_SHCISCF.chk'
#mc.__dict__.update(lib.chkfile.load(chkfile, 'mcscf'))
#
# active space: Cu 3d, 4d; O 2p, 3p
mo = mc.sort_mo_by_irrep({'Ag': 6,'B1u': 4,'B2u': 4, 'B3g': 4, 'B3u': 6, 'B2g': 2, 'B1g': 4, 'Au': 2},
    {'Ag': 7,'B1u': 2,'B2u': 4, 'B3g': 0, 'B3u': 5,'B2g': 2, 'B1g': 2, 'Au': 0})
#
mc.fcisolver.sweep_iter = [0, 3, 6]
mc.fcisolver.sweep_epsilon = [1e-3, 5e-4, 1e-4]
mc.fcisolver.nPTiter = 0
#mc.max_cycle_macro = 20
#mc.internal_rotation = True
mc.fcisolver.nPTiter = 0  # Turns off PT calculation, i.e. no PTRDM.
#mc.fcisolver.mpiprefix = "mpirun -np 24"
#mc.fcisolver.prefix = "/rc_scratch/anma2640/cu2o2/"
mc.mc1step(mo)[0]

tools.molden.from_mo(mol, 'cu2o2_{}.molden'.format(f), mc.mo_coeff)
# prep nevpt

norbFrozen = 12
norbCore = 22

fileh = open("moEne.txt", 'w')
for i in range(mol.nao - norbFrozen):
  fileh.write('%.12e\n'%(mc.mo_energy[i + norbFrozen]))
fileh.close()

tools.fcidump.from_mc(mc, 'FCIDUMP_all_orbs', nFrozen = norbFrozen)

# active space integrals for dice calculation
mo_core = mc.mo_coeff[:,:norbCore]
mo_rest = mc.mo_coeff[:,norbCore:norbCore + norbAct]
core_dm = 2 * mo_core.dot(mo_core.T)
corevhf = mc.get_veff(mol, core_dm)
energy_core = mol.energy_nuc()
energy_core += np.einsum('ij,ji', core_dm, mc.get_hcore())
energy_core += np.einsum('ij,ji', core_dm, corevhf) * .5
h1eff = mo_rest.T.dot(mc.get_hcore() + corevhf).dot(mo_rest)
eri = ao2mo.kernel(mol, mo_rest)
tools.fcidump.from_integrals('FCIDUMP', h1eff, eri, norbAct, nelecAct, energy_core)

#this is the scratch file for writing potentially larger integral files
#intfolder = "int/"
#os.system("mkdir -p "+intfolder)
##
#
#dm2a = np.zeros((norb, norb, norb, norb))
#file2pdm = "spatialRDM.0.0.txt"
#file2pdm = file2pdm.encode()  # .encode for python3 compatibility
#shci.r2RDM(dm2a, norb, file2pdm)
#dm1 = np.einsum('ikjj->ki', dm2a)
#dm1 /= (nelec - 1)
##dm1, dm2a = mc.fcisolver.make_rdm12(0, mc.ncas, mc.nelecas)
#dm2 = np.einsum('ijkl->ikjl', dm2a)
##
#np.save(intfolder+"E2.npy", np.asfortranarray(dm2))
#np.save(intfolder+"E1.npy", np.asfortranarray(dm1))
##
#print ("trace of 2rdm", np.einsum('ijij',dm2))
#print ("trace of 1rdm", np.einsum('ii',dm1))
##
#E1eff = dm1 #for state average
#nev.writeNEVPTIntegrals(mc, dm1, dm2, E1eff, norbFrozen, intfolder)
#nev.write_ic_inputs(mc.nelecas[0]+mc.nelecas[1], mc.ncore, mc.ncas, norbFrozen, mc.nelecas[0]-mc.nelecas[1],
#                   'NEVPT2')
#INFO: ******************** input file end ********************


System: ('Linux', 'compute-0-23.local', '2.6.32-504.16.2.el6.x86_64', '#1 SMP Wed Apr 22 06:48:29 UTC 2015', 'x86_64', 'x86_64')  Threads 16
Python 2.7.15 |Anaconda, Inc.| (default, May  1 2018, 23:32:55) 
[GCC 7.2.0]
numpy 1.15.1  scipy 1.1.0
Date: Wed Jul  1 04:41:27 2020
PySCF version 1.7.1
PySCF path  /home/nsb37/pyscf/pyscf
GIT ORIG_HEAD f9a419e89c2fa6ea63cd0445a6fc1dde4109b47b
GIT HEAD      ref: refs/heads/master
GIT master branch  97008722ba492c9d60fa46535f156620355ae933

[CONFIG] conf_file None
[INPUT] verbose = 4
[INPUT] num. atoms = 4
[INPUT] num. electrons = 72
[INPUT] charge = 2
[INPUT] spin (= nelec alpha-beta = 2S) = 0
[INPUT] symmetry 1 subgroup None
[INPUT] Mole.unit = angstrom
[INPUT]  1 Cu    -1.480000000000   0.000000000000   0.000000000000 AA   -2.796794664356   0.000000000000   0.000000000000 Bohr
[INPUT]  2 Cu     1.480000000000   0.000000000000   0.000000000000 AA    2.796794664356   0.000000000000   0.000000000000 Bohr
[INPUT]  3 O      0.000000000000   1.060000000000   0.000000000000 AA    0.000000000000   2.003109692039   0.000000000000 Bohr
[INPUT]  4 O      0.000000000000  -1.060000000000   0.000000000000 AA    0.000000000000  -2.003109692039   0.000000000000 Bohr

nuclear repulsion = 436.082931621825
point group symmetry = D2h
num. orbitals of irrep Ag = 58
num. orbitals of irrep B1g = 36
num. orbitals of irrep B2g = 30
num. orbitals of irrep B3g = 26
num. orbitals of irrep Au = 20
num. orbitals of irrep B1u = 36
num. orbitals of irrep B2u = 45
num. orbitals of irrep B3u = 49
number of shells = 22
number of NR pGTOs = 632
number of NR cGTOs = 300
basis = {'Cu': [[0, [9148883.0, 0.00011722, -3.675e-05, 1.383e-05, -2.71e-06, 3.46e-06, -1.401e-05, 1.043e-05], [1369956.0, 0.00033155, -0.00010403, 3.914e-05, -7.66e-06, 9.79e-06, -3.959e-05, 2.948e-05], [311782.6, 0.00088243, -0.00027733, 0.00010439, -2.047e-05, 2.626e-05, -0.00010612, 7.887e-05], [88318.8, 0.00217229, -0.00068417, 0.00025745, -5.03e-05, 6.392e-05, -0.000259, 0.00019337], [28815.53, 0.00529547, -0.00167686, 0.00063203, -0.00012442, 0.00016087, -0.00064865, 0.00048021], [10403.46, 0.0129663, -0.0041346, 0.00155718, -0.00030269, 0.00038023, -0.0015477, 0.00116372], [4057.791, 0.0318805, -0.01035127, 0.00391659, -0.00077628, 0.00101716, -0.00408342, 0.00300351], [1682.974, 0.07576569, -0.02534791, 0.00959476, -0.0018524, 0.00229152, -0.00940206, 0.00715331], [733.7543, 0.16244637, -0.05836947, 0.02238837, -0.0044827, 0.00597497, -0.02389117, 0.01749], [333.2677, 0.28435959, -0.11673284, 0.04528606, -0.00866024, 0.01044695, -0.04359832, 0.03399715], [156.4338, 0.34173643, -0.1846686, 0.07498378, -0.01544726, 0.02151583, -0.08588857, 0.06315941], [74.69721, 0.20955087, -0.14700899, 0.0618817, -0.01089864, 0.01030128, -0.04734865, 0.04023075], [33.32262, 0.03544751, 0.18483257, -0.09047327, 0.01467867, -0.00984324, 0.06382592, -0.0781808], [16.62237, -0.00243996, 0.56773609, -0.39288472, 0.09154122, -0.1429263, 0.59363541, -0.48734052], [8.20826, 0.0014699, 0.37956092, -0.35664956, 0.06330857, -0.05612707, 0.41506062, -0.33346978], [3.6094, -0.00064379, 0.04703755, 0.34554793, -0.06093879, 0.0913565, -1.70027942, 2.60302086], [1.683449, 0.00024738, -0.00072783, 0.70639197, -0.27148545, 0.45831402, -0.29799956, -2.74603469], [0.733757, -8.118e-05, 0.00102976, 0.25335911, -0.10138944, -0.1972674, 1.70719425, 0.71954394], [0.110207, 1.615e-05, -7.02e-05, 0.00658749, 0.7121218, -1.30310157, -0.65600053, 1.53198225], [0.038786, -1.233e-05, 7.09e-05, -0.00044247, 0.34613175, 0.87975568, -0.31924524, -3.06314771], [0.015514, 4.52e-06, -2.454e-05, 0.00072338, 0.07198709, 0.57310889, 0.61772456, 2.02100706]], [1, [9713.253, 0.00039987, -0.00014879, 5.053e-05, -0.00015878, 0.00012679, -0.00022], [2300.889, 0.00210157, -0.00078262, 0.00026719, -0.00085359, 0.00068397, -0.00104834], [746.7706, 0.01001097, -0.00376229, 0.00127718, -0.00399919, 0.00320291, -0.00581612], [284.6806, 0.03836039, -0.01457968, 0.0049976, -0.01608092, 0.01301351, -0.01983336], [119.9999, 0.11626756, -0.04571093, 0.01561376, -0.04924864, 0.04021371, -0.07638917], [54.07386, 0.25899831, -0.10593013, 0.03689701, -0.12165679, 0.10150109, -0.1536648], [25.37321, 0.38428226, -0.16836228, 0.05796469, -0.17713367, 0.13700954, -0.28449754], [12.20962, 0.2991121, -0.10373213, 0.03791966, -0.14448197, 0.10628972, 0.10206373], [5.757421, 0.08000672, 0.21083155, -0.11706499, 0.64743311, -0.83390265, 1.55100061], [2.673402, 0.0031944, 0.48916443, -0.20912257, 0.54797692, 0.14412002, -1.84574442], [1.186835, 0.00147252, 0.38468638, -0.05800532, -0.78180321, 0.98301239, 0.10057714], [0.481593, -0.00023391, 0.08529338, 0.16430736, -0.52607778, -0.52956418, 1.39430453], [0.192637, 0.00020761, -0.00161045, 0.52885466, 0.22437177, -0.75303984, -1.12548146], [0.077055, -8.963e-05, 0.0020653, 0.37373016, 0.33392453, 0.442887, -0.18571375], [0.030822, 2.783e-05, -0.00064175, 0.08399866, 0.14446374, 0.57511589, 0.70628395]], [2, [249.3497, 0.00134561, -0.00158359, 0.00191116, -0.00316569], [74.63837, 0.01080983, -0.01281116, 0.01772495, -0.0371074], [28.37641, 0.04733793, -0.05642679, 0.07056381, -0.12591409], [11.94893, 0.13772582, -0.16641393, 0.22906101, -0.49360952], [5.317646, 0.26263833, -0.35106014, 0.43938511, -0.16251663], [2.364417, 0.33470401, -0.2371789, -0.26739908, 1.00715586], [1.012386, 0.31000597, 0.21994641, -0.62590624, -0.32192167], [0.406773, 0.21316819, 0.48841363, 0.1221134, -0.6107269], [0.147331, 0.07865365, 0.29537131, 0.53683629, 0.3903814], [0.058932, 0.00603096, 0.04295539, 0.19750055, 0.37334893]], [3, [15.4333, 0.03682063, -0.06200336, 0.13301012], [6.1172, 0.24591418, -0.52876669, 0.74591931], [2.4246, 0.50112688, -0.29078386, -0.67622545], [0.961, 0.35850648, 0.52124157, -0.31278443], [0.3809, 0.14728062, 0.37532205, 0.60308069], [0.151, 0.02564748, 0.10659798, 0.26056742]], [4, [8.7286, 0.16903848, -0.45244412], [3.4308, 0.60654185, -0.42317767], [1.3485, 0.37979899, 0.61107957], [0.53, 0.10367757, 0.39786263]], [5, [4.2885, 0.69861274], [1.6856, 0.445143741]]], 'O': [[0, [105374.95, 0.00012386, -2.815e-05, 2.616e-05, -5.058e-05, 5.196e-05], [15679.24, 0.00051201, -0.0001163, 0.00010748, -0.00020024, 0.00019612], [3534.5447, 0.00215291, -0.00049092, 0.00045972, -0.00091952, 0.00099303], [987.36516, 0.00852844, -0.00194616, 0.00179555, -0.0032024, 0.00297658], [315.97875, 0.03018049, -0.0070053, 0.00667574, -0.01359974, 0.01564071], [111.65428, 0.09099702, -0.02167814, 0.02053445, -0.03392296, 0.03231923], [42.699451, 0.21779364, -0.05641213, 0.05828602, -0.11685462, 0.16012253], [17.395596, 0.36862457, -0.1127053, 0.12129691, -0.14040275, 0.15386867], [7.438309, 0.33667073, -0.15891197, 0.22641475, -0.47546666, 0.938863], [3.222862, 0.0965763, -0.03355083, -0.042387, 0.83350096, -3.16442722], [1.253877, 0.00214452, 0.35319028, -1.01045538, 1.30186138, 2.94545392], [0.495155, 0.00119435, 0.55341993, -0.15386868, -2.48175844, -0.46724256], [0.191665, 0.00053902, 0.23018391, 0.9934532, 0.81134659, -1.59503813], [0.067083, 0.00021034, 0.01127267, 0.18587254, 0.58210417, 1.34403482]], [1, [200.0, 0.0009173, -0.00087213, 0.00129603, -0.00195602], [46.533367, 0.00737714, -0.00706424, 0.01151279, -0.02399585], [14.621809, 0.03483515, -0.03330489, 0.0515912, -0.09118427], [5.313064, 0.1144397, -0.11441275, 0.20459407, -0.52863388], [2.102525, 0.25549664, -0.29901068, 0.55019345, -0.38198314], [0.850223, 0.37225574, -0.31986054, -0.14872038, 1.44198816], [0.337597, 0.33233149, 0.205509, -0.89690085, -0.67366146], [0.128892, 0.14008479, 0.59359268, 0.24707597, -0.6649695], [0.045112, 0.02395784, 0.28229027, 0.64443405, 0.82977107]], [2, [3.75, 0.13609758, -0.39151953, 0.95199748], [1.3125, 0.51401475, -0.62262728, -0.67736624], [0.459375, 0.47407125, 0.72160073, -0.34608569], [0.160781, 0.08166905, 0.31870103, 0.81524547]], [3, [2.35, 0.33460642, -0.83677707], [0.94, 0.56136672, 0.1072197], [0.376, 0.29572786, 0.72955061]], [4, [1.175, 0.89524901], [0.47, 0.166642351]]]}
ecp = {}
CPU time:         0.33


******** <class 'pyscf.scf.hf_symm.SymAdaptedRHF'> ********
method = SymAdaptedRHF-RHF
initial guess = minao
damping factor = 0
level_shift factor = 0
DIIS = <class 'pyscf.scf.diis.CDIIS'>
diis_start_cycle = 1
diis_space = 8
SCF conv_tol = 1e-09
SCF conv_tol_grad = None
SCF max_cycles = 500
direct_scf = True
direct_scf_tol = 1e-13
chkfile to save SCF result = cu2o2_0.2_HF.chk
max_memory 4000 MB (current use 64 MB)
Freeze 0 electrons in irreps []
    72 free electrons in irreps Ag B1g B2g B3g Au B1u B2u B3u
Set gradient conv threshold to 3.16228e-05
init E= -3411.93304622948
HOMO (Ag) = -0.309867575256705  LUMO (B2u) = -0.24769815460172
cycle= 1 E= -3410.14691160743  delta_E= 1.79  |g|= 3.95  |ddm|= 3.68
HOMO (B3g) = -0.835210503902005  LUMO (B1g) = -0.711326511021488
cycle= 2 E= -3408.75698353372  delta_E= 1.39  |g|= 6.42  |ddm|=  3.2
HOMO (B2u) = -0.999939822921503  LUMO (B1g) = -0.624872575671426
cycle= 3 E= -3411.37701721729  delta_E= -2.62  |g|= 0.365  |ddm|= 1.78
HOMO (B2u) = -0.941474790131512  LUMO (B1g) = -0.535169260392961
cycle= 4 E= -3411.39246602333  delta_E= -0.0154  |g|= 0.0902  |ddm|= 0.224
HOMO (B2u) = -0.93718502461696  LUMO (B1g) = -0.534233244637738
cycle= 5 E= -3411.39411362354  delta_E= -0.00165  |g|= 0.0412  |ddm|= 0.0799
HOMO (B2u) = -0.93177177918149  LUMO (B1g) = -0.532066974438782
cycle= 6 E= -3411.39449467276  delta_E= -0.000381  |g|= 0.0169  |ddm|= 0.0394
HOMO (B2u) = -0.93056079006284  LUMO (B1g) = -0.533194155592426
cycle= 7 E= -3411.39459946537  delta_E= -0.000105  |g|= 0.00948  |ddm|= 0.0267
HOMO (B2u) = -0.929394340661488  LUMO (B1g) = -0.533252888003147
cycle= 8 E= -3411.39462597803  delta_E= -2.65e-05  |g|= 0.00153  |ddm|= 0.015
HOMO (B2u) = -0.929189708015582  LUMO (B1g) = -0.533359421657709
cycle= 9 E= -3411.39462723955  delta_E= -1.26e-06  |g|= 0.000318  |ddm|= 0.00353
HOMO (B2u) = -0.929112736273243  LUMO (B1g) = -0.533371556561402
cycle= 10 E= -3411.39462730693  delta_E= -6.74e-08  |g|= 0.000133  |ddm|= 0.000984
HOMO (B2u) = -0.929114839199184  LUMO (B1g) = -0.533379181768594
cycle= 11 E= -3411.39462731016  delta_E= -3.23e-09  |g|= 2.25e-05  |ddm|= 0.000163
HOMO (B2u) = -0.929112872895151  LUMO (B1g) = -0.533382430989402
cycle= 12 E= -3411.39462731061  delta_E= -4.43e-10  |g|= 2.46e-05  |ddm|= 6.96e-05
HOMO (B2u) = -0.929111773156491  LUMO (B1g) = -0.533383105526216
Extra cycle  E= -3411.39462731068  delta_E= -7.82e-11  |g|= 2.91e-05  |ddm|= 2.63e-05
converged SCF energy = -3411.39462731068
Ag, double-occ = 10, single-occ = 0
B1g, double-occ = 3, single-occ = 0
B2g, double-occ = 3, single-occ = 0
B3g, double-occ = 2, single-occ = 0
Au, double-occ = 1, single-occ = 0
B1u, double-occ = 4, single-occ = 0
B2u, double-occ = 5, single-occ = 0
B3u, double-occ = 8, single-occ = 0
**** SCF Summaries ****
Total Energy =                       -3411.394627310684427
Nuclear Repulsion Energy =             436.082931621825480
One-electron Energy =                -5599.743515924456005
Two-electron Energy =                 1752.265956991946268
Wave-function symmetry = Ag
occupancy for each irrep:     Ag  B1g  B2g  B3g   Au  B1u  B2u  B3u
                              10    3    3    2    1    4    5    8
**** MO energy ****
MO #1 (B3u #1), energy= -325.742624906591 occ= 2
MO #2 (Ag #1), energy= -325.741897954377 occ= 2
MO #3 (B3u #2), energy= -41.091989462571 occ= 2
MO #4 (Ag #2), energy= -41.0912499746515 occ= 2
MO #5 (B2u #1), energy= -36.2682490173631 occ= 2
MO #6 (B1g #1), energy= -36.2682419152308 occ= 2
MO #7 (B3u #3), energy= -36.2672750402017 occ= 2
MO #8 (Ag #3), energy= -36.2672114518051 occ= 2
MO #9 (B2g #1), energy= -36.251185418771 occ= 2
MO #10 (B1u #1), energy= -36.251145904811 occ= 2
MO #11 (Ag #4), energy= -21.1031332463622 occ= 2
MO #12 (B2u #2), energy= -21.1030683123119 occ= 2
MO #13 (B3u #4), energy= -5.63590567420459 occ= 2
MO #14 (Ag #5), energy= -5.63572536258335 occ= 2
MO #15 (Ag #6), energy= -4.00613127206799 occ= 2
MO #16 (B3u #5), energy= -4.00567243291968 occ= 2
MO #17 (B2u #3), energy= -4.00446013241992 occ= 2
MO #18 (B1g #2), energy= -4.00405583097556 occ= 2
MO #19 (B1u #2), energy= -3.99266086116131 occ= 2
MO #20 (B2g #2), energy= -3.99266031143787 occ= 2
MO #21 (Ag #7), energy= -1.76951930713863 occ= 2
MO #22 (B2u #4), energy= -1.6965103588909 occ= 2
MO #23 (Ag #8), energy= -1.23092305535081 occ= 2
MO #24 (B3u #6), energy= -1.21538007020017 occ= 2
MO #25 (B1u #3), energy= -1.1959838262014 occ= 2
MO #26 (B3g #1), energy= -1.18422985565921 occ= 2
MO #27 (Au #1), energy= -1.17714643141239 occ= 2
MO #28 (B2g #3), energy= -1.17619818970202 occ= 2
MO #29 (B3u #7), energy= -1.17614751749603 occ= 2
MO #30 (Ag #9), energy= -1.15910445560176 occ= 2
MO #31 (B1g #3), energy= -1.07675738325331 occ= 2
MO #32 (B1u #4), energy= -1.00657151789453 occ= 2
MO #33 (B3u #8), energy= -0.977522218388094 occ= 2
MO #34 (B3g #2), energy= -0.969105753798859 occ= 2
MO #35 (Ag #10), energy= -0.94080975169021 occ= 2
MO #36 (B2u #5), energy= -0.929111773156491 occ= 2
MO #37 (B1g #4), energy= -0.533383105526216 occ= 0
MO #38 (B2u #6), energy= -0.467481286806236 occ= 0
MO #39 (Ag #11), energy= -0.377105241514199 occ= 0
MO #40 (B3u #9), energy= -0.345704597740455 occ= 0
MO #41 (B1u #5), energy= -0.248058428345416 occ= 0
MO #42 (B2g #4), energy= -0.238299685470864 occ= 0
MO #43 (B2u #7), energy= -0.227458839806959 occ= 0
MO #44 (Ag #12), energy= -0.193111890132418 occ= 0
MO #45 (B1g #5), energy= -0.174615883510114 occ= 0
MO #46 (Ag #13), energy= -0.151189314486267 occ= 0
MO #47 (B3u #10), energy= -0.145404024659698 occ= 0
MO #48 (Ag #14), energy= -0.0700569145317492 occ= 0
MO #49 (B3g #3), energy= -0.0603102371498566 occ= 0
MO #50 (B3u #11), energy= -0.046645164311769 occ= 0
MO #51 (B2u #8), energy= -0.0421299393135129 occ= 0
MO #52 (B1u #6), energy= -0.0118797609542459 occ= 0
MO #53 (B3u #12), energy= 0.0265114942093572 occ= 0
MO #54 (B1u #7), energy= 0.063016456833299 occ= 0
MO #55 (B2g #5), energy= 0.0958692615384558 occ= 0
MO #56 (B2u #9), energy= 0.127775474616453 occ= 0
MO #57 (B1g #6), energy= 0.144075231611127 occ= 0
MO #58 (Au #2), energy= 0.154559557464794 occ= 0
MO #59 (B1g #7), energy= 0.201905479424774 occ= 0
MO #60 (Ag #15), energy= 0.203722948644111 occ= 0
MO #61 (Ag #16), energy= 0.22383772459864 occ= 0
MO #62 (B1u #8), energy= 0.273258929930495 occ= 0
MO #63 (B3u #13), energy= 0.297558373751236 occ= 0
MO #64 (B2u #10), energy= 0.327309046617688 occ= 0
MO #65 (B2g #6), energy= 0.33677187793745 occ= 0
MO #66 (B3g #4), energy= 0.364618019198548 occ= 0
MO #67 (Ag #17), energy= 0.370097574259914 occ= 0
MO #68 (B3u #14), energy= 0.408182895970517 occ= 0
MO #69 (Ag #18), energy= 0.411222125903956 occ= 0
MO #70 (B3u #15), energy= 0.625484116445807 occ= 0
MO #71 (B2u #11), energy= 0.627254716998863 occ= 0
MO #72 (Ag #19), energy= 0.673845160407736 occ= 0
MO #73 (Ag #20), energy= 0.718429530068692 occ= 0
MO #74 (B1g #8), energy= 0.758418612252296 occ= 0
MO #75 (B1u #9), energy= 0.759165876166182 occ= 0
MO #76 (Au #3), energy= 0.779374986130662 occ= 0
MO #77 (B2u #12), energy= 0.800371290051979 occ= 0
MO #78 (B2g #7), energy= 0.828316070112023 occ= 0
MO #79 (B3g #5), energy= 0.845383107607898 occ= 0
MO #80 (B3u #16), energy= 0.867604497829242 occ= 0
MO #81 (Ag #21), energy= 0.888707746435733 occ= 0
MO #82 (B3g #6), energy= 0.932420371833312 occ= 0
MO #83 (B1u #10), energy= 0.992221385026331 occ= 0
MO #84 (B1g #9), energy= 1.06202782714313 occ= 0
MO #85 (B3u #17), energy= 1.20774816669718 occ= 0
MO #86 (B2u #13), energy= 1.20958097871286 occ= 0
MO #87 (B1u #11), energy= 1.25981196902381 occ= 0
MO #88 (B2g #8), energy= 1.30609550842932 occ= 0
MO #89 (B1g #10), energy= 1.30677404900962 occ= 0
MO #90 (Ag #22), energy= 1.40601614545458 occ= 0
MO #91 (B2u #14), energy= 1.53746854344852 occ= 0
MO #92 (B3u #18), energy= 1.54737391826769 occ= 0
MO #93 (B1u #12), energy= 1.58911643346327 occ= 0
MO #94 (B1g #11), energy= 1.61322512970244 occ= 0
MO #95 (B3g #7), energy= 1.63692817220989 occ= 0
MO #96 (Ag #23), energy= 1.63704935291737 occ= 0
MO #97 (B2g #9), energy= 1.6470156545002 occ= 0
MO #98 (Au #4), energy= 1.73459279186044 occ= 0
MO #99 (B2u #15), energy= 1.76287289594071 occ= 0
MO #100 (B3u #19), energy= 1.76406922456624 occ= 0
MO #101 (B2u #16), energy= 1.96780585898364 occ= 0
MO #102 (B3u #20), energy= 2.00927585006226 occ= 0
MO #103 (Ag #24), energy= 2.02427351275662 occ= 0
MO #104 (B1u #13), energy= 2.08324802085869 occ= 0
MO #105 (B1g #12), energy= 2.10400938863832 occ= 0
MO #106 (Au #5), energy= 2.15833342044851 occ= 0
MO #107 (B2u #17), energy= 2.25962805017821 occ= 0
MO #108 (B3g #8), energy= 2.36206789508527 occ= 0
MO #109 (B1u #14), energy= 2.36789948540801 occ= 0
MO #110 (Ag #25), energy= 2.38171970564601 occ= 0
MO #111 (B2g #10), energy= 2.41934676364164 occ= 0
MO #112 (B1u #15), energy= 2.43603174877949 occ= 0
MO #113 (Ag #26), energy= 2.47101549772203 occ= 0
MO #114 (B2g #11), energy= 2.532096379759 occ= 0
MO #115 (B1g #13), energy= 2.61399017490682 occ= 0
MO #116 (Ag #27), energy= 2.62991614772977 occ= 0
MO #117 (B3g #9), energy= 2.6413526799239 occ= 0
MO #118 (B2u #18), energy= 2.69482086502199 occ= 0
MO #119 (Au #6), energy= 2.73102775621356 occ= 0
MO #120 (B1g #14), energy= 2.74897879935124 occ= 0
MO #121 (B2u #19), energy= 2.75281071231404 occ= 0
MO #122 (Ag #28), energy= 2.81578578940542 occ= 0
MO #123 (B3g #10), energy= 2.84872638464171 occ= 0
MO #124 (B3u #21), energy= 2.89221492911607 occ= 0
MO #125 (B1u #16), energy= 2.89294441471663 occ= 0
MO #126 (B2g #12), energy= 3.03238070665589 occ= 0
MO #127 (B3u #22), energy= 3.13457782075665 occ= 0
MO #128 (Ag #29), energy= 3.1958527217825 occ= 0
MO #129 (B3u #23), energy= 3.2046966629412 occ= 0
MO #130 (B2u #20), energy= 3.21115186673625 occ= 0
MO #131 (B3u #24), energy= 3.38636421209555 occ= 0
MO #132 (Ag #30), energy= 3.38878034916197 occ= 0
MO #133 (Ag #31), energy= 3.46127596530732 occ= 0
MO #134 (B2u #21), energy= 3.47395072130263 occ= 0
MO #135 (B1u #17), energy= 3.48140773417464 occ= 0
MO #136 (B3g #11), energy= 3.52596916634628 occ= 0
MO #137 (B1g #15), energy= 3.57713091741284 occ= 0
MO #138 (Au #7), energy= 3.57772122413087 occ= 0
MO #139 (B2g #13), energy= 3.68734427181478 occ= 0
MO #140 (B3u #25), energy= 3.74933276417888 occ= 0
MO #141 (B1g #16), energy= 3.82042000445011 occ= 0
MO #142 (B3u #26), energy= 3.91997815725337 occ= 0
MO #143 (B2u #22), energy= 4.02875621217026 occ= 0
MO #144 (Ag #32), energy= 4.03695278268269 occ= 0
MO #145 (B1g #17), energy= 4.33505343640846 occ= 0
MO #146 (B2u #23), energy= 4.39354277616923 occ= 0
MO #147 (B3g #12), energy= 4.69954463868364 occ= 0
MO #148 (B3u #27), energy= 4.70108738370652 occ= 0
MO #149 (B2g #14), energy= 4.71164254602347 occ= 0
MO #150 (Ag #33), energy= 4.74570310757162 occ= 0
MO #151 (B1u #18), energy= 4.75774032996994 occ= 0
MO #152 (B1u #19), energy= 4.79143113580708 occ= 0
MO #153 (B2u #24), energy= 4.90745487546702 occ= 0
MO #154 (B1g #18), energy= 4.92766942755962 occ= 0
MO #155 (Au #8), energy= 4.93409038571237 occ= 0
MO #156 (Ag #34), energy= 4.95151573098223 occ= 0
MO #157 (B2g #15), energy= 4.9578193631668 occ= 0
MO #158 (B3u #28), energy= 4.96684311776208 occ= 0
MO #159 (Au #9), energy= 4.96818668913782 occ= 0
MO #160 (B3g #13), energy= 5.04517454915301 occ= 0
MO #161 (B2u #25), energy= 5.06539616570635 occ= 0
MO #162 (Ag #35), energy= 5.15643816127133 occ= 0
MO #163 (B1u #20), energy= 5.17070538018476 occ= 0
MO #164 (B1g #19), energy= 5.23449031609767 occ= 0
MO #165 (B2g #16), energy= 5.40988874664983 occ= 0
MO #166 (B2u #26), energy= 5.46112687172827 occ= 0
MO #167 (Ag #36), energy= 5.4695608473781 occ= 0
MO #168 (B1u #21), energy= 5.48328857284948 occ= 0
MO #169 (B3u #29), energy= 5.49606349632397 occ= 0
MO #170 (B3g #14), energy= 5.50815224168343 occ= 0
MO #171 (B3g #15), energy= 5.60588727774295 occ= 0
MO #172 (B2u #27), energy= 5.71211450447174 occ= 0
MO #173 (B2g #17), energy= 5.73597623585414 occ= 0
MO #174 (B1u #22), energy= 5.76374810814886 occ= 0
MO #175 (Au #10), energy= 5.76851148698706 occ= 0
MO #176 (Ag #37), energy= 5.77351260525545 occ= 0
MO #177 (B1g #20), energy= 5.77392724843609 occ= 0
MO #178 (B3g #16), energy= 5.87465846191166 occ= 0
MO #179 (Ag #38), energy= 5.88482452713935 occ= 0
MO #180 (Au #11), energy= 5.9006359179015 occ= 0
MO #181 (B3u #30), energy= 5.9527186705041 occ= 0
MO #182 (B1u #23), energy= 6.07726509468936 occ= 0
MO #183 (Ag #39), energy= 6.1177092640048 occ= 0
MO #184 (B1g #21), energy= 6.16842322508139 occ= 0
MO #185 (B3u #31), energy= 6.19680077285511 occ= 0
MO #186 (B3u #32), energy= 6.2565601926613 occ= 0
MO #187 (B2u #28), energy= 6.35415920101222 occ= 0
MO #188 (Ag #40), energy= 6.37949902941435 occ= 0
MO #189 (B2g #18), energy= 6.43151138364392 occ= 0
MO #190 (B1g #22), energy= 6.46128833767529 occ= 0
MO #191 (B2u #29), energy= 6.78601806499573 occ= 0
MO #192 (B1g #23), energy= 6.90193129270303 occ= 0
MO #193 (B2g #19), energy= 6.94150483842004 occ= 0
MO #194 (B2u #30), energy= 6.95349703827647 occ= 0
MO #195 (Au #12), energy= 7.00836827313897 occ= 0
MO #196 (B1u #24), energy= 7.03994404492181 occ= 0
MO #197 (B3g #17), energy= 7.08302734743968 occ= 0
MO #198 (B3u #33), energy= 7.42170511516772 occ= 0
MO #199 (Ag #41), energy= 7.45392860954571 occ= 0
MO #200 (B2u #31), energy= 7.59445337647496 occ= 0
MO #201 (B1u #25), energy= 7.76000795680613 occ= 0
MO #202 (Ag #42), energy= 7.8631368794705 occ= 0
MO #203 (B3u #34), energy= 7.91024133239209 occ= 0
MO #204 (Ag #43), energy= 8.0066001979688 occ= 0
MO #205 (B3u #35), energy= 8.13273453262354 occ= 0
MO #206 (Au #13), energy= 8.33280221785297 occ= 0
MO #207 (B2g #20), energy= 8.338868923974 occ= 0
MO #208 (B1g #24), energy= 8.35425324699334 occ= 0
MO #209 (B3g #18), energy= 8.40379545597533 occ= 0
MO #210 (B1u #26), energy= 8.41002104164736 occ= 0
MO #211 (Ag #44), energy= 8.49151930464891 occ= 0
MO #212 (B3g #19), energy= 8.61187761165409 occ= 0
MO #213 (B2u #32), energy= 8.8859713348054 occ= 0
MO #214 (B2u #33), energy= 8.958923100448 occ= 0
MO #215 (B3u #36), energy= 8.99858968387825 occ= 0
MO #216 (B1g #25), energy= 9.21859604131157 occ= 0
MO #217 (B1g #26), energy= 9.31515244749586 occ= 0
MO #218 (B3u #37), energy= 9.39949307819665 occ= 0
MO #219 (Ag #45), energy= 9.75686322987008 occ= 0
MO #220 (B2u #34), energy= 9.7832332608706 occ= 0
MO #221 (B1u #27), energy= 9.94818860290885 occ= 0
MO #222 (Au #14), energy= 10.416134449729 occ= 0
MO #223 (B3g #20), energy= 10.5088092476597 occ= 0
MO #224 (B2g #21), energy= 10.5293253926391 occ= 0
MO #225 (Au #15), energy= 10.755763410015 occ= 0
MO #226 (B3u #38), energy= 10.8137866884461 occ= 0
MO #227 (Ag #46), energy= 10.8355013025379 occ= 0
MO #228 (Ag #47), energy= 11.0074265689422 occ= 0
MO #229 (B2u #35), energy= 11.1013919372648 occ= 0
MO #230 (B3g #21), energy= 11.2140490152667 occ= 0
MO #231 (Ag #48), energy= 11.5065935097049 occ= 0
MO #232 (B2g #22), energy= 11.549942054979 occ= 0
MO #233 (B1u #28), energy= 11.5954962739781 occ= 0
MO #234 (Ag #49), energy= 11.6828424307443 occ= 0
MO #235 (B3u #39), energy= 12.0282552726 occ= 0
MO #236 (B1u #29), energy= 12.0876070310318 occ= 0
MO #237 (B2u #36), energy= 12.1690460169387 occ= 0
MO #238 (B1g #27), energy= 12.2138236861704 occ= 0
MO #239 (B2u #37), energy= 12.3118471831824 occ= 0
MO #240 (B2g #23), energy= 12.5264850867853 occ= 0
MO #241 (B1g #28), energy= 12.8795993856445 occ= 0
MO #242 (B3u #40), energy= 13.2179829374549 occ= 0
MO #243 (Ag #50), energy= 13.8171349957944 occ= 0
MO #244 (B1g #29), energy= 13.8778468751062 occ= 0
MO #245 (B3u #41), energy= 14.2787018309812 occ= 0
MO #246 (B2u #38), energy= 14.3383543996261 occ= 0
MO #247 (B1u #30), energy= 16.6729316331112 occ= 0
MO #248 (B2g #24), energy= 16.7335858370813 occ= 0
MO #249 (B1g #30), energy= 16.7651833454391 occ= 0
MO #250 (B2u #39), energy= 16.8272752462468 occ= 0
MO #251 (B2g #25), energy= 16.8566962466125 occ= 0
MO #252 (B3u #42), energy= 16.8570069297764 occ= 0
MO #253 (B3g #22), energy= 16.8600018799121 occ= 0
MO #254 (B1u #31), energy= 16.8611281439668 occ= 0
MO #255 (Au #16), energy= 16.8627384569254 occ= 0
MO #256 (B1g #31), energy= 16.8637135625609 occ= 0
MO #257 (B2u #40), energy= 16.8665293925674 occ= 0
MO #258 (Ag #51), energy= 16.8688144033572 occ= 0
MO #259 (B1u #32), energy= 16.8759861772031 occ= 0
MO #260 (B3u #43), energy= 16.8767541731518 occ= 0
MO #261 (B2g #26), energy= 16.8775008491095 occ= 0
MO #262 (Ag #52), energy= 16.8779310341337 occ= 0
MO #263 (B2g #27), energy= 16.8959977490418 occ= 0
MO #264 (Au #17), energy= 16.8992772141161 occ= 0
MO #265 (B3g #23), energy= 16.9041677142334 occ= 0
MO #266 (B3u #44), energy= 16.911030750512 occ= 0
MO #267 (B1u #33), energy= 16.9111462734913 occ= 0
MO #268 (B1g #32), energy= 16.9171588812813 occ= 0
MO #269 (B2u #41), energy= 16.9255629774043 occ= 0
MO #270 (Ag #53), energy= 16.9323663276223 occ= 0
MO #271 (B1g #33), energy= 16.9551593296219 occ= 0
MO #272 (B2u #42), energy= 16.9591068531008 occ= 0
MO #273 (Au #18), energy= 17.5518285085415 occ= 0
MO #274 (B3g #24), energy= 17.5690097058663 occ= 0
MO #275 (B2g #28), energy= 17.5777245028199 occ= 0
MO #276 (B1u #34), energy= 17.703374329226 occ= 0
MO #277 (Ag #54), energy= 17.8801649743573 occ= 0
MO #278 (B3u #45), energy= 18.0906127807579 occ= 0
MO #279 (Ag #55), energy= 18.1565285651771 occ= 0
MO #280 (B3u #46), energy= 18.4564778201155 occ= 0
MO #281 (B2u #43), energy= 18.5729126900405 occ= 0
MO #282 (B1g #34), energy= 18.832336582918 occ= 0
MO #283 (Au #19), energy= 19.6055369757993 occ= 0
MO #284 (B3g #25), energy= 19.6381051239622 occ= 0
MO #285 (Ag #56), energy= 19.6450992117862 occ= 0
MO #286 (B3u #47), energy= 19.6928014082037 occ= 0
MO #287 (B2g #29), energy= 19.9081378910838 occ= 0
MO #288 (B1u #35), energy= 20.212142942845 occ= 0
MO #289 (B2u #44), energy= 20.3618448927744 occ= 0
MO #290 (Ag #57), energy= 20.3971562267998 occ= 0
MO #291 (B1g #35), energy= 20.6837094382476 occ= 0
MO #292 (B1u #36), energy= 20.7063498590789 occ= 0
MO #293 (B2g #30), energy= 20.7334204381312 occ= 0
MO #294 (B3g #26), energy= 20.9691935309542 occ= 0
MO #295 (B3u #48), energy= 20.9803191794354 occ= 0
MO #296 (Au #20), energy= 21.0489204795181 occ= 0
MO #297 (Ag #58), energy= 21.3022438687321 occ= 0
MO #298 (B2u #45), energy= 21.3922247082994 occ= 0
MO #299 (B3u #49), energy= 21.8551854868535 occ= 0
MO #300 (B1g #36), energy= 22.3552120116425 occ= 0
 ** Mulliken pop on meta-lowdin orthogonal AOs  **
 ** Mulliken pop  **
pop of  0 Cu 1s        1.99993
pop of  0 Cu 2s        1.99938
pop of  0 Cu 3s        1.99824
pop of  0 Cu 4s        0.18020
pop of  0 Cu 5s        0.00311
pop of  0 Cu 6s        0.00195
pop of  0 Cu 7s        0.00224
pop of  0 Cu 2px       1.99991
pop of  0 Cu 2py       1.99991
pop of  0 Cu 2pz       1.99992
pop of  0 Cu 3px       1.99982
pop of  0 Cu 3py       1.99964
pop of  0 Cu 3pz       1.99984
pop of  0 Cu 4px       0.00633
pop of  0 Cu 4py       0.00203
pop of  0 Cu 4pz       0.00155
pop of  0 Cu 5px       0.00089
pop of  0 Cu 5py       0.00082
pop of  0 Cu 5pz       0.00041
pop of  0 Cu 6px       0.00038
pop of  0 Cu 6py       0.00064
pop of  0 Cu 6pz       0.00069
pop of  0 Cu 7px       0.00053
pop of  0 Cu 7py       0.00014
pop of  0 Cu 7pz       0.00013
pop of  0 Cu 3dxy      1.26915
pop of  0 Cu 3dyz      1.99221
pop of  0 Cu 3dz^2     1.98837
pop of  0 Cu 3dxz      1.99235
pop of  0 Cu 3dx2-y2    1.99031
pop of  0 Cu 4dxy      0.00031
pop of  0 Cu 4dyz      0.00492
pop of  0 Cu 4dz^2     0.00344
pop of  0 Cu 4dxz      0.00422
pop of  0 Cu 4dx2-y2    0.00559
pop of  0 Cu 5dxy      0.00099
pop of  0 Cu 5dyz      0.00154
pop of  0 Cu 5dz^2     0.00140
pop of  0 Cu 5dxz      0.00133
pop of  0 Cu 5dx2-y2    0.00122
pop of  0 Cu 6dxy      0.00030
pop of  0 Cu 6dyz      0.00013
pop of  0 Cu 6dz^2     0.00020
pop of  0 Cu 6dxz      0.00014
pop of  0 Cu 6dx2-y2    0.00007
pop of  0 Cu 4fy^3     0.00016
pop of  0 Cu 4fxyz     0.00015
pop of  0 Cu 4fyz^2    0.00003
pop of  0 Cu 4fz^3     0.00008
pop of  0 Cu 4fxz^2    0.00006
pop of  0 Cu 4fzx^2    0.00003
pop of  0 Cu 4fx^3     0.00030
pop of  0 Cu 5fy^3     0.00008
pop of  0 Cu 5fxyz     0.00016
pop of  0 Cu 5fyz^2    0.00001
pop of  0 Cu 5fz^3     0.00008
pop of  0 Cu 5fxz^2    0.00005
pop of  0 Cu 5fzx^2    0.00005
pop of  0 Cu 5fx^3     0.00041
pop of  0 Cu 6fy^3     0.00000
pop of  0 Cu 6fxyz     0.00007
pop of  0 Cu 6fyz^2    0.00001
pop of  0 Cu 6fz^3     0.00005
pop of  0 Cu 6fxz^2    0.00016
pop of  0 Cu 6fzx^2    0.00007
pop of  0 Cu 6fx^3     0.00034
pop of  0 Cu 5g-4      0.00000
pop of  0 Cu 5g-3      0.00001
pop of  0 Cu 5g-2      0.00001
pop of  0 Cu 5g-1      0.00002
pop of  0 Cu 5g 0      0.00002
pop of  0 Cu 5g 1      0.00002
pop of  0 Cu 5g 2      0.00001
pop of  0 Cu 5g 3      0.00000
pop of  0 Cu 5g 4      0.00001
pop of  0 Cu 6g-4      0.00001
pop of  0 Cu 6g-3      0.00002
pop of  0 Cu 6g-2      0.00001
pop of  0 Cu 6g-1      0.00001
pop of  0 Cu 6g 0      0.00001
pop of  0 Cu 6g 1      0.00002
pop of  0 Cu 6g 2      0.00001
pop of  0 Cu 6g 3      0.00000
pop of  0 Cu 6g 4      0.00008
pop of  0 Cu 6h-5      0.00000
pop of  0 Cu 6h-4      0.00000
pop of  0 Cu 6h-3      0.00000
pop of  0 Cu 6h-2      0.00000
pop of  0 Cu 6h-1      0.00000
pop of  0 Cu 6h 0      0.00000
pop of  0 Cu 6h 1      0.00000
pop of  0 Cu 6h 2      0.00000
pop of  0 Cu 6h 3      0.00000
pop of  0 Cu 6h 4      0.00000
pop of  0 Cu 6h 5      0.00000
pop of  1 Cu 1s        1.99993
pop of  1 Cu 2s        1.99938
pop of  1 Cu 3s        1.99824
pop of  1 Cu 4s        0.18020
pop of  1 Cu 5s        0.00311
pop of  1 Cu 6s        0.00195
pop of  1 Cu 7s        0.00224
pop of  1 Cu 2px       1.99991
pop of  1 Cu 2py       1.99991
pop of  1 Cu 2pz       1.99992
pop of  1 Cu 3px       1.99982
pop of  1 Cu 3py       1.99964
pop of  1 Cu 3pz       1.99984
pop of  1 Cu 4px       0.00633
pop of  1 Cu 4py       0.00203
pop of  1 Cu 4pz       0.00155
pop of  1 Cu 5px       0.00089
pop of  1 Cu 5py       0.00082
pop of  1 Cu 5pz       0.00041
pop of  1 Cu 6px       0.00038
pop of  1 Cu 6py       0.00064
pop of  1 Cu 6pz       0.00069
pop of  1 Cu 7px       0.00053
pop of  1 Cu 7py       0.00014
pop of  1 Cu 7pz       0.00013
pop of  1 Cu 3dxy      1.26915
pop of  1 Cu 3dyz      1.99221
pop of  1 Cu 3dz^2     1.98837
pop of  1 Cu 3dxz      1.99235
pop of  1 Cu 3dx2-y2    1.99031
pop of  1 Cu 4dxy      0.00031
pop of  1 Cu 4dyz      0.00492
pop of  1 Cu 4dz^2     0.00344
pop of  1 Cu 4dxz      0.00422
pop of  1 Cu 4dx2-y2    0.00559
pop of  1 Cu 5dxy      0.00099
pop of  1 Cu 5dyz      0.00154
pop of  1 Cu 5dz^2     0.00140
pop of  1 Cu 5dxz      0.00133
pop of  1 Cu 5dx2-y2    0.00122
pop of  1 Cu 6dxy      0.00030
pop of  1 Cu 6dyz      0.00013
pop of  1 Cu 6dz^2     0.00020
pop of  1 Cu 6dxz      0.00014
pop of  1 Cu 6dx2-y2    0.00007
pop of  1 Cu 4fy^3     0.00016
pop of  1 Cu 4fxyz     0.00015
pop of  1 Cu 4fyz^2    0.00003
pop of  1 Cu 4fz^3     0.00008
pop of  1 Cu 4fxz^2    0.00006
pop of  1 Cu 4fzx^2    0.00003
pop of  1 Cu 4fx^3     0.00030
pop of  1 Cu 5fy^3     0.00008
pop of  1 Cu 5fxyz     0.00016
pop of  1 Cu 5fyz^2    0.00001
pop of  1 Cu 5fz^3     0.00008
pop of  1 Cu 5fxz^2    0.00005
pop of  1 Cu 5fzx^2    0.00005
pop of  1 Cu 5fx^3     0.00041
pop of  1 Cu 6fy^3     0.00000
pop of  1 Cu 6fxyz     0.00007
pop of  1 Cu 6fyz^2    0.00001
pop of  1 Cu 6fz^3     0.00005
pop of  1 Cu 6fxz^2    0.00016
pop of  1 Cu 6fzx^2    0.00007
pop of  1 Cu 6fx^3     0.00034
pop of  1 Cu 5g-4      0.00000
pop of  1 Cu 5g-3      0.00001
pop of  1 Cu 5g-2      0.00001
pop of  1 Cu 5g-1      0.00002
pop of  1 Cu 5g 0      0.00002
pop of  1 Cu 5g 1      0.00002
pop of  1 Cu 5g 2      0.00001
pop of  1 Cu 5g 3      0.00000
pop of  1 Cu 5g 4      0.00001
pop of  1 Cu 6g-4      0.00001
pop of  1 Cu 6g-3      0.00002
pop of  1 Cu 6g-2      0.00001
pop of  1 Cu 6g-1      0.00001
pop of  1 Cu 6g 0      0.00001
pop of  1 Cu 6g 1      0.00002
pop of  1 Cu 6g 2      0.00001
pop of  1 Cu 6g 3      0.00000
pop of  1 Cu 6g 4      0.00008
pop of  1 Cu 6h-5      0.00000
pop of  1 Cu 6h-4      0.00000
pop of  1 Cu 6h-3      0.00000
pop of  1 Cu 6h-2      0.00000
pop of  1 Cu 6h-1      0.00000
pop of  1 Cu 6h 0      0.00000
pop of  1 Cu 6h 1      0.00000
pop of  1 Cu 6h 2      0.00000
pop of  1 Cu 6h 3      0.00000
pop of  1 Cu 6h 4      0.00000
pop of  1 Cu 6h 5      0.00000
pop of  2 O 1s        1.99999
pop of  2 O 2s        1.90168
pop of  2 O 3s        0.00154
pop of  2 O 4s        0.00020
pop of  2 O 5s        0.00046
pop of  2 O 2px       1.38418
pop of  2 O 2py       1.22034
pop of  2 O 2pz       1.99108
pop of  2 O 3px       0.00147
pop of  2 O 3py       0.00334
pop of  2 O 3pz       0.00222
pop of  2 O 4px       0.00505
pop of  2 O 4py       0.00316
pop of  2 O 4pz       0.00092
pop of  2 O 5px       0.00113
pop of  2 O 5py       0.00052
pop of  2 O 5pz       0.00032
pop of  2 O 3dxy      0.00675
pop of  2 O 3dyz      0.00221
pop of  2 O 3dz^2     0.00236
pop of  2 O 3dxz      0.00004
pop of  2 O 3dx2-y2    0.00227
pop of  2 O 4dxy      0.00226
pop of  2 O 4dyz      0.00104
pop of  2 O 4dz^2     0.00074
pop of  2 O 4dxz      0.00037
pop of  2 O 4dx2-y2    0.00092
pop of  2 O 5dxy      0.00044
pop of  2 O 5dyz      0.00039
pop of  2 O 5dz^2     0.00011
pop of  2 O 5dxz      0.00021
pop of  2 O 5dx2-y2    0.00015
pop of  2 O 4fy^3     0.00028
pop of  2 O 4fxyz     0.00002
pop of  2 O 4fyz^2    0.00020
pop of  2 O 4fz^3     0.00038
pop of  2 O 4fxz^2    0.00032
pop of  2 O 4fzx^2    0.00012
pop of  2 O 4fx^3     0.00020
pop of  2 O 5fy^3     0.00009
pop of  2 O 5fxyz     0.00007
pop of  2 O 5fyz^2    0.00004
pop of  2 O 5fz^3     0.00018
pop of  2 O 5fxz^2    0.00009
pop of  2 O 5fzx^2    0.00018
pop of  2 O 5fx^3     0.00041
pop of  2 O 5g-4      0.00005
pop of  2 O 5g-3      0.00002
pop of  2 O 5g-2      0.00000
pop of  2 O 5g-1      0.00001
pop of  2 O 5g 0      0.00001
pop of  2 O 5g 1      0.00000
pop of  2 O 5g 2      0.00001
pop of  2 O 5g 3      0.00001
pop of  2 O 5g 4      0.00002
pop of  3 O 1s        1.99999
pop of  3 O 2s        1.90168
pop of  3 O 3s        0.00154
pop of  3 O 4s        0.00020
pop of  3 O 5s        0.00046
pop of  3 O 2px       1.38418
pop of  3 O 2py       1.22034
pop of  3 O 2pz       1.99108
pop of  3 O 3px       0.00147
pop of  3 O 3py       0.00334
pop of  3 O 3pz       0.00222
pop of  3 O 4px       0.00505
pop of  3 O 4py       0.00316
pop of  3 O 4pz       0.00092
pop of  3 O 5px       0.00113
pop of  3 O 5py       0.00052
pop of  3 O 5pz       0.00032
pop of  3 O 3dxy      0.00675
pop of  3 O 3dyz      0.00221
pop of  3 O 3dz^2     0.00236
pop of  3 O 3dxz      0.00004
pop of  3 O 3dx2-y2    0.00227
pop of  3 O 4dxy      0.00226
pop of  3 O 4dyz      0.00104
pop of  3 O 4dz^2     0.00074
pop of  3 O 4dxz      0.00037
pop of  3 O 4dx2-y2    0.00092
pop of  3 O 5dxy      0.00044
pop of  3 O 5dyz      0.00039
pop of  3 O 5dz^2     0.00011
pop of  3 O 5dxz      0.00021
pop of  3 O 5dx2-y2    0.00015
pop of  3 O 4fy^3     0.00028
pop of  3 O 4fxyz     0.00002
pop of  3 O 4fyz^2    0.00020
pop of  3 O 4fz^3     0.00038
pop of  3 O 4fxz^2    0.00032
pop of  3 O 4fzx^2    0.00012
pop of  3 O 4fx^3     0.00020
pop of  3 O 5fy^3     0.00009
pop of  3 O 5fxyz     0.00007
pop of  3 O 5fyz^2    0.00004
pop of  3 O 5fz^3     0.00018
pop of  3 O 5fxz^2    0.00009
pop of  3 O 5fzx^2    0.00018
pop of  3 O 5fx^3     0.00041
pop of  3 O 5g-4      0.00005
pop of  3 O 5g-3      0.00002
pop of  3 O 5g-2      0.00000
pop of  3 O 5g-1      0.00001
pop of  3 O 5g 0      0.00001
pop of  3 O 5g 1      0.00000
pop of  3 O 5g 2      0.00001
pop of  3 O 5g 3      0.00001
pop of  3 O 5g 4      0.00002
 ** Mulliken atomic charges  **
charge of  0Cu =      1.54054
charge of  1Cu =      1.54054
charge of  2O =     -0.54054
charge of  3O =     -0.54054
Dipole moment(X, Y, Z, Debye):  0.00000, -0.00000,  0.00000
ncore for each irreps {'B1g': 2, 'Ag': 7, 'B3u': 5, 'B2u': 4, 'B1u': 2, 'Au': 0, 'B2g': 2, 'B3g': 0}
ncas for each irreps {'B1g': 4, 'Ag': 6, 'B3u': 6, 'B2u': 4, 'B1u': 4, 'Au': 2, 'B2g': 2, 'B3g': 4}
(0-based) caslst = [22 23 24 25 26 27 28 29 30 31 32 33 34 35 36 37 38 39 40 41 42 43 44 45
 46 48 49 50 51 56 57 65]

******** <class 'pyscf.mcscf.mc1step_symm.SymAdaptedCASSCF'> ********
CAS (14e+14e, 32o), ncore = 22, nvir = 246
max_cycle_macro = 50
max_cycle_micro = 4
conv_tol = 1e-07
conv_tol_grad = None
orbital rotation max_stepsize = 0.02
augmented hessian ah_max_cycle = 30
augmented hessian ah_conv_tol = 1e-12
augmented hessian ah_linear dependence = 1e-14
augmented hessian ah_level shift = 0
augmented hessian ah_start_tol = 2.5
augmented hessian ah_start_cycle = 3
augmented hessian ah_grad_trust_region = 3
kf_trust_region = 3
kf_interval = 4
ci_response_space = 4
ci_grad_trust_region = 3
with_dep4 0
natorb = False
canonicalization = True
sorting_mo_energy = False
ao2mo_level = 2
chkfile = cu2o2_0.2_SHCISCF.chk
max_memory 4000 MB (current use 514 MB)
internal_rotation = False

******** SHCI flags ********
executable             = /home/nsb37/Dice_github/Dice
mpiprefix              = mpirun
scratchDirectory       = /scratch/nsb37/161291/TMPDIR/80213
integralFile           = ./FCIDUMP
configFile             = ./input.dat
outputFile             = ./output.dat
maxIter                = 6
sweep_iter             = [    0,    3,    6]
sweep_epsilon          = [0.001,0.0005,0.0001]
nPTiter                = 0
Stochastic             = True
restart                = False
fullrestart            = False
num_thrds              = 1
memory                 = None

Active space CI wfn symmetry = Ag
CASCI E = -3411.73658762008  S^2 = 0.0000000
Set conv_tol_grad to 0.000316228
macro iter 1 (21 JK  4 micro), CASSCF E = -3411.85508201132  dE = -0.11849439  S^2 = 0.0000000
               |grad[o]|=0.272  |grad[c]|= None  |ddm|=0.0902
macro iter 2 (21 JK  4 micro), CASSCF E = -3411.98258314742  dE = -0.12750114  S^2 = 0.0000000
               |grad[o]|=0.132  |grad[c]|= None  |ddm|=0.0691
macro iter 3 (21 JK  4 micro), CASSCF E = -3412.09563557453  dE = -0.11305243  S^2 = 0.0000000
               |grad[o]|=0.116  |grad[c]|= None  |ddm|=0.0451
macro iter 4 (21 JK  4 micro), CASSCF E = -3412.16192513515  dE = -0.066289561  S^2 = 0.0000000
               |grad[o]|=0.0698  |grad[c]|= None  |ddm|=0.0349
macro iter 5 (21 JK  4 micro), CASSCF E = -3412.20499570028  dE = -0.043070565  S^2 = 0.0000000
               |grad[o]|=0.0557  |grad[c]|= None  |ddm|=0.0279
macro iter 6 (20 JK  4 micro), CASSCF E = -3412.20861483689  dE = -0.0036191366  S^2 = 0.0000000
               |grad[o]|=0.0222  |grad[c]|= None  |ddm|=0.0136
macro iter 7 (20 JK  4 micro), CASSCF E = -3412.20872746101  dE = -0.00011262412  S^2 = 0.0000000
               |grad[o]|=0.00723  |grad[c]|= None  |ddm|=0.00365
macro iter 8 (24 JK  4 micro), CASSCF E = -3412.20874731038  dE = -1.9849371e-05  S^2 = 0.0000000
               |grad[o]|=0.00164  |grad[c]|= None  |ddm|=0.00098
macro iter 9 (24 JK  4 micro), CASSCF E = -3412.20875841985  dE = -1.1109466e-05  S^2 = 0.0000000
               |grad[o]|=0.0011  |grad[c]|= None  |ddm|=0.000525
macro iter 10 (9 JK  1 micro), CASSCF E = -3412.20875821027  dE = 2.0958032e-07  S^2 = 0.0000000
               |grad[o]|=0.000153  |grad[c]|= None  |ddm|=5.34e-05
macro iter 11 (7 JK  1 micro), CASSCF E = -3412.20875801207  dE = 1.9819527e-07  S^2 = 0.0000000
               |grad[o]|=7.38e-05  |grad[c]|= None  |ddm|=2.21e-05
macro iter 12 (3 JK  1 micro), CASSCF E = -3412.2087580552  dE = -4.3121418e-08  S^2 = 0.0000000
               |grad[o]|=3.86e-05  |grad[c]|= None  |ddm|=9.8e-06
1-step CASSCF converged in 12 macro (212 JK 39 micro) steps
CASSCF canonicalization
Density matrix diagonal elements [1.98573511 1.98907027 1.98956322 1.98965122 1.98939471 1.98888405
 1.98633209 1.98666212 1.87874388 1.97968053 1.93654717 1.97528837
 1.77288332 1.57230541 0.46655986 0.31381027 0.01240745 0.01530026
 0.02357162 0.01089378 0.00614975 0.00963676 0.02353804 0.00988424
 0.01249703 0.01382881 0.01427759 0.00694384 0.01419363 0.00548553
 0.01062594 0.0096542 ]
CASSCF energy = -3412.2087580552
CASCI E = -3412.2087580552  E(CI) = -191.054608916455  S^2 = 0.0000000
