*File 'NEVPT2_ACVV.inp'  nOrb = 160(R)  nElec = 14  Ms2 = 0  iWfSym = 0
 Performing a restricted NEVPT2_ACVV calculation with spatial orbitals.

 Size of working set:                     27 mb
 Size of Hamiltonian:                      0 mb
 Size of CI amplitude vector:             34 mb [4514905 entries/vec]

 Convergence thresholds:   THRDEN = 1.00e-05  THRVAR = 1.00e-05

 ITER.      SQ.NORM        ENERGY      ENERGY CHANGE     VAR       TIME     DIIS
   1       0.11680539     3.35079744     3.35079744    1.34e+02      0.30
   2       0.01195773     0.27980138    -3.07099606    1.18e+01      0.11
   3       0.00189175     0.01001706    -0.26978431    7.80e-01      0.11
   4       0.00064143    -0.01355955    -0.02357661    7.68e-02      0.11
   5       0.00053658    -0.01536633    -0.00180678    1.24e-02      0.11
   6       0.00051880    -0.01563263    -0.00026630    2.12e-03      0.11
   7       0.00051553    -0.01567782    -0.00004519    1.36e-04      0.11
   8       0.00051512    -0.01568188    -0.00000406    1.96e-05      0.11
   9       0.00051507    -0.01568238    -0.00000050    1.80e-06      0.11

 Time for main loop:                               1.20 sec
 Time for residual:                                0.00 sec
 Time for rest:                                    1.20 sec

 Coefficient of reference function    44.06233262725940
 Reference energy                      0.00000000000000

!NEVPT2_ACVV STATE 1 ENERGY           -0.01568238207152
