#INFO: **** input file is /state/partition1/nsb37/161408/prepVMC.py ****
import numpy as np
from pyscf import gto, scf, ao2mo, mcscf, tools, fci, mp, symm, lib
from pyscf.shciscf import shci
import math, os, time, sys
#import NEVPT2Helper as nev

def myocc(mf):
   mol = mf.mol
   irrep_id = mol.irrep_id
   so = mol.symm_orb
   orbsym = symm.label_orb_symm(mol, irrep_id, so, mf.mo_coeff)
   doccsym = np.array(orbsym)[mf.mo_occ==2]
   soccsym = np.array(orbsym)[mf.mo_occ==1]
   for ir, irname in enumerate(mol.irrep_name):
     print('%s, double-occ = %d, single-occ = %d' %
         (irname, sum(doccsym==ir), sum(soccsym==ir)))

# Cu2O2^2+: bis f = 0., per f = 1.
if len(sys.argv) == 2:
    f = float(sys.argv[1])
else:
    f = 0.

# bond lengths
cu_cu = 2.8 + f * 0.8
o_o = 2.3 - f * 0.9

#atomString = f'Cu {-cu_cu/2} 0. 0.; Cu {cu_cu/2} 0. 0.; O 0. {o_o/2} 0.; O 0. {-o_o/2} 0.'
atomString = 'Cu {} 0. 0.; Cu {} 0. 0.; O 0. {} 0.; O 0. {} 0.'.format(-cu_cu/2, cu_cu/2, o_o/2, -o_o/2)

mol = gto.M(atom = atomString,
    basis = {'O': gto.basis.parse('''
O    S
 105374.95                   0.00012386            -0.00002815             0.00002616            -0.00005058             0.00005196
  15679.240                  0.00051201            -0.00011630             0.00010748            -0.00020024             0.00019612
   3534.5447                 0.00215291            -0.00049092             0.00045972            -0.00091952             0.00099303
    987.36516                0.00852844            -0.00194616             0.00179555            -0.00320240             0.00297658
    315.97875                0.03018049            -0.00700530             0.00667574            -0.01359974             0.01564071
    111.65428                0.09099702            -0.02167814             0.02053445            -0.03392296             0.03231923
     42.699451               0.21779364            -0.05641213             0.05828602            -0.11685462             0.16012253
     17.395596               0.36862457            -0.11270530             0.12129691            -0.14040275             0.15386867
      7.4383090              0.33667073            -0.15891197             0.22641475            -0.47546666             0.93886300
      3.2228620              0.09657630            -0.03355083            -0.04238700             0.83350096            -3.16442722
      1.2538770              0.00214452             0.35319028            -1.01045538             1.30186138             2.94545392
       .49515500             0.00119435             0.55341993            -0.15386868            -2.48175844            -0.46724256
       .19166500             0.00053902             0.23018391             0.99345320             0.81134659            -1.59503813
       .06708300             0.00021034             0.01127267             0.18587254             0.58210417             1.34403482
O    P
    200.00000                0.00091730            -0.00087213             0.00129603            -0.00195602
     46.533367               0.00737714            -0.00706424             0.01151279            -0.02399585
     14.621809               0.03483515            -0.03330489             0.05159120            -0.09118427
      5.3130640              0.11443970            -0.11441275             0.20459407            -0.52863388
      2.1025250              0.25549664            -0.29901068             0.55019345            -0.38198314
       .85022300             0.37225574            -0.31986054            -0.14872038             1.44198816
       .33759700             0.33233149             0.20550900            -0.89690085            -0.67366146
       .12889200             0.14008479             0.59359268             0.24707597            -0.66496950
       .04511200             0.02395784             0.28229027             0.64443405             0.82977107
O    D
      3.7500000              0.13609758            -0.39151953             0.95199748
      1.3125000              0.51401475            -0.62262728            -0.67736624
       .45937500             0.47407125             0.72160073            -0.34608569
       .16078100             0.08166905             0.31870103             0.81524547
O    F
      2.3500000              0.33460642            -0.83677707
       .94000000             0.56136672             0.10721970
       .37600000             0.29572786             0.72955061
O    G
      1.175000               0.89524901
      0.470000               0.166642351
    '''),
    'Cu': gto.basis.parse('''
Cu    S
9148883.                     0.00011722            -0.00003675             0.00001383            -0.00000271             0.00000346            -0.00001401             0.00001043
1369956.                     0.00033155            -0.00010403             0.00003914            -0.00000766             0.00000979            -0.00003959             0.00002948
 311782.6                    0.00088243            -0.00027733             0.00010439            -0.00002047             0.00002626            -0.00010612             0.00007887
  88318.80                   0.00217229            -0.00068417             0.00025745            -0.00005030             0.00006392            -0.00025900             0.00019337
  28815.53                   0.00529547            -0.00167686             0.00063203            -0.00012442             0.00016087            -0.00064865             0.00048021
  10403.46                   0.01296630            -0.00413460             0.00155718            -0.00030269             0.00038023            -0.00154770             0.00116372
   4057.791                  0.03188050            -0.01035127             0.00391659            -0.00077628             0.00101716            -0.00408342             0.00300351
   1682.974                  0.07576569            -0.02534791             0.00959476            -0.00185240             0.00229152            -0.00940206             0.00715331
    733.7543                 0.16244637            -0.05836947             0.02238837            -0.00448270             0.00597497            -0.02389117             0.01749000
    333.2677                 0.28435959            -0.11673284             0.04528606            -0.00866024             0.01044695            -0.04359832             0.03399715
    156.4338                 0.34173643            -0.18466860             0.07498378            -0.01544726             0.02151583            -0.08588857             0.06315941
     74.69721                0.20955087            -0.14700899             0.06188170            -0.01089864             0.01030128            -0.04734865             0.04023075
     33.32262                0.03544751             0.18483257            -0.09047327             0.01467867            -0.00984324             0.06382592            -0.07818080
     16.62237               -0.00243996             0.56773609            -0.39288472             0.09154122            -0.14292630             0.59363541            -0.48734052
      8.208260               0.00146990             0.37956092            -0.35664956             0.06330857            -0.05612707             0.41506062            -0.33346978
      3.609400              -0.00064379             0.04703755             0.34554793            -0.06093879             0.09135650            -1.70027942             2.60302086
      1.683449               0.00024738            -0.00072783             0.70639197            -0.27148545             0.45831402            -0.29799956            -2.74603469
      0.733757              -0.00008118             0.00102976             0.25335911            -0.10138944            -0.19726740             1.70719425             0.71954394
      0.110207               0.00001615            -0.00007020             0.00658749             0.71212180            -1.30310157            -0.65600053             1.53198225
      0.038786              -0.00001233             0.00007090            -0.00044247             0.34613175             0.87975568            -0.31924524            -3.06314771
      0.015514               0.00000452            -0.00002454             0.00072338             0.07198709             0.57310889             0.61772456             2.02100706
Cu    P
   9713.253                  0.00039987            -0.00014879             0.00005053            -0.00015878             0.00012679            -0.00022000
   2300.889                  0.00210157            -0.00078262             0.00026719            -0.00085359             0.00068397            -0.00104834
    746.7706                 0.01001097            -0.00376229             0.00127718            -0.00399919             0.00320291            -0.00581612
    284.6806                 0.03836039            -0.01457968             0.00499760            -0.01608092             0.01301351            -0.01983336
    119.9999                 0.11626756            -0.04571093             0.01561376            -0.04924864             0.04021371            -0.07638917
     54.07386                0.25899831            -0.10593013             0.03689701            -0.12165679             0.10150109            -0.15366480
     25.37321                0.38428226            -0.16836228             0.05796469            -0.17713367             0.13700954            -0.28449754
     12.20962                0.29911210            -0.10373213             0.03791966            -0.14448197             0.10628972             0.10206373
      5.757421               0.08000672             0.21083155            -0.11706499             0.64743311            -0.83390265             1.55100061
      2.673402               0.00319440             0.48916443            -0.20912257             0.54797692             0.14412002            -1.84574442
      1.186835               0.00147252             0.38468638            -0.05800532            -0.78180321             0.98301239             0.10057714
      0.481593              -0.00023391             0.08529338             0.16430736            -0.52607778            -0.52956418             1.39430453
      0.192637               0.00020761            -0.00161045             0.52885466             0.22437177            -0.75303984            -1.12548146
      0.077055              -0.00008963             0.00206530             0.37373016             0.33392453             0.44288700            -0.18571375
      0.030822               0.00002783            -0.00064175             0.08399866             0.14446374             0.57511589             0.70628395
Cu    D
    249.3497                 0.00134561            -0.00158359             0.00191116            -0.00316569
     74.63837                0.01080983            -0.01281116             0.01772495            -0.03710740
     28.37641                0.04733793            -0.05642679             0.07056381            -0.12591409
     11.94893                0.13772582            -0.16641393             0.22906101            -0.49360952
      5.317646               0.26263833            -0.35106014             0.43938511            -0.16251663
      2.364417               0.33470401            -0.23717890            -0.26739908             1.00715586
      1.012386               0.31000597             0.21994641            -0.62590624            -0.32192167
      0.406773               0.21316819             0.48841363             0.12211340            -0.61072690
      0.147331               0.07865365             0.29537131             0.53683629             0.39038140
      0.058932               0.00603096             0.04295539             0.19750055             0.37334893
Cu    F
     15.4333                 0.03682063            -0.06200336             0.13301012
      6.1172                 0.24591418            -0.52876669             0.74591931
      2.4246                 0.50112688            -0.29078386            -0.67622545
      0.9610                 0.35850648             0.52124157            -0.31278443
      0.3809                 0.14728062             0.37532205             0.60308069
      0.1510                 0.02564748             0.10659798             0.26056742
Cu    G
      8.7286                 0.16903848            -0.45244412
      3.4308                 0.60654185            -0.42317767
      1.3485                 0.37979899             0.61107957
      0.5300                 0.10367757             0.39786263
Cu    H
      4.2885                 0.69861274
      1.6856                 0.445143741
    ''')},
    verbose = 4, unit = 'angstrom', symmetry = 1, spin = 0, charge = 2)
mf = scf.RHF(mol)
mf.max_cycle = 500
mf.chkfile = 'cu2o2_{}_HF.chk'.format(f)
mf.kernel()
myocc(mf)
mf.analyze()
#tools.molden.from_mo(mol, f'cu2o2_{f}.molden', mf.mo_coeff)

# shciscf
norbAct = 32
nelecAct = 28
mc = shci.SHCISCF(mf, norbAct, nelecAct)
mc.chkfile = 'cu2o2_{}_SHCISCF.chk'.format(f)
#
# for icpt integrals uncomment the following and comment out the mc calculation, FCIDUMP generation, etc.
#chkfile = f'{n}_SHCISCF.chk'
#mc.__dict__.update(lib.chkfile.load(chkfile, 'mcscf'))
#
# active space: Cu 3d, 4d; O 2p, 3p
mo = mc.sort_mo_by_irrep({'Ag': 6,'B1u': 4,'B2u': 4, 'B3g': 4, 'B3u': 6, 'B2g': 2, 'B1g': 4, 'Au': 2},
    {'Ag': 7,'B1u': 2,'B2u': 4, 'B3g': 0, 'B3u': 5,'B2g': 2, 'B1g': 2, 'Au': 0})
#
mc.fcisolver.sweep_iter = [0, 3, 6]
mc.fcisolver.sweep_epsilon = [1e-3, 5e-4, 1e-4]
mc.fcisolver.nPTiter = 0
#mc.max_cycle_macro = 20
#mc.internal_rotation = True
mc.fcisolver.nPTiter = 0  # Turns off PT calculation, i.e. no PTRDM.
#mc.fcisolver.mpiprefix = "mpirun -np 24"
#mc.fcisolver.prefix = "/rc_scratch/anma2640/cu2o2/"
mc.mc1step(mo)[0]

tools.molden.from_mo(mol, 'cu2o2_{}.molden'.format(f), mc.mo_coeff)
# prep nevpt

norbFrozen = 12
norbCore = 22

fileh = open("moEne.txt", 'w')
for i in range(mol.nao - norbFrozen):
  fileh.write('%.12e\n'%(mc.mo_energy[i + norbFrozen]))
fileh.close()

tools.fcidump.from_mc(mc, 'FCIDUMP_all_orbs', nFrozen = norbFrozen)

# active space integrals for dice calculation
mo_core = mc.mo_coeff[:,:norbCore]
mo_rest = mc.mo_coeff[:,norbCore:norbCore + norbAct]
core_dm = 2 * mo_core.dot(mo_core.T)
corevhf = mc.get_veff(mol, core_dm)
energy_core = mol.energy_nuc()
energy_core += np.einsum('ij,ji', core_dm, mc.get_hcore())
energy_core += np.einsum('ij,ji', core_dm, corevhf) * .5
h1eff = mo_rest.T.dot(mc.get_hcore() + corevhf).dot(mo_rest)
eri = ao2mo.kernel(mol, mo_rest)
tools.fcidump.from_integrals('FCIDUMP', h1eff, eri, norbAct, nelecAct, energy_core)

#this is the scratch file for writing potentially larger integral files
#intfolder = "int/"
#os.system("mkdir -p "+intfolder)
##
#
#dm2a = np.zeros((norb, norb, norb, norb))
#file2pdm = "spatialRDM.0.0.txt"
#file2pdm = file2pdm.encode()  # .encode for python3 compatibility
#shci.r2RDM(dm2a, norb, file2pdm)
#dm1 = np.einsum('ikjj->ki', dm2a)
#dm1 /= (nelec - 1)
##dm1, dm2a = mc.fcisolver.make_rdm12(0, mc.ncas, mc.nelecas)
#dm2 = np.einsum('ijkl->ikjl', dm2a)
##
#np.save(intfolder+"E2.npy", np.asfortranarray(dm2))
#np.save(intfolder+"E1.npy", np.asfortranarray(dm1))
##
#print ("trace of 2rdm", np.einsum('ijij',dm2))
#print ("trace of 1rdm", np.einsum('ii',dm1))
##
#E1eff = dm1 #for state average
#nev.writeNEVPTIntegrals(mc, dm1, dm2, E1eff, norbFrozen, intfolder)
#nev.write_ic_inputs(mc.nelecas[0]+mc.nelecas[1], mc.ncore, mc.ncas, norbFrozen, mc.nelecas[0]-mc.nelecas[1],
#                   'NEVPT2')
#INFO: ******************** input file end ********************


System: ('Linux', 'compute-0-22.local', '2.6.32-504.16.2.el6.x86_64', '#1 SMP Wed Apr 22 06:48:29 UTC 2015', 'x86_64', 'x86_64')  Threads 16
Python 2.7.15 |Anaconda, Inc.| (default, May  1 2018, 23:32:55) 
[GCC 7.2.0]
numpy 1.15.1  scipy 1.1.0
Date: Wed Jul  1 12:39:32 2020
PySCF version 1.7.1
PySCF path  /home/nsb37/pyscf/pyscf
GIT ORIG_HEAD f9a419e89c2fa6ea63cd0445a6fc1dde4109b47b
GIT HEAD      ref: refs/heads/master
GIT master branch  97008722ba492c9d60fa46535f156620355ae933

[CONFIG] conf_file None
[INPUT] verbose = 4
[INPUT] num. atoms = 4
[INPUT] num. electrons = 72
[INPUT] charge = 2
[INPUT] spin (= nelec alpha-beta = 2S) = 0
[INPUT] symmetry 1 subgroup None
[INPUT] Mole.unit = angstrom
[INPUT]  1 Cu    -1.560000000000   0.000000000000   0.000000000000 AA   -2.947972754321   0.000000000000   0.000000000000 Bohr
[INPUT]  2 Cu     1.560000000000   0.000000000000   0.000000000000 AA    2.947972754321   0.000000000000   0.000000000000 Bohr
[INPUT]  3 O      0.000000000000   0.970000000000   0.000000000000 AA    0.000000000000   1.833034340828   0.000000000000 Bohr
[INPUT]  4 O      0.000000000000  -0.970000000000   0.000000000000 AA    0.000000000000  -1.833034340828   0.000000000000 Bohr

nuclear repulsion = 427.425753509132
point group symmetry = D2h
num. orbitals of irrep Ag = 58
num. orbitals of irrep B1g = 36
num. orbitals of irrep B2g = 30
num. orbitals of irrep B3g = 26
num. orbitals of irrep Au = 20
num. orbitals of irrep B1u = 36
num. orbitals of irrep B2u = 45
num. orbitals of irrep B3u = 49
number of shells = 22
number of NR pGTOs = 632
number of NR cGTOs = 300
basis = {'Cu': [[0, [9148883.0, 0.00011722, -3.675e-05, 1.383e-05, -2.71e-06, 3.46e-06, -1.401e-05, 1.043e-05], [1369956.0, 0.00033155, -0.00010403, 3.914e-05, -7.66e-06, 9.79e-06, -3.959e-05, 2.948e-05], [311782.6, 0.00088243, -0.00027733, 0.00010439, -2.047e-05, 2.626e-05, -0.00010612, 7.887e-05], [88318.8, 0.00217229, -0.00068417, 0.00025745, -5.03e-05, 6.392e-05, -0.000259, 0.00019337], [28815.53, 0.00529547, -0.00167686, 0.00063203, -0.00012442, 0.00016087, -0.00064865, 0.00048021], [10403.46, 0.0129663, -0.0041346, 0.00155718, -0.00030269, 0.00038023, -0.0015477, 0.00116372], [4057.791, 0.0318805, -0.01035127, 0.00391659, -0.00077628, 0.00101716, -0.00408342, 0.00300351], [1682.974, 0.07576569, -0.02534791, 0.00959476, -0.0018524, 0.00229152, -0.00940206, 0.00715331], [733.7543, 0.16244637, -0.05836947, 0.02238837, -0.0044827, 0.00597497, -0.02389117, 0.01749], [333.2677, 0.28435959, -0.11673284, 0.04528606, -0.00866024, 0.01044695, -0.04359832, 0.03399715], [156.4338, 0.34173643, -0.1846686, 0.07498378, -0.01544726, 0.02151583, -0.08588857, 0.06315941], [74.69721, 0.20955087, -0.14700899, 0.0618817, -0.01089864, 0.01030128, -0.04734865, 0.04023075], [33.32262, 0.03544751, 0.18483257, -0.09047327, 0.01467867, -0.00984324, 0.06382592, -0.0781808], [16.62237, -0.00243996, 0.56773609, -0.39288472, 0.09154122, -0.1429263, 0.59363541, -0.48734052], [8.20826, 0.0014699, 0.37956092, -0.35664956, 0.06330857, -0.05612707, 0.41506062, -0.33346978], [3.6094, -0.00064379, 0.04703755, 0.34554793, -0.06093879, 0.0913565, -1.70027942, 2.60302086], [1.683449, 0.00024738, -0.00072783, 0.70639197, -0.27148545, 0.45831402, -0.29799956, -2.74603469], [0.733757, -8.118e-05, 0.00102976, 0.25335911, -0.10138944, -0.1972674, 1.70719425, 0.71954394], [0.110207, 1.615e-05, -7.02e-05, 0.00658749, 0.7121218, -1.30310157, -0.65600053, 1.53198225], [0.038786, -1.233e-05, 7.09e-05, -0.00044247, 0.34613175, 0.87975568, -0.31924524, -3.06314771], [0.015514, 4.52e-06, -2.454e-05, 0.00072338, 0.07198709, 0.57310889, 0.61772456, 2.02100706]], [1, [9713.253, 0.00039987, -0.00014879, 5.053e-05, -0.00015878, 0.00012679, -0.00022], [2300.889, 0.00210157, -0.00078262, 0.00026719, -0.00085359, 0.00068397, -0.00104834], [746.7706, 0.01001097, -0.00376229, 0.00127718, -0.00399919, 0.00320291, -0.00581612], [284.6806, 0.03836039, -0.01457968, 0.0049976, -0.01608092, 0.01301351, -0.01983336], [119.9999, 0.11626756, -0.04571093, 0.01561376, -0.04924864, 0.04021371, -0.07638917], [54.07386, 0.25899831, -0.10593013, 0.03689701, -0.12165679, 0.10150109, -0.1536648], [25.37321, 0.38428226, -0.16836228, 0.05796469, -0.17713367, 0.13700954, -0.28449754], [12.20962, 0.2991121, -0.10373213, 0.03791966, -0.14448197, 0.10628972, 0.10206373], [5.757421, 0.08000672, 0.21083155, -0.11706499, 0.64743311, -0.83390265, 1.55100061], [2.673402, 0.0031944, 0.48916443, -0.20912257, 0.54797692, 0.14412002, -1.84574442], [1.186835, 0.00147252, 0.38468638, -0.05800532, -0.78180321, 0.98301239, 0.10057714], [0.481593, -0.00023391, 0.08529338, 0.16430736, -0.52607778, -0.52956418, 1.39430453], [0.192637, 0.00020761, -0.00161045, 0.52885466, 0.22437177, -0.75303984, -1.12548146], [0.077055, -8.963e-05, 0.0020653, 0.37373016, 0.33392453, 0.442887, -0.18571375], [0.030822, 2.783e-05, -0.00064175, 0.08399866, 0.14446374, 0.57511589, 0.70628395]], [2, [249.3497, 0.00134561, -0.00158359, 0.00191116, -0.00316569], [74.63837, 0.01080983, -0.01281116, 0.01772495, -0.0371074], [28.37641, 0.04733793, -0.05642679, 0.07056381, -0.12591409], [11.94893, 0.13772582, -0.16641393, 0.22906101, -0.49360952], [5.317646, 0.26263833, -0.35106014, 0.43938511, -0.16251663], [2.364417, 0.33470401, -0.2371789, -0.26739908, 1.00715586], [1.012386, 0.31000597, 0.21994641, -0.62590624, -0.32192167], [0.406773, 0.21316819, 0.48841363, 0.1221134, -0.6107269], [0.147331, 0.07865365, 0.29537131, 0.53683629, 0.3903814], [0.058932, 0.00603096, 0.04295539, 0.19750055, 0.37334893]], [3, [15.4333, 0.03682063, -0.06200336, 0.13301012], [6.1172, 0.24591418, -0.52876669, 0.74591931], [2.4246, 0.50112688, -0.29078386, -0.67622545], [0.961, 0.35850648, 0.52124157, -0.31278443], [0.3809, 0.14728062, 0.37532205, 0.60308069], [0.151, 0.02564748, 0.10659798, 0.26056742]], [4, [8.7286, 0.16903848, -0.45244412], [3.4308, 0.60654185, -0.42317767], [1.3485, 0.37979899, 0.61107957], [0.53, 0.10367757, 0.39786263]], [5, [4.2885, 0.69861274], [1.6856, 0.445143741]]], 'O': [[0, [105374.95, 0.00012386, -2.815e-05, 2.616e-05, -5.058e-05, 5.196e-05], [15679.24, 0.00051201, -0.0001163, 0.00010748, -0.00020024, 0.00019612], [3534.5447, 0.00215291, -0.00049092, 0.00045972, -0.00091952, 0.00099303], [987.36516, 0.00852844, -0.00194616, 0.00179555, -0.0032024, 0.00297658], [315.97875, 0.03018049, -0.0070053, 0.00667574, -0.01359974, 0.01564071], [111.65428, 0.09099702, -0.02167814, 0.02053445, -0.03392296, 0.03231923], [42.699451, 0.21779364, -0.05641213, 0.05828602, -0.11685462, 0.16012253], [17.395596, 0.36862457, -0.1127053, 0.12129691, -0.14040275, 0.15386867], [7.438309, 0.33667073, -0.15891197, 0.22641475, -0.47546666, 0.938863], [3.222862, 0.0965763, -0.03355083, -0.042387, 0.83350096, -3.16442722], [1.253877, 0.00214452, 0.35319028, -1.01045538, 1.30186138, 2.94545392], [0.495155, 0.00119435, 0.55341993, -0.15386868, -2.48175844, -0.46724256], [0.191665, 0.00053902, 0.23018391, 0.9934532, 0.81134659, -1.59503813], [0.067083, 0.00021034, 0.01127267, 0.18587254, 0.58210417, 1.34403482]], [1, [200.0, 0.0009173, -0.00087213, 0.00129603, -0.00195602], [46.533367, 0.00737714, -0.00706424, 0.01151279, -0.02399585], [14.621809, 0.03483515, -0.03330489, 0.0515912, -0.09118427], [5.313064, 0.1144397, -0.11441275, 0.20459407, -0.52863388], [2.102525, 0.25549664, -0.29901068, 0.55019345, -0.38198314], [0.850223, 0.37225574, -0.31986054, -0.14872038, 1.44198816], [0.337597, 0.33233149, 0.205509, -0.89690085, -0.67366146], [0.128892, 0.14008479, 0.59359268, 0.24707597, -0.6649695], [0.045112, 0.02395784, 0.28229027, 0.64443405, 0.82977107]], [2, [3.75, 0.13609758, -0.39151953, 0.95199748], [1.3125, 0.51401475, -0.62262728, -0.67736624], [0.459375, 0.47407125, 0.72160073, -0.34608569], [0.160781, 0.08166905, 0.31870103, 0.81524547]], [3, [2.35, 0.33460642, -0.83677707], [0.94, 0.56136672, 0.1072197], [0.376, 0.29572786, 0.72955061]], [4, [1.175, 0.89524901], [0.47, 0.166642351]]]}
ecp = {}
CPU time:         0.37


******** <class 'pyscf.scf.hf_symm.SymAdaptedRHF'> ********
method = SymAdaptedRHF-RHF
initial guess = minao
damping factor = 0
level_shift factor = 0
DIIS = <class 'pyscf.scf.diis.CDIIS'>
diis_start_cycle = 1
diis_space = 8
SCF conv_tol = 1e-09
SCF conv_tol_grad = None
SCF max_cycles = 500
direct_scf = True
direct_scf_tol = 1e-13
chkfile to save SCF result = cu2o2_0.4_HF.chk
max_memory 4000 MB (current use 64 MB)
Freeze 0 electrons in irreps []
    72 free electrons in irreps Ag B1g B2g B3g Au B1u B2u B3u
Set gradient conv threshold to 3.16228e-05
init E= -3411.92377034698
HOMO (Ag) = -0.312381529062005  LUMO (B2u) = -0.243767654872877
cycle= 1 E= -3410.38190709827  delta_E= 1.54  |g|= 3.61  |ddm|=  3.6
HOMO (B3g) = -0.863933799610807  LUMO (B1g) = -0.709826332238369
cycle= 2 E= -3409.36399058861  delta_E= 1.02  |g|= 5.76  |ddm|= 2.83
HOMO (B2u) = -0.984464802504948  LUMO (B1g) = -0.614534386676591
cycle= 3 E= -3411.39672341895  delta_E= -2.03  |g|= 0.353  |ddm|= 1.52
HOMO (B2u) = -0.919034102575156  LUMO (B1g) = -0.533476885730457
cycle= 4 E= -3411.4104319079  delta_E= -0.0137  |g|= 0.064  |ddm|= 0.206
HOMO (B2u) = -0.915348115849021  LUMO (B1g) = -0.533640894690379
cycle= 5 E= -3411.41175624535  delta_E= -0.00132  |g|= 0.0264  |ddm|= 0.0843
HOMO (B2u) = -0.911040909530866  LUMO (B1g) = -0.532360690110121
cycle= 6 E= -3411.41205556125  delta_E= -0.000299  |g|= 0.0102  |ddm|= 0.0416
HOMO (B2u) = -0.909668638066157  LUMO (B1g) = -0.533753895923005
cycle= 7 E= -3411.41215618077  delta_E= -0.000101  |g|= 0.00569  |ddm|= 0.0297
HOMO (B2u) = -0.908590867734552  LUMO (B1g) = -0.534182968812316
cycle= 8 E= -3411.41218244646  delta_E= -2.63e-05  |g|= 0.00122  |ddm|= 0.0194
HOMO (B2u) = -0.90839570037392  LUMO (B1g) = -0.534405333918139
cycle= 9 E= -3411.4121840075  delta_E= -1.56e-06  |g|= 0.000601  |ddm|= 0.00487
HOMO (B2u) = -0.908343176654325  LUMO (B1g) = -0.534455620388541
cycle= 10 E= -3411.41218413447  delta_E= -1.27e-07  |g|= 0.000288  |ddm|= 0.00144
HOMO (B2u) = -0.908352078649506  LUMO (B1g) = -0.534476470240634
cycle= 11 E= -3411.41218415347  delta_E= -1.9e-08  |g|= 9.18e-05  |ddm|= 0.000372
HOMO (B2u) = -0.908356350551317  LUMO (B1g) = -0.534488022128889
cycle= 12 E= -3411.41218415781  delta_E= -4.34e-09  |g|= 5.47e-05  |ddm|= 0.000227
HOMO (B2u) = -0.908360627958488  LUMO (B1g) = -0.534493958733861
cycle= 13 E= -3411.41218415877  delta_E= -9.65e-10  |g|= 5.15e-06  |ddm|= 0.000131
HOMO (B2u) = -0.908360848856655  LUMO (B1g) = -0.53449423323123
Extra cycle  E= -3411.41218415879  delta_E= -1.91e-11  |g|= 4.21e-06  |ddm|= 9.35e-06
converged SCF energy = -3411.41218415879
Ag, double-occ = 10, single-occ = 0
B1g, double-occ = 3, single-occ = 0
B2g, double-occ = 3, single-occ = 0
B3g, double-occ = 2, single-occ = 0
Au, double-occ = 1, single-occ = 0
B1u, double-occ = 4, single-occ = 0
B2u, double-occ = 5, single-occ = 0
B3u, double-occ = 8, single-occ = 0
**** SCF Summaries ****
Total Energy =                       -3411.412184158791206
Nuclear Repulsion Energy =             427.425753509131710
One-electron Energy =                -5584.771532802330512
Two-electron Energy =                 1745.933595134407142
Wave-function symmetry = Ag
occupancy for each irrep:     Ag  B1g  B2g  B3g   Au  B1u  B2u  B3u
                              10    3    3    2    1    4    5    8
**** MO energy ****
MO #1 (B3u #1), energy= -325.69271630052 occ= 2
MO #2 (Ag #1), energy= -325.692217040643 occ= 2
MO #3 (B3u #2), energy= -41.0385015094241 occ= 2
MO #4 (Ag #2), energy= -41.0379720994601 occ= 2
MO #5 (B2u #1), energy= -36.2146943057913 occ= 2
MO #6 (B1g #1), energy= -36.214691332325 occ= 2
MO #7 (B3u #3), energy= -36.2132077112372 occ= 2
MO #8 (Ag #3), energy= -36.2131529702111 occ= 2
MO #9 (B2g #1), energy= -36.2005877334031 occ= 2
MO #10 (B1u #1), energy= -36.2005516632842 occ= 2
MO #11 (Ag #4), energy= -21.1259519027227 occ= 2
MO #12 (B2u #2), energy= -21.1258444616921 occ= 2
MO #13 (B3u #4), energy= -5.58818691774774 occ= 2
MO #14 (Ag #5), energy= -5.58805799835557 occ= 2
MO #15 (Ag #6), energy= -3.96033668356329 occ= 2
MO #16 (B3u #5), energy= -3.96002108218761 occ= 2
MO #17 (B2u #3), energy= -3.95830471867555 occ= 2
MO #18 (B1g #2), energy= -3.95792086377371 occ= 2
MO #19 (B2g #2), energy= -3.94831878959081 occ= 2
MO #20 (B1u #2), energy= -3.94830766386644 occ= 2
MO #21 (Ag #7), energy= -1.79836330803693 occ= 2
MO #22 (B2u #4), energy= -1.68827474024297 occ= 2
MO #23 (Ag #8), energy= -1.18092345388555 occ= 2
MO #24 (B3u #6), energy= -1.16708292701227 occ= 2
MO #25 (B1u #3), energy= -1.16116491602776 occ= 2
MO #26 (B3u #7), energy= -1.14093964091724 occ= 2
MO #27 (B3g #1), energy= -1.13978963315349 occ= 2
MO #28 (B2g #3), energy= -1.13206870686448 occ= 2
MO #29 (Au #1), energy= -1.13202714889159 occ= 2
MO #30 (Ag #9), energy= -1.11693074793914 occ= 2
MO #31 (B1g #3), energy= -1.07342763915899 occ= 2
MO #32 (B1u #4), energy= -1.01894606644197 occ= 2
MO #33 (B3u #8), energy= -0.989481472996856 occ= 2
MO #34 (B3g #2), energy= -0.975679912224979 occ= 2
MO #35 (Ag #10), energy= -0.949206667600312 occ= 2
MO #36 (B2u #5), energy= -0.908360848856655 occ= 2
MO #37 (B1g #4), energy= -0.53449423323123 occ= 0
MO #38 (B2u #6), energy= -0.440252223403077 occ= 0
MO #39 (Ag #11), energy= -0.366394499212721 occ= 0
MO #40 (B3u #9), energy= -0.336939502265982 occ= 0
MO #41 (B1u #5), energy= -0.242540054460689 occ= 0
MO #42 (B2g #4), energy= -0.233219757153829 occ= 0
MO #43 (B2u #7), energy= -0.22621018309678 occ= 0
MO #44 (Ag #12), energy= -0.191290841936694 occ= 0
MO #45 (B1g #5), energy= -0.17905495690167 occ= 0
MO #46 (Ag #13), energy= -0.149451244653202 occ= 0
MO #47 (B3u #10), energy= -0.14036048696461 occ= 0
MO #48 (Ag #14), energy= -0.0689229715497708 occ= 0
MO #49 (B3g #3), energy= -0.0587271603887497 occ= 0
MO #50 (B3u #11), energy= -0.0508428107168677 occ= 0
MO #51 (B2u #8), energy= -0.0445972555435132 occ= 0
MO #52 (B1u #6), energy= -0.0133503252515597 occ= 0
MO #53 (B3u #12), energy= 0.040705832763924 occ= 0
MO #54 (B1u #7), energy= 0.0740762805719035 occ= 0
MO #55 (B2g #5), energy= 0.098909406754585 occ= 0
MO #56 (B2u #9), energy= 0.122881463713808 occ= 0
MO #57 (B1g #6), energy= 0.155936310951676 occ= 0
MO #58 (Au #2), energy= 0.160733568750718 occ= 0
MO #59 (B1g #7), energy= 0.186739403339773 occ= 0
MO #60 (Ag #15), energy= 0.201295447155896 occ= 0
MO #61 (Ag #16), energy= 0.222584182183994 occ= 0
MO #62 (B3u #13), energy= 0.29952175982071 occ= 0
MO #63 (B1u #8), energy= 0.315069804127284 occ= 0
MO #64 (B2g #6), energy= 0.325602347653795 occ= 0
MO #65 (B2u #10), energy= 0.360747077076625 occ= 0
MO #66 (B3g #4), energy= 0.366614566133416 occ= 0
MO #67 (Ag #17), energy= 0.373644956791776 occ= 0
MO #68 (B3u #14), energy= 0.406154331818676 occ= 0
MO #69 (Ag #18), energy= 0.421645400853384 occ= 0
MO #70 (B2u #11), energy= 0.619328965168845 occ= 0
MO #71 (B3u #15), energy= 0.6201412802717 occ= 0
MO #72 (Ag #19), energy= 0.715004993903071 occ= 0
MO #73 (B1u #9), energy= 0.728885184128799 occ= 0
MO #74 (Au #3), energy= 0.768417417881783 occ= 0
MO #75 (Ag #20), energy= 0.770793682178294 occ= 0
MO #76 (B2u #12), energy= 0.792331153653823 occ= 0
MO #77 (B1g #8), energy= 0.796840464856287 occ= 0
MO #78 (B3u #16), energy= 0.81397221054496 occ= 0
MO #79 (Ag #21), energy= 0.846295887901532 occ= 0
MO #80 (B3g #5), energy= 0.852692011217163 occ= 0
MO #81 (B2g #7), energy= 0.857705830239153 occ= 0
MO #82 (B1u #10), energy= 0.969928100322487 occ= 0
MO #83 (B3g #6), energy= 0.996066001807705 occ= 0
MO #84 (B1g #9), energy= 1.06750291466056 occ= 0
MO #85 (B3u #17), energy= 1.20209065852631 occ= 0
MO #86 (B2u #13), energy= 1.23599364051086 occ= 0
MO #87 (B2g #8), energy= 1.24107898411368 occ= 0
MO #88 (B1u #11), energy= 1.28043364498174 occ= 0
MO #89 (B1g #10), energy= 1.32957899001822 occ= 0
MO #90 (Ag #22), energy= 1.47155899000907 occ= 0
MO #91 (B2u #14), energy= 1.47600457237328 occ= 0
MO #92 (B3u #18), energy= 1.56945467506947 occ= 0
MO #93 (B1g #11), energy= 1.58256918471908 occ= 0
MO #94 (Ag #23), energy= 1.59420010184492 occ= 0
MO #95 (B3g #7), energy= 1.60756670044438 occ= 0
MO #96 (B1u #12), energy= 1.62278220525459 occ= 0
MO #97 (B2g #9), energy= 1.65435463000589 occ= 0
MO #98 (B3u #19), energy= 1.7616039511864 occ= 0
MO #99 (Au #4), energy= 1.81903069593358 occ= 0
MO #100 (B2u #15), energy= 1.82638102282403 occ= 0
MO #101 (B1u #13), energy= 1.95435547504578 occ= 0
MO #102 (Ag #24), energy= 2.00068993379885 occ= 0
MO #103 (B3u #20), energy= 2.00475109220632 occ= 0
MO #104 (B2u #16), energy= 2.07439485772911 occ= 0
MO #105 (B1g #12), energy= 2.12148949802124 occ= 0
MO #106 (Au #5), energy= 2.15284446348954 occ= 0
MO #107 (Ag #25), energy= 2.30568610643172 occ= 0
MO #108 (B2u #17), energy= 2.34744038067516 occ= 0
MO #109 (B2g #10), energy= 2.41268792462733 occ= 0
MO #110 (Ag #26), energy= 2.41598786029489 occ= 0
MO #111 (B1u #14), energy= 2.42996900217626 occ= 0
MO #112 (B1u #15), energy= 2.48168916789163 occ= 0
MO #113 (B3g #8), energy= 2.50659855840077 occ= 0
MO #114 (B2g #11), energy= 2.53134221710165 occ= 0
MO #115 (B1g #13), energy= 2.60733000820332 occ= 0
MO #116 (Ag #27), energy= 2.64561297015704 occ= 0
MO #117 (Au #6), energy= 2.66065842554963 occ= 0
MO #118 (B2u #18), energy= 2.69823621767624 occ= 0
MO #119 (B3g #9), energy= 2.70683801944468 occ= 0
MO #120 (Ag #28), energy= 2.7694967793394 occ= 0
MO #121 (B1g #14), energy= 2.80223023836486 occ= 0
MO #122 (B3u #21), energy= 2.83963089783611 occ= 0
MO #123 (B3g #10), energy= 2.87690111610211 occ= 0
MO #124 (B1u #16), energy= 2.94023830102475 occ= 0
MO #125 (B2u #19), energy= 2.98364786269091 occ= 0
MO #126 (B2g #12), energy= 3.01950524848617 occ= 0
MO #127 (B3u #22), energy= 3.06468438106243 occ= 0
MO #128 (Ag #29), energy= 3.20255318947426 occ= 0
MO #129 (B3u #23), energy= 3.21541466705604 occ= 0
MO #130 (B2u #20), energy= 3.2518139517396 occ= 0
MO #131 (Ag #30), energy= 3.43612864083609 occ= 0
MO #132 (B3u #24), energy= 3.43814077973901 occ= 0
MO #133 (B1u #17), energy= 3.44794713115334 occ= 0
MO #134 (B2u #21), energy= 3.50874697424092 occ= 0
MO #135 (Ag #31), energy= 3.56377631359977 occ= 0
MO #136 (Au #7), energy= 3.5663147032668 occ= 0
MO #137 (B1g #15), energy= 3.57898724207129 occ= 0
MO #138 (B3g #11), energy= 3.59234957852546 occ= 0
MO #139 (B3u #25), energy= 3.64496409257849 occ= 0
MO #140 (B2g #13), energy= 3.70950459539196 occ= 0
MO #141 (B1g #16), energy= 3.84848384985324 occ= 0
MO #142 (B2u #22), energy= 3.95352467872569 occ= 0
MO #143 (B3u #26), energy= 3.99418221561429 occ= 0
MO #144 (Ag #32), energy= 4.08310912604566 occ= 0
MO #145 (B1g #17), energy= 4.31428202739231 occ= 0
MO #146 (B2u #23), energy= 4.53497493602504 occ= 0
MO #147 (B3u #27), energy= 4.55306491729367 occ= 0
MO #148 (B2g #14), energy= 4.589805648617 occ= 0
MO #149 (B1u #18), energy= 4.69838557127224 occ= 0
MO #150 (Ag #33), energy= 4.70800303880071 occ= 0
MO #151 (B3g #12), energy= 4.77970850877115 occ= 0
MO #152 (B1u #19), energy= 4.84492514348115 occ= 0
MO #153 (B2g #15), energy= 4.93077627941546 occ= 0
MO #154 (B2u #24), energy= 4.94135639207969 occ= 0
MO #155 (B3u #28), energy= 4.94917380072978 occ= 0
MO #156 (Au #8), energy= 4.96343586055447 occ= 0
MO #157 (B1g #18), energy= 4.97460937859397 occ= 0
MO #158 (B3g #13), energy= 5.01653086035972 occ= 0
MO #159 (Ag #34), energy= 5.05235525192599 occ= 0
MO #160 (B2u #25), energy= 5.15589669866854 occ= 0
MO #161 (B1u #20), energy= 5.17517915162732 occ= 0
MO #162 (Au #9), energy= 5.19545589113047 occ= 0
MO #163 (Ag #35), energy= 5.27964592933099 occ= 0
MO #164 (B1g #19), energy= 5.3882058771071 occ= 0
MO #165 (B2g #16), energy= 5.41414562998762 occ= 0
MO #166 (B1u #21), energy= 5.43786243864757 occ= 0
MO #167 (Ag #36), energy= 5.48568009998025 occ= 0
MO #168 (B3u #29), energy= 5.49172743527005 occ= 0
MO #169 (B2u #26), energy= 5.49276491421654 occ= 0
MO #170 (B3g #14), energy= 5.5231423175001 occ= 0
MO #171 (Ag #37), energy= 5.66788544490789 occ= 0
MO #172 (Au #10), energy= 5.73081662815607 occ= 0
MO #173 (B2g #17), energy= 5.74296190147249 occ= 0
MO #174 (B1u #22), energy= 5.791120501539 occ= 0
MO #175 (Ag #38), energy= 5.79895359288174 occ= 0
MO #176 (Au #11), energy= 5.8302510912792 occ= 0
MO #177 (B3g #15), energy= 5.86462841664428 occ= 0
MO #178 (B1u #23), energy= 5.91824067154589 occ= 0
MO #179 (B1g #20), energy= 5.93633712921016 occ= 0
MO #180 (B2u #27), energy= 5.93737391717391 occ= 0
MO #181 (B3u #30), energy= 5.95922510931434 occ= 0
MO #182 (B3g #16), energy= 5.96407306921434 occ= 0
MO #183 (Ag #39), energy= 6.01149013450461 occ= 0
MO #184 (B3u #31), energy= 6.12122686277405 occ= 0
MO #185 (B1g #21), energy= 6.12681096478002 occ= 0
MO #186 (B3u #32), energy= 6.28715425431556 occ= 0
MO #187 (B2u #28), energy= 6.32985994863598 occ= 0
MO #188 (B1g #22), energy= 6.35990806297653 occ= 0
MO #189 (B2g #18), energy= 6.38611265616702 occ= 0
MO #190 (Ag #40), energy= 6.39077474786685 occ= 0
MO #191 (B2u #29), energy= 6.75292816611582 occ= 0
MO #192 (B1g #23), energy= 6.83589444424616 occ= 0
MO #193 (B2g #19), energy= 6.95704743271082 occ= 0
MO #194 (B3g #17), energy= 6.97512016179307 occ= 0
MO #195 (Au #12), energy= 7.01268071372999 occ= 0
MO #196 (B1u #24), energy= 7.09731789937212 occ= 0
MO #197 (B2u #30), energy= 7.27261046498897 occ= 0
MO #198 (B3u #33), energy= 7.28894971044909 occ= 0
MO #199 (Ag #41), energy= 7.5133850478433 occ= 0
MO #200 (B2u #31), energy= 7.66310177132209 occ= 0
MO #201 (B1u #25), energy= 7.79139790660049 occ= 0
MO #202 (B3u #34), energy= 7.89717140756936 occ= 0
MO #203 (Ag #42), energy= 7.89944137138023 occ= 0
MO #204 (Ag #43), energy= 8.11344619083193 occ= 0
MO #205 (B3u #35), energy= 8.1323470546993 occ= 0
MO #206 (B2g #20), energy= 8.25519804371842 occ= 0
MO #207 (B1g #24), energy= 8.32471521144699 occ= 0
MO #208 (Au #13), energy= 8.35824461905999 occ= 0
MO #209 (B1u #26), energy= 8.44791324369308 occ= 0
MO #210 (Ag #44), energy= 8.56553316206205 occ= 0
MO #211 (B3g #18), energy= 8.59538505879668 occ= 0
MO #212 (B3g #19), energy= 8.76800882151819 occ= 0
MO #213 (B2u #32), energy= 8.99670617130047 occ= 0
MO #214 (B3u #36), energy= 9.1319936367647 occ= 0
MO #215 (B2u #33), energy= 9.13559634569872 occ= 0
MO #216 (B1g #25), energy= 9.26648637045204 occ= 0
MO #217 (B3u #37), energy= 9.27876256566355 occ= 0
MO #218 (B1g #26), energy= 9.58968859117556 occ= 0
MO #219 (Ag #45), energy= 9.77286699436201 occ= 0
MO #220 (B1u #27), energy= 9.80826458075117 occ= 0
MO #221 (B2u #34), energy= 10.11867696774 occ= 0
MO #222 (Au #14), energy= 10.3738708744948 occ= 0
MO #223 (B2g #21), energy= 10.5796174063614 occ= 0
MO #224 (B3g #20), energy= 10.6804568586329 occ= 0
MO #225 (Au #15), energy= 10.7158507498247 occ= 0
MO #226 (B3u #38), energy= 10.7945872571427 occ= 0
MO #227 (Ag #46), energy= 10.9214710072039 occ= 0
MO #228 (Ag #47), energy= 10.9896257027514 occ= 0
MO #229 (B2u #35), energy= 11.1671703827852 occ= 0
MO #230 (B3g #21), energy= 11.170727740717 occ= 0
MO #231 (B2g #22), energy= 11.5030129175382 occ= 0
MO #232 (Ag #48), energy= 11.5627627780993 occ= 0
MO #233 (B1u #28), energy= 11.7334588314063 occ= 0
MO #234 (Ag #49), energy= 11.737871783615 occ= 0
MO #235 (B3u #39), energy= 11.8538246929534 occ= 0
MO #236 (B1u #29), energy= 12.1150565328726 occ= 0
MO #237 (B1g #27), energy= 12.2309951196412 occ= 0
MO #238 (B2u #36), energy= 12.2919300380981 occ= 0
MO #239 (B2g #23), energy= 12.5357592300445 occ= 0
MO #240 (B2u #37), energy= 12.7477868583151 occ= 0
MO #241 (B1g #28), energy= 12.8524616129552 occ= 0
MO #242 (B3u #40), energy= 13.2284961389825 occ= 0
MO #243 (B1g #29), energy= 13.7367483885166 occ= 0
MO #244 (Ag #50), energy= 13.8827721126942 occ= 0
MO #245 (B2u #38), energy= 14.0031785594356 occ= 0
MO #246 (B3u #41), energy= 14.2323589726843 occ= 0
MO #247 (B1u #30), energy= 16.6394026245504 occ= 0
MO #248 (B2g #24), energy= 16.6583610785782 occ= 0
MO #249 (B1g #30), energy= 16.6910345332013 occ= 0
MO #250 (B2u #39), energy= 16.7465943940555 occ= 0
MO #251 (B3u #42), energy= 16.8951194884686 occ= 0
MO #252 (B2g #25), energy= 16.8981136014479 occ= 0
MO #253 (B3g #22), energy= 16.8982426886522 occ= 0
MO #254 (B1u #31), energy= 16.9011618340297 occ= 0
MO #255 (Au #16), energy= 16.9022850815922 occ= 0
MO #256 (B1g #31), energy= 16.9028595627645 occ= 0
MO #257 (B2u #40), energy= 16.9043373043625 occ= 0
MO #258 (Ag #51), energy= 16.9057198198718 occ= 0
MO #259 (B1u #32), energy= 16.9113948029947 occ= 0
MO #260 (B2g #26), energy= 16.9155544725696 occ= 0
MO #261 (Ag #52), energy= 16.9175200179662 occ= 0
MO #262 (B3u #43), energy= 16.9235897614133 occ= 0
MO #263 (B2g #27), energy= 16.9286654796393 occ= 0
MO #264 (Au #17), energy= 16.9368477174018 occ= 0
MO #265 (B1u #33), energy= 16.9427500639056 occ= 0
MO #266 (B3g #23), energy= 16.9439941162734 occ= 0
MO #267 (Ag #53), energy= 16.953215012475 occ= 0
MO #268 (B2u #41), energy= 16.9555135701678 occ= 0
MO #269 (B1g #32), energy= 16.956705766303 occ= 0
MO #270 (B3u #44), energy= 16.9608836441556 occ= 0
MO #271 (B1g #33), energy= 16.9928040717643 occ= 0
MO #272 (B2u #42), energy= 17.0178412741259 occ= 0
MO #273 (B3g #24), energy= 17.5069931989867 occ= 0
MO #274 (Au #18), energy= 17.5311213484549 occ= 0
MO #275 (B2g #28), energy= 17.6449464286189 occ= 0
MO #276 (B1u #34), energy= 17.8086819483901 occ= 0
MO #277 (Ag #54), energy= 17.8154386033978 occ= 0
MO #278 (B3u #45), energy= 17.9235122360366 occ= 0
MO #279 (Ag #55), energy= 18.1362993258486 occ= 0
MO #280 (B3u #46), energy= 18.5555425821789 occ= 0
MO #281 (B2u #43), energy= 18.6280821312884 occ= 0
MO #282 (B1g #34), energy= 18.8208283604894 occ= 0
MO #283 (Au #19), energy= 19.6050286503889 occ= 0
MO #284 (B3g #25), energy= 19.6187805899277 occ= 0
MO #285 (Ag #56), energy= 19.6211373887821 occ= 0
MO #286 (B3u #47), energy= 19.6478612879467 occ= 0
MO #287 (B2g #29), energy= 19.9686030034806 occ= 0
MO #288 (B1u #35), energy= 20.0942515938444 occ= 0
MO #289 (B2u #44), energy= 20.2845655492264 occ= 0
MO #290 (Ag #57), energy= 20.4079137078678 occ= 0
MO #291 (B1g #35), energy= 20.467169748525 occ= 0
MO #292 (B1u #36), energy= 20.7232281397249 occ= 0
MO #293 (B2g #30), energy= 20.7746848407758 occ= 0
MO #294 (B3g #26), energy= 20.9506001105402 occ= 0
MO #295 (Au #20), energy= 20.9827926692544 occ= 0
MO #296 (Ag #58), energy= 21.2057287744474 occ= 0
MO #297 (B3u #48), energy= 21.2763976687755 occ= 0
MO #298 (B2u #45), energy= 21.457162342977 occ= 0
MO #299 (B3u #49), energy= 21.6955467869292 occ= 0
MO #300 (B1g #36), energy= 22.5138793812581 occ= 0
 ** Mulliken pop on meta-lowdin orthogonal AOs  **
 ** Mulliken pop  **
pop of  0 Cu 1s        1.99993
pop of  0 Cu 2s        1.99939
pop of  0 Cu 3s        1.99813
pop of  0 Cu 4s        0.15445
pop of  0 Cu 5s        0.00226
pop of  0 Cu 6s        0.00186
pop of  0 Cu 7s        0.00193
pop of  0 Cu 2px       1.99991
pop of  0 Cu 2py       1.99991
pop of  0 Cu 2pz       1.99992
pop of  0 Cu 3px       1.99982
pop of  0 Cu 3py       1.99967
pop of  0 Cu 3pz       1.99980
pop of  0 Cu 4px       0.00450
pop of  0 Cu 4py       0.00150
pop of  0 Cu 4pz       0.00075
pop of  0 Cu 5px       0.00085
pop of  0 Cu 5py       0.00063
pop of  0 Cu 5pz       0.00043
pop of  0 Cu 6px       0.00035
pop of  0 Cu 6py       0.00050
pop of  0 Cu 6pz       0.00062
pop of  0 Cu 7px       0.00041
pop of  0 Cu 7py       0.00010
pop of  0 Cu 7pz       0.00012
pop of  0 Cu 3dxy      1.40643
pop of  0 Cu 3dyz      1.99427
pop of  0 Cu 3dz^2     1.98996
pop of  0 Cu 3dxz      1.99420
pop of  0 Cu 3dx2-y2    1.99190
pop of  0 Cu 4dxy      0.00029
pop of  0 Cu 4dyz      0.00338
pop of  0 Cu 4dz^2     0.00232
pop of  0 Cu 4dxz      0.00280
pop of  0 Cu 4dx2-y2    0.00365
pop of  0 Cu 5dxy      0.00087
pop of  0 Cu 5dyz      0.00134
pop of  0 Cu 5dz^2     0.00120
pop of  0 Cu 5dxz      0.00115
pop of  0 Cu 5dx2-y2    0.00101
pop of  0 Cu 6dxy      0.00030
pop of  0 Cu 6dyz      0.00013
pop of  0 Cu 6dz^2     0.00018
pop of  0 Cu 6dxz      0.00018
pop of  0 Cu 6dx2-y2    0.00009
pop of  0 Cu 4fy^3     0.00014
pop of  0 Cu 4fxyz     0.00010
pop of  0 Cu 4fyz^2    0.00002
pop of  0 Cu 4fz^3     0.00006
pop of  0 Cu 4fxz^2    0.00006
pop of  0 Cu 4fzx^2    0.00003
pop of  0 Cu 4fx^3     0.00023
pop of  0 Cu 5fy^3     0.00007
pop of  0 Cu 5fxyz     0.00011
pop of  0 Cu 5fyz^2    0.00001
pop of  0 Cu 5fz^3     0.00006
pop of  0 Cu 5fxz^2    0.00006
pop of  0 Cu 5fzx^2    0.00005
pop of  0 Cu 5fx^3     0.00032
pop of  0 Cu 6fy^3     0.00000
pop of  0 Cu 6fxyz     0.00004
pop of  0 Cu 6fyz^2    0.00001
pop of  0 Cu 6fz^3     0.00003
pop of  0 Cu 6fxz^2    0.00014
pop of  0 Cu 6fzx^2    0.00005
pop of  0 Cu 6fx^3     0.00023
pop of  0 Cu 5g-4      0.00000
pop of  0 Cu 5g-3      0.00000
pop of  0 Cu 5g-2      0.00001
pop of  0 Cu 5g-1      0.00001
pop of  0 Cu 5g 0      0.00002
pop of  0 Cu 5g 1      0.00002
pop of  0 Cu 5g 2      0.00001
pop of  0 Cu 5g 3      0.00000
pop of  0 Cu 5g 4      0.00001
pop of  0 Cu 6g-4      0.00001
pop of  0 Cu 6g-3      0.00001
pop of  0 Cu 6g-2      0.00001
pop of  0 Cu 6g-1      0.00001
pop of  0 Cu 6g 0      0.00001
pop of  0 Cu 6g 1      0.00002
pop of  0 Cu 6g 2      0.00001
pop of  0 Cu 6g 3      0.00000
pop of  0 Cu 6g 4      0.00007
pop of  0 Cu 6h-5      0.00000
pop of  0 Cu 6h-4      0.00000
pop of  0 Cu 6h-3      0.00000
pop of  0 Cu 6h-2      0.00000
pop of  0 Cu 6h-1      0.00000
pop of  0 Cu 6h 0      0.00000
pop of  0 Cu 6h 1      0.00000
pop of  0 Cu 6h 2      0.00000
pop of  0 Cu 6h 3      0.00000
pop of  0 Cu 6h 4      0.00000
pop of  0 Cu 6h 5      0.00000
pop of  1 Cu 1s        1.99993
pop of  1 Cu 2s        1.99939
pop of  1 Cu 3s        1.99813
pop of  1 Cu 4s        0.15445
pop of  1 Cu 5s        0.00226
pop of  1 Cu 6s        0.00186
pop of  1 Cu 7s        0.00193
pop of  1 Cu 2px       1.99991
pop of  1 Cu 2py       1.99991
pop of  1 Cu 2pz       1.99992
pop of  1 Cu 3px       1.99982
pop of  1 Cu 3py       1.99967
pop of  1 Cu 3pz       1.99980
pop of  1 Cu 4px       0.00450
pop of  1 Cu 4py       0.00150
pop of  1 Cu 4pz       0.00075
pop of  1 Cu 5px       0.00085
pop of  1 Cu 5py       0.00063
pop of  1 Cu 5pz       0.00043
pop of  1 Cu 6px       0.00035
pop of  1 Cu 6py       0.00050
pop of  1 Cu 6pz       0.00062
pop of  1 Cu 7px       0.00041
pop of  1 Cu 7py       0.00010
pop of  1 Cu 7pz       0.00012
pop of  1 Cu 3dxy      1.40643
pop of  1 Cu 3dyz      1.99427
pop of  1 Cu 3dz^2     1.98996
pop of  1 Cu 3dxz      1.99420
pop of  1 Cu 3dx2-y2    1.99190
pop of  1 Cu 4dxy      0.00029
pop of  1 Cu 4dyz      0.00338
pop of  1 Cu 4dz^2     0.00232
pop of  1 Cu 4dxz      0.00280
pop of  1 Cu 4dx2-y2    0.00365
pop of  1 Cu 5dxy      0.00087
pop of  1 Cu 5dyz      0.00134
pop of  1 Cu 5dz^2     0.00120
pop of  1 Cu 5dxz      0.00115
pop of  1 Cu 5dx2-y2    0.00101
pop of  1 Cu 6dxy      0.00030
pop of  1 Cu 6dyz      0.00013
pop of  1 Cu 6dz^2     0.00018
pop of  1 Cu 6dxz      0.00018
pop of  1 Cu 6dx2-y2    0.00009
pop of  1 Cu 4fy^3     0.00014
pop of  1 Cu 4fxyz     0.00010
pop of  1 Cu 4fyz^2    0.00002
pop of  1 Cu 4fz^3     0.00006
pop of  1 Cu 4fxz^2    0.00006
pop of  1 Cu 4fzx^2    0.00003
pop of  1 Cu 4fx^3     0.00023
pop of  1 Cu 5fy^3     0.00007
pop of  1 Cu 5fxyz     0.00011
pop of  1 Cu 5fyz^2    0.00001
pop of  1 Cu 5fz^3     0.00006
pop of  1 Cu 5fxz^2    0.00006
pop of  1 Cu 5fzx^2    0.00005
pop of  1 Cu 5fx^3     0.00032
pop of  1 Cu 6fy^3     0.00000
pop of  1 Cu 6fxyz     0.00004
pop of  1 Cu 6fyz^2    0.00001
pop of  1 Cu 6fz^3     0.00003
pop of  1 Cu 6fxz^2    0.00014
pop of  1 Cu 6fzx^2    0.00005
pop of  1 Cu 6fx^3     0.00023
pop of  1 Cu 5g-4      0.00000
pop of  1 Cu 5g-3      0.00000
pop of  1 Cu 5g-2      0.00001
pop of  1 Cu 5g-1      0.00001
pop of  1 Cu 5g 0      0.00002
pop of  1 Cu 5g 1      0.00002
pop of  1 Cu 5g 2      0.00001
pop of  1 Cu 5g 3      0.00000
pop of  1 Cu 5g 4      0.00001
pop of  1 Cu 6g-4      0.00001
pop of  1 Cu 6g-3      0.00001
pop of  1 Cu 6g-2      0.00001
pop of  1 Cu 6g-1      0.00001
pop of  1 Cu 6g 0      0.00001
pop of  1 Cu 6g 1      0.00002
pop of  1 Cu 6g 2      0.00001
pop of  1 Cu 6g 3      0.00000
pop of  1 Cu 6g 4      0.00007
pop of  1 Cu 6h-5      0.00000
pop of  1 Cu 6h-4      0.00000
pop of  1 Cu 6h-3      0.00000
pop of  1 Cu 6h-2      0.00000
pop of  1 Cu 6h-1      0.00000
pop of  1 Cu 6h 0      0.00000
pop of  1 Cu 6h 1      0.00000
pop of  1 Cu 6h 2      0.00000
pop of  1 Cu 6h 3      0.00000
pop of  1 Cu 6h 4      0.00000
pop of  1 Cu 6h 5      0.00000
pop of  2 O 1s        1.99999
pop of  2 O 2s        1.90285
pop of  2 O 3s        0.00118
pop of  2 O 4s        0.00018
pop of  2 O 5s        0.00034
pop of  2 O 2px       1.37765
pop of  2 O 2py       1.12461
pop of  2 O 2pz       1.99360
pop of  2 O 3px       0.00133
pop of  2 O 3py       0.00226
pop of  2 O 3pz       0.00176
pop of  2 O 4px       0.00459
pop of  2 O 4py       0.00263
pop of  2 O 4pz       0.00083
pop of  2 O 5px       0.00103
pop of  2 O 5py       0.00024
pop of  2 O 5pz       0.00026
pop of  2 O 3dxy      0.00548
pop of  2 O 3dyz      0.00167
pop of  2 O 3dz^2     0.00211
pop of  2 O 3dxz      0.00001
pop of  2 O 3dx2-y2    0.00249
pop of  2 O 4dxy      0.00198
pop of  2 O 4dyz      0.00070
pop of  2 O 4dz^2     0.00059
pop of  2 O 4dxz      0.00025
pop of  2 O 4dx2-y2    0.00051
pop of  2 O 5dxy      0.00039
pop of  2 O 5dyz      0.00024
pop of  2 O 5dz^2     0.00010
pop of  2 O 5dxz      0.00015
pop of  2 O 5dx2-y2    0.00006
pop of  2 O 4fy^3     0.00019
pop of  2 O 4fxyz     0.00001
pop of  2 O 4fyz^2    0.00020
pop of  2 O 4fz^3     0.00036
pop of  2 O 4fxz^2    0.00033
pop of  2 O 4fzx^2    0.00012
pop of  2 O 4fx^3     0.00024
pop of  2 O 5fy^3     0.00011
pop of  2 O 5fxyz     0.00003
pop of  2 O 5fyz^2    0.00003
pop of  2 O 5fz^3     0.00015
pop of  2 O 5fxz^2    0.00008
pop of  2 O 5fzx^2    0.00015
pop of  2 O 5fx^3     0.00037
pop of  2 O 5g-4      0.00005
pop of  2 O 5g-3      0.00002
pop of  2 O 5g-2      0.00000
pop of  2 O 5g-1      0.00002
pop of  2 O 5g 0      0.00001
pop of  2 O 5g 1      0.00000
pop of  2 O 5g 2      0.00001
pop of  2 O 5g 3      0.00000
pop of  2 O 5g 4      0.00002
pop of  3 O 1s        1.99999
pop of  3 O 2s        1.90285
pop of  3 O 3s        0.00118
pop of  3 O 4s        0.00018
pop of  3 O 5s        0.00034
pop of  3 O 2px       1.37765
pop of  3 O 2py       1.12461
pop of  3 O 2pz       1.99360
pop of  3 O 3px       0.00133
pop of  3 O 3py       0.00226
pop of  3 O 3pz       0.00176
pop of  3 O 4px       0.00459
pop of  3 O 4py       0.00263
pop of  3 O 4pz       0.00083
pop of  3 O 5px       0.00103
pop of  3 O 5py       0.00024
pop of  3 O 5pz       0.00026
pop of  3 O 3dxy      0.00548
pop of  3 O 3dyz      0.00167
pop of  3 O 3dz^2     0.00211
pop of  3 O 3dxz      0.00001
pop of  3 O 3dx2-y2    0.00249
pop of  3 O 4dxy      0.00198
pop of  3 O 4dyz      0.00070
pop of  3 O 4dz^2     0.00059
pop of  3 O 4dxz      0.00025
pop of  3 O 4dx2-y2    0.00051
pop of  3 O 5dxy      0.00039
pop of  3 O 5dyz      0.00024
pop of  3 O 5dz^2     0.00010
pop of  3 O 5dxz      0.00015
pop of  3 O 5dx2-y2    0.00006
pop of  3 O 4fy^3     0.00019
pop of  3 O 4fxyz     0.00001
pop of  3 O 4fyz^2    0.00020
pop of  3 O 4fz^3     0.00036
pop of  3 O 4fxz^2    0.00033
pop of  3 O 4fzx^2    0.00012
pop of  3 O 4fx^3     0.00024
pop of  3 O 5fy^3     0.00011
pop of  3 O 5fxyz     0.00003
pop of  3 O 5fyz^2    0.00003
pop of  3 O 5fz^3     0.00015
pop of  3 O 5fxz^2    0.00008
pop of  3 O 5fzx^2    0.00015
pop of  3 O 5fx^3     0.00037
pop of  3 O 5g-4      0.00005
pop of  3 O 5g-3      0.00002
pop of  3 O 5g-2      0.00000
pop of  3 O 5g-1      0.00002
pop of  3 O 5g 0      0.00001
pop of  3 O 5g 1      0.00000
pop of  3 O 5g 2      0.00001
pop of  3 O 5g 3      0.00000
pop of  3 O 5g 4      0.00002
 ** Mulliken atomic charges  **
charge of  0Cu =      1.43455
charge of  1Cu =      1.43455
charge of  2O =     -0.43455
charge of  3O =     -0.43455
Dipole moment(X, Y, Z, Debye):  0.00000, -0.00000,  0.00000
ncore for each irreps {'B1g': 2, 'Ag': 7, 'B3u': 5, 'B2u': 4, 'B1u': 2, 'Au': 0, 'B2g': 2, 'B3g': 0}
ncas for each irreps {'B1g': 4, 'Ag': 6, 'B3u': 6, 'B2u': 4, 'B1u': 4, 'Au': 2, 'B2g': 2, 'B3g': 4}
(0-based) caslst = [22 23 24 25 26 27 28 29 30 31 32 33 34 35 36 37 38 39 40 41 42 43 44 45
 46 48 49 50 51 56 57 65]

******** <class 'pyscf.mcscf.mc1step_symm.SymAdaptedCASSCF'> ********
CAS (14e+14e, 32o), ncore = 22, nvir = 246
max_cycle_macro = 50
max_cycle_micro = 4
conv_tol = 1e-07
conv_tol_grad = None
orbital rotation max_stepsize = 0.02
augmented hessian ah_max_cycle = 30
augmented hessian ah_conv_tol = 1e-12
augmented hessian ah_linear dependence = 1e-14
augmented hessian ah_level shift = 0
augmented hessian ah_start_tol = 2.5
augmented hessian ah_start_cycle = 3
augmented hessian ah_grad_trust_region = 3
kf_trust_region = 3
kf_interval = 4
ci_response_space = 4
ci_grad_trust_region = 3
with_dep4 0
natorb = False
canonicalization = True
sorting_mo_energy = False
ao2mo_level = 2
chkfile = cu2o2_0.4_SHCISCF.chk
max_memory 4000 MB (current use 457 MB)
internal_rotation = False

******** SHCI flags ********
executable             = /home/nsb37/Dice_github/Dice
mpiprefix              = mpirun
scratchDirectory       = /scratch/nsb37/161408/TMPDIR/109709
integralFile           = ./FCIDUMP
configFile             = ./input.dat
outputFile             = ./output.dat
maxIter                = 6
sweep_iter             = [    0,    3,    6]
sweep_epsilon          = [0.001,0.0005,0.0001]
nPTiter                = 0
Stochastic             = True
restart                = False
fullrestart            = False
num_thrds              = 1
memory                 = None

Active space CI wfn symmetry = Ag
CASCI E = -3411.73973700501  S^2 = 0.0000000
Set conv_tol_grad to 0.000316228
macro iter 1 (21 JK  4 micro), CASSCF E = -3411.87262052261  dE = -0.13288352  S^2 = 0.0000000
               |grad[o]|=0.366  |grad[c]|= None  |ddm|=0.097
macro iter 2 (21 JK  4 micro), CASSCF E = -3411.99724717346  dE = -0.12462665  S^2 = 0.0000000
               |grad[o]|=0.157  |grad[c]|= None  |ddm|=0.0667
macro iter 3 (21 JK  4 micro), CASSCF E = -3412.09657147462  dE = -0.099324301  S^2 = 0.0000000
               |grad[o]|=0.125  |grad[c]|= None  |ddm|=0.0422
macro iter 4 (21 JK  4 micro), CASSCF E = -3412.16847501724  dE = -0.071903543  S^2 = 0.0000000
               |grad[o]|=0.0934  |grad[c]|= None  |ddm|=0.0286
macro iter 5 (21 JK  4 micro), CASSCF E = -3412.21039817355  dE = -0.041923156  S^2 = 0.0000000
               |grad[o]|=0.054  |grad[c]|= None  |ddm|=0.0319
macro iter 6 (20 JK  4 micro), CASSCF E = -3412.21853066555  dE = -0.008132492  S^2 = 0.0000000
               |grad[o]|=0.0203  |grad[c]|= None  |ddm|=0.0185
macro iter 7 (15 JK  4 micro), CASSCF E = -3412.21896113421  dE = -0.00043046866  S^2 = 0.0000000
               |grad[o]|=0.011  |grad[c]|= None  |ddm|=0.00848
macro iter 8 (16 JK  4 micro), CASSCF E = -3412.2189643432  dE = -3.2089924e-06  S^2 = 0.0000000
               |grad[o]|=0.00137  |grad[c]|= None  |ddm|=0.000983
macro iter 9 (8 JK  1 micro), CASSCF E = -3412.21896444301  dE = -9.9810222e-08  S^2 = 0.0000000
               |grad[o]|=0.000135  |grad[c]|= None  |ddm|=4.45e-05
1-step CASSCF converged in 9 macro (164 JK 33 micro) steps
CASSCF canonicalization
Density matrix diagonal elements [1.98133817 1.98861249 1.98905891 1.98543949 1.98965191 1.98888724
 1.98961379 1.98689714 1.89125071 1.97885123 1.95252754 1.97377601
 1.80277118 1.53411251 0.52311529 0.24601676 0.00852872 0.01723179
 0.0242978  0.01110523 0.00796782 0.0098059  0.01868461 0.01069039
 0.01227803 0.01452291 0.014306   0.00654003 0.01538569 0.00679334
 0.0104402  0.00950117]
CASSCF energy = -3412.21896444301
CASCI E = -3412.21896444301  E(CI) = -190.035201421319  S^2 = 0.0000000
