*File 'NEVPT2_CCVV.inp'  nOrb = 280(R)  nElec = 14  Ms2 = 0  iWfSym = 0
 Performing a restricted NEVPT2_CCVV calculation with spatial orbitals.

 Size of working set:                     25 mb
 Size of Hamiltonian:                      0 mb
 Size of CI amplitude vector:              1 mb [131072 entries/vec]

 Convergence thresholds:   THRDEN = 1.00e-05  THRVAR = 1.00e-05

 ITER.      SQ.NORM        ENERGY      ENERGY CHANGE     VAR       TIME     DIIS
   1       1.76415334   194.37510135   194.37510135    3.09e+04      0.19
   2       0.41160943    33.94036296  -160.43473840    4.41e+03      0.07
   3       0.10555548     6.57966776   -27.36069520    6.35e+02      0.07
   4       0.02214618     1.32203765    -5.25763011    1.62e+02      0.07
   5       0.00596577     0.27695030    -1.04508735    5.02e+01      0.07
   6       0.00277586     0.05833025    -0.21862005    1.03e+01      0.07
   7       0.00115295    -0.02073624    -0.07906649    2.88e+00      0.07
   8       0.00070362    -0.04164162    -0.02090538    6.27e-01      0.07
   9       0.00056998    -0.04717135    -0.00552973    1.58e-01      0.07
  10       0.00054614    -0.04816049    -0.00098914    3.76e-02      0.07
  11       0.00053610    -0.04850523    -0.00034473    9.37e-03      0.07
  12       0.00053425    -0.04856915    -0.00006392    2.65e-03      0.07
  13       0.00053373    -0.04858593    -0.00001678    8.37e-04      0.07
  14       0.00053359    -0.04859023    -0.00000430    2.79e-04      0.07
  15       0.00053351    -0.04859214    -0.00000191    5.91e-05      0.07
  16       0.00053349    -0.04859264    -0.00000050    1.93e-05      0.07
  17       0.00053349    -0.04859278    -0.00000014    4.28e-06      0.07

 Time for main loop:                               1.27 sec
 Time for residual:                                0.00 sec
 Time for rest:                                    1.27 sec

 Coefficient of reference function    43.29507038093969
 Reference energy                      0.00000000000000

!NEVPT2_CCVV STATE 1 ENERGY           -0.04859278074126
