

**************************************************************
Dice  Copyright (C) 2017  Sandeep Sharma
This program is distributed in the hope that it will be useful,
but WITHOUT ANY WARRANTY; without even the implied warranty of
MERCHANTABILITY or FITNESS FOR A PARTICULAR PURPOSE.
See the GNU General Public License for more details.


Author:       Sandeep Sharma
Contributors: James E Smith, Adam A Holmes, Bastien Mussard
For detailed documentation on Dice please visit
https://sanshar.github.io/Dice/
Please visit our group page for up to date information on other projects
http://www.colorado.edu/lab/sharmagroup/
**************************************************************


**************************************************************
Input file  :
**************************************************************
#system
nocc 28
0 2 4 6 8 10 12 14 16 18 20 22 24 26 1 3 5 7 9 11 13 15 17 19 21 23 25 27 
orbitals ./FCIDUMP
nroots 1

#variational
schedule
0 0.00002
end
davidsonTol 5e-05
dE 1e-08
maxiter 100
printalldeterminants

#pt
nPTiter 0
epsilon2 1e-07
#epsilon2Large 2e-5
targetError 1e-5
sampleN 200


#misc
noio
prefix /rc_scratch/anma2640/
DoRDM
DoSpinRDM



**************************************************************
VARIATIONAL STEP  
**************************************************************
Iter Root       Eps1   #Var. Det.               Energy   #Davidson     Time(s)
   0    0    2.00e-05       11461     -3412.1099089064         14        0.65
   1    0    2.00e-05     7801174     -3412.2277329569         26      259.26
   2    0    2.00e-05    17751743     -3412.2396295082         24      634.73
   3    0    2.00e-05    20126030     -3412.2400949980         16      808.19
   4    0    2.00e-05    20320109     -3412.2401253951         11      892.83
   5    0    2.00e-05    20339523     -3412.2401282422          5      943.15
   6    0    2.00e-05    20341087     -3412.2401285090          4      978.95
   7    0    2.00e-05    20341567     -3412.2401285824          3     1011.35
   8    0    2.00e-05    20341738     -3412.2401286051          3     1042.70
   9    0    2.00e-05    20341843     -3412.2401286174          3     1074.95
  10    0    2.00e-05    20341925     -3412.2401286303          3     1106.12
  11    0    2.00e-05    20342011     -3412.2401286380          2     1131.85

Performing final tight davidson with tol: 5e-05

Exiting variational iterations
Calculating 2RDM
-344.059715410271  156.065651015045
E from 2RDM: -3412.24012863801
VARIATIONAL CALCULATION RESULT
------------------------------
Root             Energy     Time(s)
   0    -3412.2401286380     1262.04


Printing all determinants
 Det     weight  Determinant string
State :0
We cannot perform PT RDM with stochastic PT. Disabling RDM.

**************************************************************
PERTURBATION THEORY STEP  
**************************************************************
