{
    "print": {
        "readSCNorms": "false"
    },
    "wavefunction": {
        "name": "scpt",
        "numAct": "8",
        "numCore": "2",
        "overlapCutoff": "1.0e-8",
        "determinants": "dets"
    },
    "sampling": {
        "stochasticIterNorms": "1000",
        "nIterFindInitDets": "100",
        "numSCSamples": "10000",
        "stochasticIterEachSC": "100",
        "fixedResTimeNEVPT_Ene": "false",
        "epsilon": "1.0e-8",
        "seed": "1174943",
        "efficientNEVPT_2": "true",
        "determCCVV": "true",
        "SCEnergiesBurnIn": "50",
        "SCNormsBurnIn": "50"
    }
}

Reading integrals
Finished reading integrals
Starting heat bath integral construction
Finished heat bath integral construction
Reading active space determinants
Finished reading determinants, hash table bucket count: 2048
Integrals and wave function preparation finished in 0.442981 s

Deterministic CCVV energy:  -0.00032345018087

About to sample the norms of the strongly contracted states...

About to allocate arrays for sampling...
Total number of strongly contracted states to sample: 821
Allocation of sampling arrays now finished.

About to call first instance of HamAndSCNorms...
First instance of HamAndSCNorms complete.
iter: 0  t: 0.524806
iter: 1  t: 0.530374
iter: 100  t: 1.09388
iter: 200  t: 1.66105
iter: 300  t: 2.22804
iter: 400  t: 2.79611
iter: 500  t: 3.36298
iter: 600  t: 3.92868
iter: 700  t: 4.49537
iter: 800  t: 5.06115
iter: 900  t: 5.62749
iter: 1000  t: 6.64615
Calculating AAVV norms...
AAVV norms calculated. Time taken: 0.162766
Calculating CAAV norms...
CAAV norms calculated. Time taken: 0.0397551
Calculating CCAA norms...
CCAA norms calculated. Time taken: 0.00202608

Calculation of strongly contracted norms complete.
Total time for norms calculation:  6.39916

About to print norm data...
Printing complete.

Now sampling the NEVPT2 energy...
Total cumulative squared norm (process 0): 0.656088

MPI Barrier time: 5.37669 seconds
Energy error estimate: 0.000195666858255
Bias correction error estimate: 2.30214951135e-07
Sampling complete.

Total time for energy sampling 237.673352003 seconds
CAS energy: -109.0347099
SC-NEVPT2(s) second-order energy: -0.1490808359
Total SC-NEVPT(s) energy: -109.1837907
SC-NEVPT2(s) second-order energy with CCVV:  -0.1494042861
Total SC-NEVPT2(s) energy with CCVV:  -109.1841142
