{
    "print": {
        "SCNorms": "false",
        "readSCNorms": "false"
    },
    "wavefunction": {
        "name": "scpt",
        "numAct": "24",
        "numCore": "49",
        "overlapCutoff": "1.0e-8",
        "determinants": "dets"
    },
    "sampling": {
        "stochasticIterNorms": "1000",
        "nIterFindInitDets": "100",
        "numSCSamples": "1000",
        "stochasticIterEachSC": "100",
        "fixedResTimeNEVPT": "false",
        "epsilon": "1.0e-8",
        "seed": "55926",
        "efficientNEVPT_2": "true",
        "determCCVV": "true",
        "SCEnergiesBurnIn": "50",
        "SCNormsBurnIn": "50"
    }
}

Reading integrals
Finished reading integrals
Starting heat bath integral construction
Finished heat bath integral construction
Reading active space determinants
Finished reading determinants, hash table bucket count: 8388608
Integrals and wave function preparation finished in 121.419 s

Deterministic CCVV energy:  -1.06753490883

About to sample the norms of the strongly contracted states...

About to allocate arrays for sampling...
Total number of strongly contracted states to sample: 97021
Allocation of sampling arrays now finished.

About to call first instance of HamAndSCNorms...
First instance of HamAndSCNorms complete.
iter: 0  t: 274.122
iter: 1  t: 296.245
iter: 100  t: 2494.2
iter: 200  t: 4710.37
iter: 300  t: 6917.76
iter: 400  t: 9131.29
iter: 500  t: 11354.6
iter: 600  t: 13572.7
iter: 700  t: 15791.2
iter: 800  t: 17999.8
iter: 900  t: 20083.5
iter: 1000  t: 36026.6
Calculating AAVV norms...
AAVV norms calculated. Time taken: 51.292
Calculating CAAV norms...
CAAV norms calculated. Time taken: 154.224
Calculating CCAA norms...
CCAA norms calculated. Time taken: 92.7116

Calculation of strongly contracted norms complete.
Total time for norms calculation:  36082.1

Now sampling the NEVPT2 energy...
Total cumulative squared norm (process 0): 1.07182

MPI Barrier time: 4585.79 seconds
Energy error estimate: 0.000470216557773
Bias correction error estimate: 2.17035833797e-06
Sampling complete.

Total time for energy sampling 80388.244684 seconds
CAS energy: -923.7522972
SC-NEVPT2(s) second-order energy: -0.5302561085
Total SC-NEVPT(s) energy: -924.2825533
SC-NEVPT2(s) second-order energy with CCVV:  -1.597791017
Total SC-NEVPT2(s) energy with CCVV:  -925.3500882
