#INFO: **** input file is /state/partition1/nsb37/161407/prepVMC.py ****
import numpy as np
from pyscf import gto, scf, ao2mo, mcscf, tools, fci, mp, symm, lib
from pyscf.shciscf import shci
import math, os, time, sys
#import NEVPT2Helper as nev

def myocc(mf):
   mol = mf.mol
   irrep_id = mol.irrep_id
   so = mol.symm_orb
   orbsym = symm.label_orb_symm(mol, irrep_id, so, mf.mo_coeff)
   doccsym = np.array(orbsym)[mf.mo_occ==2]
   soccsym = np.array(orbsym)[mf.mo_occ==1]
   for ir, irname in enumerate(mol.irrep_name):
     print('%s, double-occ = %d, single-occ = %d' %
         (irname, sum(doccsym==ir), sum(soccsym==ir)))

# Cu2O2^2+: bis f = 0., per f = 1.
if len(sys.argv) == 2:
    f = float(sys.argv[1])
else:
    f = 0.

# bond lengths
cu_cu = 2.8 + f * 0.8
o_o = 2.3 - f * 0.9

#atomString = f'Cu {-cu_cu/2} 0. 0.; Cu {cu_cu/2} 0. 0.; O 0. {o_o/2} 0.; O 0. {-o_o/2} 0.'
atomString = 'Cu {} 0. 0.; Cu {} 0. 0.; O 0. {} 0.; O 0. {} 0.'.format(-cu_cu/2, cu_cu/2, o_o/2, -o_o/2)

mol = gto.M(atom = atomString,
    basis = {'O': gto.basis.parse('''
O    S
 105374.95                   0.00012386            -0.00002815             0.00002616            -0.00005058             0.00005196
  15679.240                  0.00051201            -0.00011630             0.00010748            -0.00020024             0.00019612
   3534.5447                 0.00215291            -0.00049092             0.00045972            -0.00091952             0.00099303
    987.36516                0.00852844            -0.00194616             0.00179555            -0.00320240             0.00297658
    315.97875                0.03018049            -0.00700530             0.00667574            -0.01359974             0.01564071
    111.65428                0.09099702            -0.02167814             0.02053445            -0.03392296             0.03231923
     42.699451               0.21779364            -0.05641213             0.05828602            -0.11685462             0.16012253
     17.395596               0.36862457            -0.11270530             0.12129691            -0.14040275             0.15386867
      7.4383090              0.33667073            -0.15891197             0.22641475            -0.47546666             0.93886300
      3.2228620              0.09657630            -0.03355083            -0.04238700             0.83350096            -3.16442722
      1.2538770              0.00214452             0.35319028            -1.01045538             1.30186138             2.94545392
       .49515500             0.00119435             0.55341993            -0.15386868            -2.48175844            -0.46724256
       .19166500             0.00053902             0.23018391             0.99345320             0.81134659            -1.59503813
       .06708300             0.00021034             0.01127267             0.18587254             0.58210417             1.34403482
O    P
    200.00000                0.00091730            -0.00087213             0.00129603            -0.00195602
     46.533367               0.00737714            -0.00706424             0.01151279            -0.02399585
     14.621809               0.03483515            -0.03330489             0.05159120            -0.09118427
      5.3130640              0.11443970            -0.11441275             0.20459407            -0.52863388
      2.1025250              0.25549664            -0.29901068             0.55019345            -0.38198314
       .85022300             0.37225574            -0.31986054            -0.14872038             1.44198816
       .33759700             0.33233149             0.20550900            -0.89690085            -0.67366146
       .12889200             0.14008479             0.59359268             0.24707597            -0.66496950
       .04511200             0.02395784             0.28229027             0.64443405             0.82977107
O    D
      3.7500000              0.13609758            -0.39151953             0.95199748
      1.3125000              0.51401475            -0.62262728            -0.67736624
       .45937500             0.47407125             0.72160073            -0.34608569
       .16078100             0.08166905             0.31870103             0.81524547
O    F
      2.3500000              0.33460642            -0.83677707
       .94000000             0.56136672             0.10721970
       .37600000             0.29572786             0.72955061
O    G
      1.175000               0.89524901
      0.470000               0.166642351
    '''),
    'Cu': gto.basis.parse('''
Cu    S
9148883.                     0.00011722            -0.00003675             0.00001383            -0.00000271             0.00000346            -0.00001401             0.00001043
1369956.                     0.00033155            -0.00010403             0.00003914            -0.00000766             0.00000979            -0.00003959             0.00002948
 311782.6                    0.00088243            -0.00027733             0.00010439            -0.00002047             0.00002626            -0.00010612             0.00007887
  88318.80                   0.00217229            -0.00068417             0.00025745            -0.00005030             0.00006392            -0.00025900             0.00019337
  28815.53                   0.00529547            -0.00167686             0.00063203            -0.00012442             0.00016087            -0.00064865             0.00048021
  10403.46                   0.01296630            -0.00413460             0.00155718            -0.00030269             0.00038023            -0.00154770             0.00116372
   4057.791                  0.03188050            -0.01035127             0.00391659            -0.00077628             0.00101716            -0.00408342             0.00300351
   1682.974                  0.07576569            -0.02534791             0.00959476            -0.00185240             0.00229152            -0.00940206             0.00715331
    733.7543                 0.16244637            -0.05836947             0.02238837            -0.00448270             0.00597497            -0.02389117             0.01749000
    333.2677                 0.28435959            -0.11673284             0.04528606            -0.00866024             0.01044695            -0.04359832             0.03399715
    156.4338                 0.34173643            -0.18466860             0.07498378            -0.01544726             0.02151583            -0.08588857             0.06315941
     74.69721                0.20955087            -0.14700899             0.06188170            -0.01089864             0.01030128            -0.04734865             0.04023075
     33.32262                0.03544751             0.18483257            -0.09047327             0.01467867            -0.00984324             0.06382592            -0.07818080
     16.62237               -0.00243996             0.56773609            -0.39288472             0.09154122            -0.14292630             0.59363541            -0.48734052
      8.208260               0.00146990             0.37956092            -0.35664956             0.06330857            -0.05612707             0.41506062            -0.33346978
      3.609400              -0.00064379             0.04703755             0.34554793            -0.06093879             0.09135650            -1.70027942             2.60302086
      1.683449               0.00024738            -0.00072783             0.70639197            -0.27148545             0.45831402            -0.29799956            -2.74603469
      0.733757              -0.00008118             0.00102976             0.25335911            -0.10138944            -0.19726740             1.70719425             0.71954394
      0.110207               0.00001615            -0.00007020             0.00658749             0.71212180            -1.30310157            -0.65600053             1.53198225
      0.038786              -0.00001233             0.00007090            -0.00044247             0.34613175             0.87975568            -0.31924524            -3.06314771
      0.015514               0.00000452            -0.00002454             0.00072338             0.07198709             0.57310889             0.61772456             2.02100706
Cu    P
   9713.253                  0.00039987            -0.00014879             0.00005053            -0.00015878             0.00012679            -0.00022000
   2300.889                  0.00210157            -0.00078262             0.00026719            -0.00085359             0.00068397            -0.00104834
    746.7706                 0.01001097            -0.00376229             0.00127718            -0.00399919             0.00320291            -0.00581612
    284.6806                 0.03836039            -0.01457968             0.00499760            -0.01608092             0.01301351            -0.01983336
    119.9999                 0.11626756            -0.04571093             0.01561376            -0.04924864             0.04021371            -0.07638917
     54.07386                0.25899831            -0.10593013             0.03689701            -0.12165679             0.10150109            -0.15366480
     25.37321                0.38428226            -0.16836228             0.05796469            -0.17713367             0.13700954            -0.28449754
     12.20962                0.29911210            -0.10373213             0.03791966            -0.14448197             0.10628972             0.10206373
      5.757421               0.08000672             0.21083155            -0.11706499             0.64743311            -0.83390265             1.55100061
      2.673402               0.00319440             0.48916443            -0.20912257             0.54797692             0.14412002            -1.84574442
      1.186835               0.00147252             0.38468638            -0.05800532            -0.78180321             0.98301239             0.10057714
      0.481593              -0.00023391             0.08529338             0.16430736            -0.52607778            -0.52956418             1.39430453
      0.192637               0.00020761            -0.00161045             0.52885466             0.22437177            -0.75303984            -1.12548146
      0.077055              -0.00008963             0.00206530             0.37373016             0.33392453             0.44288700            -0.18571375
      0.030822               0.00002783            -0.00064175             0.08399866             0.14446374             0.57511589             0.70628395
Cu    D
    249.3497                 0.00134561            -0.00158359             0.00191116            -0.00316569
     74.63837                0.01080983            -0.01281116             0.01772495            -0.03710740
     28.37641                0.04733793            -0.05642679             0.07056381            -0.12591409
     11.94893                0.13772582            -0.16641393             0.22906101            -0.49360952
      5.317646               0.26263833            -0.35106014             0.43938511            -0.16251663
      2.364417               0.33470401            -0.23717890            -0.26739908             1.00715586
      1.012386               0.31000597             0.21994641            -0.62590624            -0.32192167
      0.406773               0.21316819             0.48841363             0.12211340            -0.61072690
      0.147331               0.07865365             0.29537131             0.53683629             0.39038140
      0.058932               0.00603096             0.04295539             0.19750055             0.37334893
Cu    F
     15.4333                 0.03682063            -0.06200336             0.13301012
      6.1172                 0.24591418            -0.52876669             0.74591931
      2.4246                 0.50112688            -0.29078386            -0.67622545
      0.9610                 0.35850648             0.52124157            -0.31278443
      0.3809                 0.14728062             0.37532205             0.60308069
      0.1510                 0.02564748             0.10659798             0.26056742
Cu    G
      8.7286                 0.16903848            -0.45244412
      3.4308                 0.60654185            -0.42317767
      1.3485                 0.37979899             0.61107957
      0.5300                 0.10367757             0.39786263
Cu    H
      4.2885                 0.69861274
      1.6856                 0.445143741
    ''')},
    verbose = 4, unit = 'angstrom', symmetry = 1, spin = 0, charge = 2)
mf = scf.RHF(mol)
mf.max_cycle = 500
mf.chkfile = 'cu2o2_{}_HF.chk'.format(f)
mf.kernel()
myocc(mf)
mf.analyze()
#tools.molden.from_mo(mol, f'cu2o2_{f}.molden', mf.mo_coeff)

# shciscf
norbAct = 32
nelecAct = 28
mc = shci.SHCISCF(mf, norbAct, nelecAct)
mc.chkfile = 'cu2o2_{}_SHCISCF.chk'.format(f)
#
# for icpt integrals uncomment the following and comment out the mc calculation, FCIDUMP generation, etc.
#chkfile = f'{n}_SHCISCF.chk'
#mc.__dict__.update(lib.chkfile.load(chkfile, 'mcscf'))
#
# active space: Cu 3d, 4d; O 2p, 3p
mo = mc.sort_mo_by_irrep({'Ag': 6,'B1u': 4,'B2u': 4, 'B3g': 4, 'B3u': 6, 'B2g': 2, 'B1g': 4, 'Au': 2},
    {'Ag': 7,'B1u': 2,'B2u': 4, 'B3g': 0, 'B3u': 5,'B2g': 2, 'B1g': 2, 'Au': 0})
#
mc.fcisolver.sweep_iter = [0, 3, 6]
mc.fcisolver.sweep_epsilon = [1e-3, 5e-4, 1e-4]
mc.fcisolver.nPTiter = 0
#mc.max_cycle_macro = 20
#mc.internal_rotation = True
mc.fcisolver.nPTiter = 0  # Turns off PT calculation, i.e. no PTRDM.
#mc.fcisolver.mpiprefix = "mpirun -np 24"
#mc.fcisolver.prefix = "/rc_scratch/anma2640/cu2o2/"
mc.mc1step(mo)[0]

tools.molden.from_mo(mol, 'cu2o2_{}.molden'.format(f), mc.mo_coeff)
# prep nevpt

norbFrozen = 12
norbCore = 22

fileh = open("moEne.txt", 'w')
for i in range(mol.nao - norbFrozen):
  fileh.write('%.12e\n'%(mc.mo_energy[i + norbFrozen]))
fileh.close()

tools.fcidump.from_mc(mc, 'FCIDUMP_all_orbs', nFrozen = norbFrozen)

# active space integrals for dice calculation
mo_core = mc.mo_coeff[:,:norbCore]
mo_rest = mc.mo_coeff[:,norbCore:norbCore + norbAct]
core_dm = 2 * mo_core.dot(mo_core.T)
corevhf = mc.get_veff(mol, core_dm)
energy_core = mol.energy_nuc()
energy_core += np.einsum('ij,ji', core_dm, mc.get_hcore())
energy_core += np.einsum('ij,ji', core_dm, corevhf) * .5
h1eff = mo_rest.T.dot(mc.get_hcore() + corevhf).dot(mo_rest)
eri = ao2mo.kernel(mol, mo_rest)
tools.fcidump.from_integrals('FCIDUMP', h1eff, eri, norbAct, nelecAct, energy_core)

#this is the scratch file for writing potentially larger integral files
#intfolder = "int/"
#os.system("mkdir -p "+intfolder)
##
#
#dm2a = np.zeros((norb, norb, norb, norb))
#file2pdm = "spatialRDM.0.0.txt"
#file2pdm = file2pdm.encode()  # .encode for python3 compatibility
#shci.r2RDM(dm2a, norb, file2pdm)
#dm1 = np.einsum('ikjj->ki', dm2a)
#dm1 /= (nelec - 1)
##dm1, dm2a = mc.fcisolver.make_rdm12(0, mc.ncas, mc.nelecas)
#dm2 = np.einsum('ijkl->ikjl', dm2a)
##
#np.save(intfolder+"E2.npy", np.asfortranarray(dm2))
#np.save(intfolder+"E1.npy", np.asfortranarray(dm1))
##
#print ("trace of 2rdm", np.einsum('ijij',dm2))
#print ("trace of 1rdm", np.einsum('ii',dm1))
##
#E1eff = dm1 #for state average
#nev.writeNEVPTIntegrals(mc, dm1, dm2, E1eff, norbFrozen, intfolder)
#nev.write_ic_inputs(mc.nelecas[0]+mc.nelecas[1], mc.ncore, mc.ncas, norbFrozen, mc.nelecas[0]-mc.nelecas[1],
#                   'NEVPT2')
#INFO: ******************** input file end ********************


System: ('Linux', 'compute-0-25.local', '2.6.32-504.16.2.el6.x86_64', '#1 SMP Wed Apr 22 06:48:29 UTC 2015', 'x86_64', 'x86_64')  Threads 16
Python 2.7.15 |Anaconda, Inc.| (default, May  1 2018, 23:32:55) 
[GCC 7.2.0]
numpy 1.15.1  scipy 1.1.0
Date: Wed Jul  1 10:02:46 2020
PySCF version 1.7.1
PySCF path  /home/nsb37/pyscf/pyscf
GIT ORIG_HEAD f9a419e89c2fa6ea63cd0445a6fc1dde4109b47b
GIT HEAD      ref: refs/heads/master
GIT master branch  97008722ba492c9d60fa46535f156620355ae933

[CONFIG] conf_file None
[INPUT] verbose = 4
[INPUT] num. atoms = 4
[INPUT] num. electrons = 72
[INPUT] charge = 2
[INPUT] spin (= nelec alpha-beta = 2S) = 0
[INPUT] symmetry 1 subgroup None
[INPUT] Mole.unit = angstrom
[INPUT]  1 Cu    -1.400000000000   0.000000000000   0.000000000000 AA   -2.645616574391   0.000000000000   0.000000000000 Bohr
[INPUT]  2 Cu     1.400000000000   0.000000000000   0.000000000000 AA    2.645616574391   0.000000000000   0.000000000000 Bohr
[INPUT]  3 O      0.000000000000   1.150000000000   0.000000000000 AA    0.000000000000   2.173185043250   0.000000000000 Bohr
[INPUT]  4 O      0.000000000000  -1.150000000000   0.000000000000 AA    0.000000000000  -2.173185043250   0.000000000000 Bohr

nuclear repulsion = 444.71541996192
point group symmetry = D2h
num. orbitals of irrep Ag = 58
num. orbitals of irrep B1g = 36
num. orbitals of irrep B2g = 30
num. orbitals of irrep B3g = 26
num. orbitals of irrep Au = 20
num. orbitals of irrep B1u = 36
num. orbitals of irrep B2u = 45
num. orbitals of irrep B3u = 49
number of shells = 22
number of NR pGTOs = 632
number of NR cGTOs = 300
basis = {'Cu': [[0, [9148883.0, 0.00011722, -3.675e-05, 1.383e-05, -2.71e-06, 3.46e-06, -1.401e-05, 1.043e-05], [1369956.0, 0.00033155, -0.00010403, 3.914e-05, -7.66e-06, 9.79e-06, -3.959e-05, 2.948e-05], [311782.6, 0.00088243, -0.00027733, 0.00010439, -2.047e-05, 2.626e-05, -0.00010612, 7.887e-05], [88318.8, 0.00217229, -0.00068417, 0.00025745, -5.03e-05, 6.392e-05, -0.000259, 0.00019337], [28815.53, 0.00529547, -0.00167686, 0.00063203, -0.00012442, 0.00016087, -0.00064865, 0.00048021], [10403.46, 0.0129663, -0.0041346, 0.00155718, -0.00030269, 0.00038023, -0.0015477, 0.00116372], [4057.791, 0.0318805, -0.01035127, 0.00391659, -0.00077628, 0.00101716, -0.00408342, 0.00300351], [1682.974, 0.07576569, -0.02534791, 0.00959476, -0.0018524, 0.00229152, -0.00940206, 0.00715331], [733.7543, 0.16244637, -0.05836947, 0.02238837, -0.0044827, 0.00597497, -0.02389117, 0.01749], [333.2677, 0.28435959, -0.11673284, 0.04528606, -0.00866024, 0.01044695, -0.04359832, 0.03399715], [156.4338, 0.34173643, -0.1846686, 0.07498378, -0.01544726, 0.02151583, -0.08588857, 0.06315941], [74.69721, 0.20955087, -0.14700899, 0.0618817, -0.01089864, 0.01030128, -0.04734865, 0.04023075], [33.32262, 0.03544751, 0.18483257, -0.09047327, 0.01467867, -0.00984324, 0.06382592, -0.0781808], [16.62237, -0.00243996, 0.56773609, -0.39288472, 0.09154122, -0.1429263, 0.59363541, -0.48734052], [8.20826, 0.0014699, 0.37956092, -0.35664956, 0.06330857, -0.05612707, 0.41506062, -0.33346978], [3.6094, -0.00064379, 0.04703755, 0.34554793, -0.06093879, 0.0913565, -1.70027942, 2.60302086], [1.683449, 0.00024738, -0.00072783, 0.70639197, -0.27148545, 0.45831402, -0.29799956, -2.74603469], [0.733757, -8.118e-05, 0.00102976, 0.25335911, -0.10138944, -0.1972674, 1.70719425, 0.71954394], [0.110207, 1.615e-05, -7.02e-05, 0.00658749, 0.7121218, -1.30310157, -0.65600053, 1.53198225], [0.038786, -1.233e-05, 7.09e-05, -0.00044247, 0.34613175, 0.87975568, -0.31924524, -3.06314771], [0.015514, 4.52e-06, -2.454e-05, 0.00072338, 0.07198709, 0.57310889, 0.61772456, 2.02100706]], [1, [9713.253, 0.00039987, -0.00014879, 5.053e-05, -0.00015878, 0.00012679, -0.00022], [2300.889, 0.00210157, -0.00078262, 0.00026719, -0.00085359, 0.00068397, -0.00104834], [746.7706, 0.01001097, -0.00376229, 0.00127718, -0.00399919, 0.00320291, -0.00581612], [284.6806, 0.03836039, -0.01457968, 0.0049976, -0.01608092, 0.01301351, -0.01983336], [119.9999, 0.11626756, -0.04571093, 0.01561376, -0.04924864, 0.04021371, -0.07638917], [54.07386, 0.25899831, -0.10593013, 0.03689701, -0.12165679, 0.10150109, -0.1536648], [25.37321, 0.38428226, -0.16836228, 0.05796469, -0.17713367, 0.13700954, -0.28449754], [12.20962, 0.2991121, -0.10373213, 0.03791966, -0.14448197, 0.10628972, 0.10206373], [5.757421, 0.08000672, 0.21083155, -0.11706499, 0.64743311, -0.83390265, 1.55100061], [2.673402, 0.0031944, 0.48916443, -0.20912257, 0.54797692, 0.14412002, -1.84574442], [1.186835, 0.00147252, 0.38468638, -0.05800532, -0.78180321, 0.98301239, 0.10057714], [0.481593, -0.00023391, 0.08529338, 0.16430736, -0.52607778, -0.52956418, 1.39430453], [0.192637, 0.00020761, -0.00161045, 0.52885466, 0.22437177, -0.75303984, -1.12548146], [0.077055, -8.963e-05, 0.0020653, 0.37373016, 0.33392453, 0.442887, -0.18571375], [0.030822, 2.783e-05, -0.00064175, 0.08399866, 0.14446374, 0.57511589, 0.70628395]], [2, [249.3497, 0.00134561, -0.00158359, 0.00191116, -0.00316569], [74.63837, 0.01080983, -0.01281116, 0.01772495, -0.0371074], [28.37641, 0.04733793, -0.05642679, 0.07056381, -0.12591409], [11.94893, 0.13772582, -0.16641393, 0.22906101, -0.49360952], [5.317646, 0.26263833, -0.35106014, 0.43938511, -0.16251663], [2.364417, 0.33470401, -0.2371789, -0.26739908, 1.00715586], [1.012386, 0.31000597, 0.21994641, -0.62590624, -0.32192167], [0.406773, 0.21316819, 0.48841363, 0.1221134, -0.6107269], [0.147331, 0.07865365, 0.29537131, 0.53683629, 0.3903814], [0.058932, 0.00603096, 0.04295539, 0.19750055, 0.37334893]], [3, [15.4333, 0.03682063, -0.06200336, 0.13301012], [6.1172, 0.24591418, -0.52876669, 0.74591931], [2.4246, 0.50112688, -0.29078386, -0.67622545], [0.961, 0.35850648, 0.52124157, -0.31278443], [0.3809, 0.14728062, 0.37532205, 0.60308069], [0.151, 0.02564748, 0.10659798, 0.26056742]], [4, [8.7286, 0.16903848, -0.45244412], [3.4308, 0.60654185, -0.42317767], [1.3485, 0.37979899, 0.61107957], [0.53, 0.10367757, 0.39786263]], [5, [4.2885, 0.69861274], [1.6856, 0.445143741]]], 'O': [[0, [105374.95, 0.00012386, -2.815e-05, 2.616e-05, -5.058e-05, 5.196e-05], [15679.24, 0.00051201, -0.0001163, 0.00010748, -0.00020024, 0.00019612], [3534.5447, 0.00215291, -0.00049092, 0.00045972, -0.00091952, 0.00099303], [987.36516, 0.00852844, -0.00194616, 0.00179555, -0.0032024, 0.00297658], [315.97875, 0.03018049, -0.0070053, 0.00667574, -0.01359974, 0.01564071], [111.65428, 0.09099702, -0.02167814, 0.02053445, -0.03392296, 0.03231923], [42.699451, 0.21779364, -0.05641213, 0.05828602, -0.11685462, 0.16012253], [17.395596, 0.36862457, -0.1127053, 0.12129691, -0.14040275, 0.15386867], [7.438309, 0.33667073, -0.15891197, 0.22641475, -0.47546666, 0.938863], [3.222862, 0.0965763, -0.03355083, -0.042387, 0.83350096, -3.16442722], [1.253877, 0.00214452, 0.35319028, -1.01045538, 1.30186138, 2.94545392], [0.495155, 0.00119435, 0.55341993, -0.15386868, -2.48175844, -0.46724256], [0.191665, 0.00053902, 0.23018391, 0.9934532, 0.81134659, -1.59503813], [0.067083, 0.00021034, 0.01127267, 0.18587254, 0.58210417, 1.34403482]], [1, [200.0, 0.0009173, -0.00087213, 0.00129603, -0.00195602], [46.533367, 0.00737714, -0.00706424, 0.01151279, -0.02399585], [14.621809, 0.03483515, -0.03330489, 0.0515912, -0.09118427], [5.313064, 0.1144397, -0.11441275, 0.20459407, -0.52863388], [2.102525, 0.25549664, -0.29901068, 0.55019345, -0.38198314], [0.850223, 0.37225574, -0.31986054, -0.14872038, 1.44198816], [0.337597, 0.33233149, 0.205509, -0.89690085, -0.67366146], [0.128892, 0.14008479, 0.59359268, 0.24707597, -0.6649695], [0.045112, 0.02395784, 0.28229027, 0.64443405, 0.82977107]], [2, [3.75, 0.13609758, -0.39151953, 0.95199748], [1.3125, 0.51401475, -0.62262728, -0.67736624], [0.459375, 0.47407125, 0.72160073, -0.34608569], [0.160781, 0.08166905, 0.31870103, 0.81524547]], [3, [2.35, 0.33460642, -0.83677707], [0.94, 0.56136672, 0.1072197], [0.376, 0.29572786, 0.72955061]], [4, [1.175, 0.89524901], [0.47, 0.166642351]]]}
ecp = {}
CPU time:         0.27


******** <class 'pyscf.scf.hf_symm.SymAdaptedRHF'> ********
method = SymAdaptedRHF-RHF
initial guess = minao
damping factor = 0
level_shift factor = 0
DIIS = <class 'pyscf.scf.diis.CDIIS'>
diis_start_cycle = 1
diis_space = 8
SCF conv_tol = 1e-09
SCF conv_tol_grad = None
SCF max_cycles = 500
direct_scf = True
direct_scf_tol = 1e-13
chkfile to save SCF result = cu2o2_0.0_HF.chk
max_memory 4000 MB (current use 64 MB)
Freeze 0 electrons in irreps []
    72 free electrons in irreps Ag B1g B2g B3g Au B1u B2u B3u
Set gradient conv threshold to 3.16228e-05
init E= -3411.94800464388
HOMO (B3g) = -0.313625667031302  LUMO (B1g) = -0.248661337383669
cycle= 1 E= -3410.03044069409  delta_E= 1.92  |g|=  4.1  |ddm|=  3.7
HOMO (B3g) = -0.838677235860127  LUMO (B1g) = -0.729702882792954
cycle= 2 E= -3408.41260422867  delta_E= 1.62  |g|= 6.74  |ddm|= 3.38
HOMO (Ag) = -1.00411306517878  LUMO (B1g) = -0.642745228707754
cycle= 3 E= -3411.36655818374  delta_E= -2.95  |g|= 0.318  |ddm|= 1.96
HOMO (Ag) = -0.94410157688841  LUMO (B1g) = -0.542951605156644
cycle= 4 E= -3411.38027524432  delta_E= -0.0137  |g|= 0.118  |ddm|= 0.231
HOMO (Ag) = -0.949097682078958  LUMO (B1g) = -0.543395977230006
cycle= 5 E= -3411.38233419221  delta_E= -0.00206  |g|= 0.0735  |ddm|= 0.0868
HOMO (Ag) = -0.944068063524719  LUMO (B1g) = -0.539864446883372
cycle= 6 E= -3411.38300192312  delta_E= -0.000668  |g|= 0.0387  |ddm|= 0.0377
HOMO (Ag) = -0.943962792987693  LUMO (B1g) = -0.539295413993449
cycle= 7 E= -3411.38331844485  delta_E= -0.000317  |g|= 0.0169  |ddm|= 0.0452
HOMO (Ag) = -0.943412424853353  LUMO (B1g) = -0.538942092442312
cycle= 8 E= -3411.38337508943  delta_E= -5.66e-05  |g|= 0.00364  |ddm|= 0.0197
HOMO (Ag) = -0.943354030381403  LUMO (B1g) = -0.538789740350556
cycle= 9 E= -3411.3833786798  delta_E= -3.59e-06  |g|= 0.000904  |ddm|= 0.00526
HOMO (Ag) = -0.943414195675012  LUMO (B1g) = -0.538690630027144
cycle= 10 E= -3411.38337917585  delta_E= -4.96e-07  |g|= 0.00031  |ddm|= 0.00214
HOMO (Ag) = -0.943482698720778  LUMO (B1g) = -0.538646345459794
cycle= 11 E= -3411.38337929025  delta_E= -1.14e-07  |g|= 0.000191  |ddm|= 0.00121
HOMO (Ag) = -0.943511865631061  LUMO (B1g) = -0.538617301832618
cycle= 12 E= -3411.38337931214  delta_E= -2.19e-08  |g|= 6.77e-05  |ddm|= 0.000729
HOMO (Ag) = -0.943520000973131  LUMO (B1g) = -0.538615822631754
cycle= 13 E= -3411.38337931329  delta_E= -1.15e-09  |g|= 1.78e-05  |ddm|= 0.000132
HOMO (Ag) = -0.943520320867956  LUMO (B1g) = -0.538613592252224
cycle= 14 E= -3411.38337931339  delta_E= -1.04e-10  |g|= 1.44e-06  |ddm|= 4.79e-05
HOMO (Ag) = -0.943520475048354  LUMO (B1g) = -0.538613676403673
Extra cycle  E= -3411.3833793134  delta_E= -7.28e-12  |g|= 1.33e-06  |ddm|= 1.61e-06
converged SCF energy = -3411.3833793134
Ag, double-occ = 10, single-occ = 0
B1g, double-occ = 3, single-occ = 0
B2g, double-occ = 3, single-occ = 0
B3g, double-occ = 2, single-occ = 0
Au, double-occ = 1, single-occ = 0
B1u, double-occ = 4, single-occ = 0
B2u, double-occ = 5, single-occ = 0
B3u, double-occ = 8, single-occ = 0
**** SCF Summaries ****
Total Energy =                       -3411.383379313401747
Nuclear Repulsion Energy =             444.715419961920020
One-electron Energy =                -5614.770308598961492
Two-electron Energy =                 1758.671509323639839
Wave-function symmetry = Ag
occupancy for each irrep:     Ag  B1g  B2g  B3g   Au  B1u  B2u  B3u
                              10    3    3    2    1    4    5    8
**** MO energy ****
MO #1 (B3u #1), energy= -325.788367290998 occ= 2
MO #2 (Ag #1), energy= -325.787436880253 occ= 2
MO #3 (B3u #2), energy= -41.1409332677591 occ= 2
MO #4 (Ag #2), energy= -41.1400000710627 occ= 2
MO #5 (B2u #1), energy= -36.317153575071 occ= 2
MO #6 (B1g #1), energy= -36.3171443290701 occ= 2
MO #7 (B3u #3), energy= -36.3168450380154 occ= 2
MO #8 (Ag #3), energy= -36.3167627934229 occ= 2
MO #9 (B2g #1), energy= -36.2976511546292 occ= 2
MO #10 (B1u #1), energy= -36.297606686084 occ= 2
MO #11 (Ag #4), energy= -21.0872261073836 occ= 2
MO #12 (B2u #2), energy= -21.087185921453 occ= 2
MO #13 (B3u #4), energy= -5.67983185604185 occ= 2
MO #14 (Ag #5), energy= -5.67962714650791 occ= 2
MO #15 (Ag #6), energy= -4.04858246386368 occ= 2
MO #16 (B3u #5), energy= -4.04789284644877 occ= 2
MO #17 (B2u #3), energy= -4.04682688932688 occ= 2
MO #18 (B1g #2), energy= -4.04640818798964 occ= 2
MO #19 (B1u #2), energy= -4.03368342692617 occ= 2
MO #20 (B2g #2), energy= -4.03366133097836 occ= 2
MO #21 (Ag #7), energy= -1.75259426409986 occ= 2
MO #22 (B2u #4), energy= -1.70498020619944 occ= 2
MO #23 (Ag #8), energy= -1.27811646207347 occ= 2
MO #24 (B3u #6), energy= -1.26303015008364 occ= 2
MO #25 (B1u #3), energy= -1.23319242865459 occ= 2
MO #26 (B3g #1), energy= -1.22548263546786 occ= 2
MO #27 (Au #1), energy= -1.2185539664084 occ= 2
MO #28 (B2g #3), energy= -1.21684756288303 occ= 2
MO #29 (B3u #7), energy= -1.21011803144256 occ= 2
MO #30 (Ag #9), energy= -1.19836938576348 occ= 2
MO #31 (B1g #3), energy= -1.07483828410559 occ= 2
MO #32 (B1u #4), energy= -0.997066249337557 occ= 2
MO #33 (B3g #2), energy= -0.964829709226838 occ= 2
MO #34 (B3u #8), energy= -0.964025116694798 occ= 2
MO #35 (B2u #5), energy= -0.957244398154314 occ= 2
MO #36 (Ag #10), energy= -0.943520475048354 occ= 2
MO #37 (B1g #4), energy= -0.538613676403673 occ= 0
MO #38 (B2u #6), energy= -0.481385298180674 occ= 0
MO #39 (Ag #11), energy= -0.387282467593547 occ= 0
MO #40 (B3u #9), energy= -0.353385326948716 occ= 0
MO #41 (B1u #5), energy= -0.255420321246979 occ= 0
MO #42 (B2g #4), energy= -0.243228577990631 occ= 0
MO #43 (B2u #7), energy= -0.227810961832236 occ= 0
MO #44 (Ag #12), energy= -0.196081846161126 occ= 0
MO #45 (B1g #5), energy= -0.170633121124669 occ= 0
MO #46 (Ag #13), energy= -0.153726565234591 occ= 0
MO #47 (B3u #10), energy= -0.150280665941248 occ= 0
MO #48 (Ag #14), energy= -0.0731248120700368 occ= 0
MO #49 (B3g #3), energy= -0.0629409994227766 occ= 0
MO #50 (B3u #11), energy= -0.0434131282781903 occ= 0
MO #51 (B2u #8), energy= -0.0401600345646545 occ= 0
MO #52 (B1u #6), energy= -0.0132303438599987 occ= 0
MO #53 (B3u #12), energy= 0.0155007122481206 occ= 0
MO #54 (B1u #7), energy= 0.0514519844400793 occ= 0
MO #55 (B2g #5), energy= 0.0933153866242547 occ= 0
MO #56 (B1g #6), energy= 0.130149902310501 occ= 0
MO #57 (B2u #9), energy= 0.13357791058522 occ= 0
MO #58 (Au #2), energy= 0.149304563917046 occ= 0
MO #59 (Ag #15), energy= 0.190970900759434 occ= 0
MO #60 (B1g #7), energy= 0.219931848912664 occ= 0
MO #61 (Ag #16), energy= 0.231324631722296 occ= 0
MO #62 (B1u #8), energy= 0.233661701410378 occ= 0
MO #63 (B3u #13), energy= 0.29478272314047 occ= 0
MO #64 (B2u #10), energy= 0.297556244274932 occ= 0
MO #65 (Ag #17), energy= 0.343852067404418 occ= 0
MO #66 (B2g #6), energy= 0.350556143871335 occ= 0
MO #67 (B3g #4), energy= 0.361085955582288 occ= 0
MO #68 (Ag #18), energy= 0.400997224231307 occ= 0
MO #69 (B3u #14), energy= 0.414182263067005 occ= 0
MO #70 (Ag #19), energy= 0.613788989140991 occ= 0
MO #71 (B3u #15), energy= 0.634443342313634 occ= 0
MO #72 (B2u #11), energy= 0.63550098448576 occ= 0
MO #73 (Ag #20), energy= 0.714869006351829 occ= 0
MO #74 (B1g #8), energy= 0.723288358520866 occ= 0
MO #75 (B2g #7), energy= 0.792659965480783 occ= 0
MO #76 (Au #3), energy= 0.794323909762042 occ= 0
MO #77 (B1u #9), energy= 0.796241699063369 occ= 0
MO #78 (B2u #12), energy= 0.800379324417101 occ= 0
MO #79 (B3g #5), energy= 0.812160264219247 occ= 0
MO #80 (B3g #6), energy= 0.90010488394638 occ= 0
MO #81 (B3u #16), energy= 0.910372397439022 occ= 0
MO #82 (Ag #21), energy= 0.937355797312752 occ= 0
MO #83 (B1u #10), energy= 1.0108384921303 occ= 0
MO #84 (B1g #9), energy= 1.054952094109 occ= 0
MO #85 (B2u #13), energy= 1.15533106330643 occ= 0
MO #86 (B1u #11), energy= 1.22983689401237 occ= 0
MO #87 (B3u #17), energy= 1.232276974893 occ= 0
MO #88 (B1g #10), energy= 1.28972561699945 occ= 0
MO #89 (Ag #22), energy= 1.35034240721694 occ= 0
MO #90 (B2g #8), energy= 1.38441490506785 occ= 0
MO #91 (B3u #18), energy= 1.52800935167542 occ= 0
MO #92 (B2u #14), energy= 1.54700690208378 occ= 0
MO #93 (B1u #12), energy= 1.55150743984665 occ= 0
MO #94 (B1g #11), energy= 1.6355034014556 occ= 0
MO #95 (B2g #9), energy= 1.63810945472264 occ= 0
MO #96 (Au #4), energy= 1.6508173409909 occ= 0
MO #97 (B3g #7), energy= 1.67413155983716 occ= 0
MO #98 (Ag #23), energy= 1.67450635066271 occ= 0
MO #99 (B2u #15), energy= 1.76872559244194 occ= 0
MO #100 (B3u #19), energy= 1.7861473847909 occ= 0
MO #101 (B2u #16), energy= 1.90217724681882 occ= 0
MO #102 (B3u #20), energy= 2.01585558157824 occ= 0
MO #103 (Ag #24), energy= 2.01687821337957 occ= 0
MO #104 (B1g #12), energy= 2.05848227123111 occ= 0
MO #105 (Au #5), energy= 2.16342158049467 occ= 0
MO #106 (B2u #17), energy= 2.171621763111 occ= 0
MO #107 (B1u #13), energy= 2.17554734996721 occ= 0
MO #108 (B3g #8), energy= 2.22466770363114 occ= 0
MO #109 (B1u #14), energy= 2.31170012839881 occ= 0
MO #110 (B2g #10), energy= 2.4238478899967 occ= 0
MO #111 (B1u #15), energy= 2.43817414084597 occ= 0
MO #112 (Ag #25), energy= 2.46608187478796 occ= 0
MO #113 (Ag #26), energy= 2.51064546456957 occ= 0
MO #114 (B2u #18), energy= 2.51071663054896 occ= 0
MO #115 (B2g #11), energy= 2.51953660000116 occ= 0
MO #116 (B3g #9), energy= 2.57238514649658 occ= 0
MO #117 (Ag #27), energy= 2.63613637761906 occ= 0
MO #118 (B1g #13), energy= 2.64728421083398 occ= 0
MO #119 (B2u #19), energy= 2.70367392001415 occ= 0
MO #120 (B1g #14), energy= 2.74149302607232 occ= 0
MO #121 (Au #6), energy= 2.81779097739468 occ= 0
MO #122 (B3g #10), energy= 2.82700670949146 occ= 0
MO #123 (B1u #16), energy= 2.87364912957625 occ= 0
MO #124 (B3u #21), energy= 2.92349834878622 occ= 0
MO #125 (Ag #28), energy= 2.93847337773943 occ= 0
MO #126 (B2g #12), energy= 3.01261794603229 occ= 0
MO #127 (B3u #22), energy= 3.04226916252207 occ= 0
MO #128 (B3u #23), energy= 3.15865121028127 occ= 0
MO #129 (Ag #29), energy= 3.20378182626285 occ= 0
MO #130 (B2u #20), energy= 3.24348416896903 occ= 0
MO #131 (Ag #30), energy= 3.3231115233895 occ= 0
MO #132 (Ag #31), energy= 3.3447406261995 occ= 0
MO #133 (B3u #24), energy= 3.36340572283553 occ= 0
MO #134 (B2u #21), energy= 3.4288358703149 occ= 0
MO #135 (B3g #11), energy= 3.46559838021091 occ= 0
MO #136 (B1u #17), energy= 3.53861373495637 occ= 0
MO #137 (B1g #15), energy= 3.55697477041132 occ= 0
MO #138 (Au #7), energy= 3.59537907251453 occ= 0
MO #139 (B2g #13), energy= 3.61552286169281 occ= 0
MO #140 (B3u #25), energy= 3.80176244047566 occ= 0
MO #141 (B1g #16), energy= 3.82871198050354 occ= 0
MO #142 (B3u #26), energy= 3.92398200585234 occ= 0
MO #143 (B2u #22), energy= 4.04377601455497 occ= 0
MO #144 (Ag #32), energy= 4.07926137002958 occ= 0
MO #145 (B2u #23), energy= 4.22657648896836 occ= 0
MO #146 (B1g #17), energy= 4.36678570350906 occ= 0
MO #147 (B3g #12), energy= 4.64813999721367 occ= 0
MO #148 (B1u #18), energy= 4.70897762996726 occ= 0
MO #149 (Ag #33), energy= 4.77930205102443 occ= 0
MO #150 (Au #8), energy= 4.78403380876355 occ= 0
MO #151 (Ag #34), energy= 4.78925181831915 occ= 0
MO #152 (B1u #19), energy= 4.81358073997289 occ= 0
MO #153 (B1g #18), energy= 4.86949466778012 occ= 0
MO #154 (B2g #14), energy= 4.88595315720186 occ= 0
MO #155 (Au #9), energy= 4.90980975566999 occ= 0
MO #156 (B2u #24), energy= 4.92395118484335 occ= 0
MO #157 (Ag #35), energy= 4.96085138640497 occ= 0
MO #158 (B3u #27), energy= 4.97239811324294 occ= 0
MO #159 (B2g #15), energy= 4.9836635259839 occ= 0
MO #160 (B1g #19), energy= 4.9931259948487 occ= 0
MO #161 (B3u #28), energy= 5.05732660397749 occ= 0
MO #162 (B2u #25), energy= 5.08835219306592 occ= 0
MO #163 (B3g #13), energy= 5.10035689840907 occ= 0
MO #164 (B1u #20), energy= 5.16160179767582 occ= 0
MO #165 (B3g #14), energy= 5.33592385671523 occ= 0
MO #166 (B2g #16), energy= 5.39725887961746 occ= 0
MO #167 (Ag #36), energy= 5.44362881225562 occ= 0
MO #168 (B2u #26), energy= 5.46000567819088 occ= 0
MO #169 (B1u #21), energy= 5.48549242099762 occ= 0
MO #170 (B3u #29), energy= 5.54349468845968 occ= 0
MO #171 (B2u #27), energy= 5.56422248392576 occ= 0
MO #172 (B3g #15), energy= 5.57898856837275 occ= 0
MO #173 (B1u #22), energy= 5.72351704924917 occ= 0
MO #174 (B2g #17), energy= 5.72432577880004 occ= 0
MO #175 (B1g #20), energy= 5.75649801348841 occ= 0
MO #176 (Ag #37), energy= 5.7593121887296 occ= 0
MO #177 (Au #10), energy= 5.78176555811908 occ= 0
MO #178 (B3g #16), energy= 5.84469723604728 occ= 0
MO #179 (B3u #30), energy= 5.91817150226911 occ= 0
MO #180 (Ag #38), energy= 5.929687712073 occ= 0
MO #181 (Au #11), energy= 5.98570008906412 occ= 0
MO #182 (B3u #31), energy= 6.14889177994251 occ= 0
MO #183 (B1g #21), energy= 6.19874763538599 occ= 0
MO #184 (B3u #32), energy= 6.23633730718156 occ= 0
MO #185 (B1u #23), energy= 6.2411670144432 occ= 0
MO #186 (B2u #28), energy= 6.34551871336273 occ= 0
MO #187 (Ag #39), energy= 6.34795333857263 occ= 0
MO #188 (B2g #18), energy= 6.36712647974998 occ= 0
MO #189 (Ag #40), energy= 6.40838729198056 occ= 0
MO #190 (B1g #22), energy= 6.5476709127058 occ= 0
MO #191 (B2u #29), energy= 6.63604187948119 occ= 0
MO #192 (B2u #30), energy= 6.79218134163594 occ= 0
MO #193 (B2g #19), energy= 6.92641264882742 occ= 0
MO #194 (B1u #24), energy= 6.96136619318207 occ= 0
MO #195 (Au #12), energy= 7.00504445358653 occ= 0
MO #196 (B1g #23), energy= 7.06746846034918 occ= 0
MO #197 (B3g #17), energy= 7.13477737275008 occ= 0
MO #198 (B3u #33), energy= 7.30573549017363 occ= 0
MO #199 (Ag #41), energy= 7.47784209945526 occ= 0
MO #200 (B2u #31), energy= 7.51918716665672 occ= 0
MO #201 (Ag #42), energy= 7.79905188281731 occ= 0
MO #202 (B1u #25), energy= 7.81053082681576 occ= 0
MO #203 (B3u #34), energy= 7.96881379584018 occ= 0
MO #204 (Ag #43), energy= 8.07599087300814 occ= 0
MO #205 (B3u #35), energy= 8.12858929129168 occ= 0
MO #206 (B3g #18), energy= 8.25311629834302 occ= 0
MO #207 (Au #13), energy= 8.32092021828853 occ= 0
MO #208 (B1g #24), energy= 8.35380315051077 occ= 0
MO #209 (B2g #20), energy= 8.36867268030911 occ= 0
MO #210 (B1u #26), energy= 8.4108110785175 occ= 0
MO #211 (Ag #44), energy= 8.4492676544835 occ= 0
MO #212 (B3g #19), energy= 8.46397812924481 occ= 0
MO #213 (B2u #32), energy= 8.72147893094374 occ= 0
MO #214 (B2u #33), energy= 8.77241731810339 occ= 0
MO #215 (B3u #36), energy= 8.89068954895443 occ= 0
MO #216 (B1g #25), energy= 9.04895010875152 occ= 0
MO #217 (B1g #26), energy= 9.23240912290483 occ= 0
MO #218 (B3u #37), energy= 9.34430874471464 occ= 0
MO #219 (Ag #45), energy= 9.707204625512 occ= 0
MO #220 (B2u #34), energy= 9.72507694488299 occ= 0
MO #221 (B1u #27), energy= 10.1859161377392 occ= 0
MO #222 (B3g #20), energy= 10.3570175618243 occ= 0
MO #223 (B2g #21), energy= 10.3999710556432 occ= 0
MO #224 (Au #14), energy= 10.4457667638739 occ= 0
MO #225 (Ag #46), energy= 10.7878546406376 occ= 0
MO #226 (Au #15), energy= 10.8282159283903 occ= 0
MO #227 (B3u #38), energy= 10.8888433897887 occ= 0
MO #228 (B2u #35), energy= 11.0411894762693 occ= 0
MO #229 (Ag #47), energy= 11.0517948872851 occ= 0
MO #230 (B3g #21), energy= 11.2495937176935 occ= 0
MO #231 (B1u #28), energy= 11.4296792406003 occ= 0
MO #232 (B2g #22), energy= 11.5607873178004 occ= 0
MO #233 (Ag #48), energy= 11.5888166592818 occ= 0
MO #234 (Ag #49), energy= 11.6916059512548 occ= 0
MO #235 (B2u #36), energy= 11.7145219707323 occ= 0
MO #236 (B1u #29), energy= 12.0516921414499 occ= 0
MO #237 (B3u #39), energy= 12.1328492658849 occ= 0
MO #238 (B1g #27), energy= 12.2315326820292 occ= 0
MO #239 (B2u #37), energy= 12.2866354186203 occ= 0
MO #240 (B2g #23), energy= 12.5260521956396 occ= 0
MO #241 (B1g #28), energy= 12.8991632559452 occ= 0
MO #242 (B3u #40), energy= 13.2453817931476 occ= 0
MO #243 (Ag #50), energy= 13.6878975487399 occ= 0
MO #244 (B1g #29), energy= 14.0167976433785 occ= 0
MO #245 (B3u #41), energy= 14.3488759330581 occ= 0
MO #246 (B2u #38), energy= 14.5547807611832 occ= 0
MO #247 (B1u #30), energy= 16.7168812756315 occ= 0
MO #248 (B2g #24), energy= 16.7953443263212 occ= 0
MO #249 (B1u #31), energy= 16.8221072137677 occ= 0
MO #250 (Au #16), energy= 16.8222624876691 occ= 0
MO #251 (B1g #30), energy= 16.8223840518191 occ= 0
MO #252 (B3u #42), energy= 16.8229978805471 occ= 0
MO #253 (B2g #25), energy= 16.8258763330659 occ= 0
MO #254 (B3g #22), energy= 16.8267956374417 occ= 0
MO #255 (Ag #51), energy= 16.8307815547123 occ= 0
MO #256 (B2u #39), energy= 16.8309057983281 occ= 0
MO #257 (Ag #52), energy= 16.8432618808183 occ= 0
MO #258 (B1u #32), energy= 16.8446909593901 occ= 0
MO #259 (B3u #43), energy= 16.845420168151 occ= 0
MO #260 (B2g #26), energy= 16.8561368281005 occ= 0
MO #261 (B1g #31), energy= 16.8586911305787 occ= 0
MO #262 (Au #17), energy= 16.8609940091527 occ= 0
MO #263 (B3g #23), energy= 16.8640290586759 occ= 0
MO #264 (B3u #44), energy= 16.8698635095329 occ= 0
MO #265 (B2u #40), energy= 16.8730729661746 occ= 0
MO #266 (B1u #33), energy= 16.8759325164149 occ= 0
MO #267 (B1g #32), energy= 16.8799891937384 occ= 0
MO #268 (B2g #27), energy= 16.8820143765111 occ= 0
MO #269 (Ag #53), energy= 16.8986182688613 occ= 0
MO #270 (B2u #41), energy= 16.909227070288 occ= 0
MO #271 (B1g #33), energy= 16.9273902072046 occ= 0
MO #272 (B2u #42), energy= 16.9633284264668 occ= 0
MO #273 (B1u #34), energy= 17.5398683872687 occ= 0
MO #274 (B2g #28), energy= 17.5434952971333 occ= 0
MO #275 (Au #18), energy= 17.556037470503 occ= 0
MO #276 (B3g #24), energy= 17.6213079566613 occ= 0
MO #277 (Ag #54), energy= 17.8679243392971 occ= 0
MO #278 (B3u #45), energy= 18.1898480277196 occ= 0
MO #279 (Ag #55), energy= 18.22953827593 occ= 0
MO #280 (B3u #46), energy= 18.4143523208975 occ= 0
MO #281 (B2u #43), energy= 18.4998769965342 occ= 0
MO #282 (B1g #34), energy= 18.808673638458 occ= 0
MO #283 (Au #19), energy= 19.613914009913 occ= 0
MO #284 (B3g #25), energy= 19.6842725009654 occ= 0
MO #285 (Ag #56), energy= 19.6905746448353 occ= 0
MO #286 (B3u #47), energy= 19.7631724955927 occ= 0
MO #287 (B2g #29), energy= 19.8334138753041 occ= 0
MO #288 (B1u #35), energy= 20.2448804949686 occ= 0
MO #289 (Ag #57), energy= 20.3980473267412 occ= 0
MO #290 (B2u #44), energy= 20.4145966504536 occ= 0
MO #291 (B3u #48), energy= 20.5251959210498 occ= 0
MO #292 (B1u #36), energy= 20.6932975923045 occ= 0
MO #293 (B2g #30), energy= 20.7547313473845 occ= 0
MO #294 (B1g #35), energy= 20.9148411861352 occ= 0
MO #295 (B3g #26), energy= 20.9519303002446 occ= 0
MO #296 (Au #20), energy= 21.0375922844428 occ= 0
MO #297 (B2u #45), energy= 21.3537573438155 occ= 0
MO #298 (Ag #58), energy= 21.4818882162841 occ= 0
MO #299 (B3u #49), energy= 21.9918291741254 occ= 0
MO #300 (B1g #36), energy= 22.1746823568186 occ= 0
 ** Mulliken pop on meta-lowdin orthogonal AOs  **
 ** Mulliken pop  **
pop of  0 Cu 1s        1.99993
pop of  0 Cu 2s        1.99938
pop of  0 Cu 3s        1.99834
pop of  0 Cu 4s        0.20735
pop of  0 Cu 5s        0.00417
pop of  0 Cu 6s        0.00206
pop of  0 Cu 7s        0.00253
pop of  0 Cu 2px       1.99991
pop of  0 Cu 2py       1.99991
pop of  0 Cu 2pz       1.99992
pop of  0 Cu 3px       1.99981
pop of  0 Cu 3py       1.99961
pop of  0 Cu 3pz       1.99986
pop of  0 Cu 4px       0.00818
pop of  0 Cu 4py       0.00280
pop of  0 Cu 4pz       0.00262
pop of  0 Cu 5px       0.00086
pop of  0 Cu 5py       0.00108
pop of  0 Cu 5pz       0.00040
pop of  0 Cu 6px       0.00047
pop of  0 Cu 6py       0.00085
pop of  0 Cu 6pz       0.00077
pop of  0 Cu 7px       0.00067
pop of  0 Cu 7py       0.00018
pop of  0 Cu 7pz       0.00015
pop of  0 Cu 3dxy      1.14970
pop of  0 Cu 3dyz      1.99025
pop of  0 Cu 3dz^2     1.98686
pop of  0 Cu 3dxz      1.99064
pop of  0 Cu 3dx2-y2    1.98846
pop of  0 Cu 4dxy      0.00031
pop of  0 Cu 4dyz      0.00647
pop of  0 Cu 4dz^2     0.00457
pop of  0 Cu 4dxz      0.00569
pop of  0 Cu 4dx2-y2    0.00763
pop of  0 Cu 5dxy      0.00109
pop of  0 Cu 5dyz      0.00170
pop of  0 Cu 5dz^2     0.00156
pop of  0 Cu 5dxz      0.00154
pop of  0 Cu 5dx2-y2    0.00142
pop of  0 Cu 6dxy      0.00031
pop of  0 Cu 6dyz      0.00012
pop of  0 Cu 6dz^2     0.00021
pop of  0 Cu 6dxz      0.00012
pop of  0 Cu 6dx2-y2    0.00005
pop of  0 Cu 4fy^3     0.00016
pop of  0 Cu 4fxyz     0.00019
pop of  0 Cu 4fyz^2    0.00003
pop of  0 Cu 4fz^3     0.00010
pop of  0 Cu 4fxz^2    0.00006
pop of  0 Cu 4fzx^2    0.00003
pop of  0 Cu 4fx^3     0.00039
pop of  0 Cu 5fy^3     0.00008
pop of  0 Cu 5fxyz     0.00023
pop of  0 Cu 5fyz^2    0.00001
pop of  0 Cu 5fz^3     0.00011
pop of  0 Cu 5fxz^2    0.00006
pop of  0 Cu 5fzx^2    0.00005
pop of  0 Cu 5fx^3     0.00053
pop of  0 Cu 6fy^3     0.00000
pop of  0 Cu 6fxyz     0.00012
pop of  0 Cu 6fyz^2    0.00002
pop of  0 Cu 6fz^3     0.00007
pop of  0 Cu 6fxz^2    0.00018
pop of  0 Cu 6fzx^2    0.00010
pop of  0 Cu 6fx^3     0.00051
pop of  0 Cu 5g-4      0.00001
pop of  0 Cu 5g-3      0.00001
pop of  0 Cu 5g-2      0.00001
pop of  0 Cu 5g-1      0.00002
pop of  0 Cu 5g 0      0.00003
pop of  0 Cu 5g 1      0.00003
pop of  0 Cu 5g 2      0.00001
pop of  0 Cu 5g 3      0.00000
pop of  0 Cu 5g 4      0.00001
pop of  0 Cu 6g-4      0.00002
pop of  0 Cu 6g-3      0.00002
pop of  0 Cu 6g-2      0.00001
pop of  0 Cu 6g-1      0.00001
pop of  0 Cu 6g 0      0.00002
pop of  0 Cu 6g 1      0.00003
pop of  0 Cu 6g 2      0.00001
pop of  0 Cu 6g 3      0.00000
pop of  0 Cu 6g 4      0.00009
pop of  0 Cu 6h-5      0.00000
pop of  0 Cu 6h-4      0.00000
pop of  0 Cu 6h-3      0.00000
pop of  0 Cu 6h-2      0.00000
pop of  0 Cu 6h-1      0.00000
pop of  0 Cu 6h 0      0.00000
pop of  0 Cu 6h 1      0.00000
pop of  0 Cu 6h 2      0.00000
pop of  0 Cu 6h 3      0.00000
pop of  0 Cu 6h 4      0.00000
pop of  0 Cu 6h 5      0.00000
pop of  1 Cu 1s        1.99993
pop of  1 Cu 2s        1.99938
pop of  1 Cu 3s        1.99834
pop of  1 Cu 4s        0.20735
pop of  1 Cu 5s        0.00417
pop of  1 Cu 6s        0.00206
pop of  1 Cu 7s        0.00253
pop of  1 Cu 2px       1.99991
pop of  1 Cu 2py       1.99991
pop of  1 Cu 2pz       1.99992
pop of  1 Cu 3px       1.99981
pop of  1 Cu 3py       1.99961
pop of  1 Cu 3pz       1.99986
pop of  1 Cu 4px       0.00818
pop of  1 Cu 4py       0.00280
pop of  1 Cu 4pz       0.00262
pop of  1 Cu 5px       0.00086
pop of  1 Cu 5py       0.00108
pop of  1 Cu 5pz       0.00040
pop of  1 Cu 6px       0.00047
pop of  1 Cu 6py       0.00085
pop of  1 Cu 6pz       0.00077
pop of  1 Cu 7px       0.00067
pop of  1 Cu 7py       0.00018
pop of  1 Cu 7pz       0.00015
pop of  1 Cu 3dxy      1.14970
pop of  1 Cu 3dyz      1.99025
pop of  1 Cu 3dz^2     1.98686
pop of  1 Cu 3dxz      1.99064
pop of  1 Cu 3dx2-y2    1.98846
pop of  1 Cu 4dxy      0.00031
pop of  1 Cu 4dyz      0.00647
pop of  1 Cu 4dz^2     0.00457
pop of  1 Cu 4dxz      0.00569
pop of  1 Cu 4dx2-y2    0.00763
pop of  1 Cu 5dxy      0.00109
pop of  1 Cu 5dyz      0.00170
pop of  1 Cu 5dz^2     0.00156
pop of  1 Cu 5dxz      0.00154
pop of  1 Cu 5dx2-y2    0.00142
pop of  1 Cu 6dxy      0.00031
pop of  1 Cu 6dyz      0.00012
pop of  1 Cu 6dz^2     0.00021
pop of  1 Cu 6dxz      0.00012
pop of  1 Cu 6dx2-y2    0.00005
pop of  1 Cu 4fy^3     0.00016
pop of  1 Cu 4fxyz     0.00019
pop of  1 Cu 4fyz^2    0.00003
pop of  1 Cu 4fz^3     0.00010
pop of  1 Cu 4fxz^2    0.00006
pop of  1 Cu 4fzx^2    0.00003
pop of  1 Cu 4fx^3     0.00039
pop of  1 Cu 5fy^3     0.00008
pop of  1 Cu 5fxyz     0.00023
pop of  1 Cu 5fyz^2    0.00001
pop of  1 Cu 5fz^3     0.00011
pop of  1 Cu 5fxz^2    0.00006
pop of  1 Cu 5fzx^2    0.00005
pop of  1 Cu 5fx^3     0.00053
pop of  1 Cu 6fy^3     0.00000
pop of  1 Cu 6fxyz     0.00012
pop of  1 Cu 6fyz^2    0.00002
pop of  1 Cu 6fz^3     0.00007
pop of  1 Cu 6fxz^2    0.00018
pop of  1 Cu 6fzx^2    0.00010
pop of  1 Cu 6fx^3     0.00051
pop of  1 Cu 5g-4      0.00001
pop of  1 Cu 5g-3      0.00001
pop of  1 Cu 5g-2      0.00001
pop of  1 Cu 5g-1      0.00002
pop of  1 Cu 5g 0      0.00003
pop of  1 Cu 5g 1      0.00003
pop of  1 Cu 5g 2      0.00001
pop of  1 Cu 5g 3      0.00000
pop of  1 Cu 5g 4      0.00001
pop of  1 Cu 6g-4      0.00002
pop of  1 Cu 6g-3      0.00002
pop of  1 Cu 6g-2      0.00001
pop of  1 Cu 6g-1      0.00001
pop of  1 Cu 6g 0      0.00002
pop of  1 Cu 6g 1      0.00003
pop of  1 Cu 6g 2      0.00001
pop of  1 Cu 6g 3      0.00000
pop of  1 Cu 6g 4      0.00009
pop of  1 Cu 6h-5      0.00000
pop of  1 Cu 6h-4      0.00000
pop of  1 Cu 6h-3      0.00000
pop of  1 Cu 6h-2      0.00000
pop of  1 Cu 6h-1      0.00000
pop of  1 Cu 6h 0      0.00000
pop of  1 Cu 6h 1      0.00000
pop of  1 Cu 6h 2      0.00000
pop of  1 Cu 6h 3      0.00000
pop of  1 Cu 6h 4      0.00000
pop of  1 Cu 6h 5      0.00000
pop of  2 O 1s        1.99999
pop of  2 O 2s        1.90045
pop of  2 O 3s        0.00175
pop of  2 O 4s        0.00021
pop of  2 O 5s        0.00054
pop of  2 O 2px       1.38346
pop of  2 O 2py       1.30345
pop of  2 O 2pz       1.98758
pop of  2 O 3px       0.00168
pop of  2 O 3py       0.00410
pop of  2 O 3pz       0.00282
pop of  2 O 4px       0.00539
pop of  2 O 4py       0.00361
pop of  2 O 4pz       0.00101
pop of  2 O 5px       0.00121
pop of  2 O 5py       0.00080
pop of  2 O 5pz       0.00037
pop of  2 O 3dxy      0.00804
pop of  2 O 3dyz      0.00293
pop of  2 O 3dz^2     0.00271
pop of  2 O 3dxz      0.00008
pop of  2 O 3dx2-y2    0.00247
pop of  2 O 4dxy      0.00247
pop of  2 O 4dyz      0.00147
pop of  2 O 4dz^2     0.00091
pop of  2 O 4dxz      0.00046
pop of  2 O 4dx2-y2    0.00153
pop of  2 O 5dxy      0.00044
pop of  2 O 5dyz      0.00056
pop of  2 O 5dz^2     0.00012
pop of  2 O 5dxz      0.00025
pop of  2 O 5dx2-y2    0.00036
pop of  2 O 4fy^3     0.00030
pop of  2 O 4fxyz     0.00004
pop of  2 O 4fyz^2    0.00023
pop of  2 O 4fz^3     0.00040
pop of  2 O 4fxz^2    0.00032
pop of  2 O 4fzx^2    0.00010
pop of  2 O 4fx^3     0.00017
pop of  2 O 5fy^3     0.00011
pop of  2 O 5fxyz     0.00009
pop of  2 O 5fyz^2    0.00006
pop of  2 O 5fz^3     0.00021
pop of  2 O 5fxz^2    0.00009
pop of  2 O 5fzx^2    0.00019
pop of  2 O 5fx^3     0.00042
pop of  2 O 5g-4      0.00005
pop of  2 O 5g-3      0.00002
pop of  2 O 5g-2      0.00001
pop of  2 O 5g-1      0.00002
pop of  2 O 5g 0      0.00001
pop of  2 O 5g 1      0.00000
pop of  2 O 5g 2      0.00001
pop of  2 O 5g 3      0.00001
pop of  2 O 5g 4      0.00004
pop of  3 O 1s        1.99999
pop of  3 O 2s        1.90045
pop of  3 O 3s        0.00175
pop of  3 O 4s        0.00021
pop of  3 O 5s        0.00054
pop of  3 O 2px       1.38346
pop of  3 O 2py       1.30345
pop of  3 O 2pz       1.98758
pop of  3 O 3px       0.00168
pop of  3 O 3py       0.00410
pop of  3 O 3pz       0.00282
pop of  3 O 4px       0.00539
pop of  3 O 4py       0.00361
pop of  3 O 4pz       0.00101
pop of  3 O 5px       0.00121
pop of  3 O 5py       0.00080
pop of  3 O 5pz       0.00037
pop of  3 O 3dxy      0.00804
pop of  3 O 3dyz      0.00293
pop of  3 O 3dz^2     0.00271
pop of  3 O 3dxz      0.00008
pop of  3 O 3dx2-y2    0.00247
pop of  3 O 4dxy      0.00247
pop of  3 O 4dyz      0.00147
pop of  3 O 4dz^2     0.00091
pop of  3 O 4dxz      0.00046
pop of  3 O 4dx2-y2    0.00153
pop of  3 O 5dxy      0.00044
pop of  3 O 5dyz      0.00056
pop of  3 O 5dz^2     0.00012
pop of  3 O 5dxz      0.00025
pop of  3 O 5dx2-y2    0.00036
pop of  3 O 4fy^3     0.00030
pop of  3 O 4fxyz     0.00004
pop of  3 O 4fyz^2    0.00023
pop of  3 O 4fz^3     0.00040
pop of  3 O 4fxz^2    0.00032
pop of  3 O 4fzx^2    0.00010
pop of  3 O 4fx^3     0.00017
pop of  3 O 5fy^3     0.00011
pop of  3 O 5fxyz     0.00009
pop of  3 O 5fyz^2    0.00006
pop of  3 O 5fz^3     0.00021
pop of  3 O 5fxz^2    0.00009
pop of  3 O 5fzx^2    0.00019
pop of  3 O 5fx^3     0.00042
pop of  3 O 5g-4      0.00005
pop of  3 O 5g-3      0.00002
pop of  3 O 5g-2      0.00001
pop of  3 O 5g-1      0.00002
pop of  3 O 5g 0      0.00001
pop of  3 O 5g 1      0.00000
pop of  3 O 5g 2      0.00001
pop of  3 O 5g 3      0.00001
pop of  3 O 5g 4      0.00004
 ** Mulliken atomic charges  **
charge of  0Cu =      1.62611
charge of  1Cu =      1.62611
charge of  2O =     -0.62611
charge of  3O =     -0.62611
Dipole moment(X, Y, Z, Debye): -0.00000,  0.00000,  0.00000
ncore for each irreps {'B1g': 2, 'Ag': 7, 'B3u': 5, 'B2u': 4, 'B1u': 2, 'Au': 0, 'B2g': 2, 'B3g': 0}
ncas for each irreps {'B1g': 4, 'Ag': 6, 'B3u': 6, 'B2u': 4, 'B1u': 4, 'Au': 2, 'B2g': 2, 'B3g': 4}
(0-based) caslst = [22 23 24 25 26 27 28 29 30 31 32 33 34 35 36 37 38 39 40 41 42 43 44 45
 46 48 49 50 51 55 57 66]

******** <class 'pyscf.mcscf.mc1step_symm.SymAdaptedCASSCF'> ********
CAS (14e+14e, 32o), ncore = 22, nvir = 246
max_cycle_macro = 50
max_cycle_micro = 4
conv_tol = 1e-07
conv_tol_grad = None
orbital rotation max_stepsize = 0.02
augmented hessian ah_max_cycle = 30
augmented hessian ah_conv_tol = 1e-12
augmented hessian ah_linear dependence = 1e-14
augmented hessian ah_level shift = 0
augmented hessian ah_start_tol = 2.5
augmented hessian ah_start_cycle = 3
augmented hessian ah_grad_trust_region = 3
kf_trust_region = 3
kf_interval = 4
ci_response_space = 4
ci_grad_trust_region = 3
with_dep4 0
natorb = False
canonicalization = True
sorting_mo_energy = False
ao2mo_level = 2
chkfile = cu2o2_0.0_SHCISCF.chk
max_memory 4000 MB (current use 466 MB)
internal_rotation = False

******** SHCI flags ********
executable             = /home/nsb37/Dice_github/Dice
mpiprefix              = mpirun
scratchDirectory       = /scratch/nsb37/161407/TMPDIR/26793
integralFile           = ./FCIDUMP
configFile             = ./input.dat
outputFile             = ./output.dat
maxIter                = 6
sweep_iter             = [    0,    3,    6]
sweep_epsilon          = [0.001,0.0005,0.0001]
nPTiter                = 0
Stochastic             = True
restart                = False
fullrestart            = False
num_thrds              = 1
memory                 = None

Active space CI wfn symmetry = Ag
CASCI E = -3411.72340279409  S^2 = 0.0000000
Set conv_tol_grad to 0.000316228
macro iter 1 (21 JK  4 micro), CASSCF E = -3411.83474728736  dE = -0.11134449  S^2 = 0.0000000
               |grad[o]|=0.244  |grad[c]|= None  |ddm|=  0.1
macro iter 2 (21 JK  4 micro), CASSCF E = -3411.9613523972  dE = -0.12660511  S^2 = 0.0000000
               |grad[o]|=0.117  |grad[c]|= None  |ddm|=0.074
macro iter 3 (21 JK  4 micro), CASSCF E = -3412.08075001056  dE = -0.11939761  S^2 = 0.0000000
               |grad[o]|=0.109  |grad[c]|= None  |ddm|=0.0486
macro iter 4 (21 JK  4 micro), CASSCF E = -3412.14826648495  dE = -0.067516474  S^2 = 0.0000000
               |grad[o]|=0.061  |grad[c]|= None  |ddm|=0.0347
macro iter 5 (21 JK  4 micro), CASSCF E = -3412.19141888811  dE = -0.043152403  S^2 = 0.0000000
               |grad[o]|=0.0561  |grad[c]|= None  |ddm|=0.0222
macro iter 6 (20 JK  4 micro), CASSCF E = -3412.19524137856  dE = -0.0038224904  S^2 = 0.0000000
               |grad[o]|=0.0237  |grad[c]|= None  |ddm|=0.0146
macro iter 7 (19 JK  4 micro), CASSCF E = -3412.19529091588  dE = -4.9537318e-05  S^2 = 0.0000000
               |grad[o]|=0.00686  |grad[c]|= None  |ddm|=0.0026
macro iter 8 (24 JK  4 micro), CASSCF E = -3412.19529837017  dE = -7.4542922e-06  S^2 = 0.0000000
               |grad[o]|=0.000756  |grad[c]|= None  |ddm|=0.000332
macro iter 9 (15 JK  2 micro), CASSCF E = -3412.19529906012  dE = -6.8995087e-07  S^2 = 0.0000000
               |grad[o]|=0.000185  |grad[c]|= None  |ddm|=8.47e-05
macro iter 10 (7 JK  1 micro), CASSCF E = -3412.19529909943  dE = -3.9306997e-08  S^2 = 0.0000000
               |grad[o]|=4.44e-05  |grad[c]|= None  |ddm|=1.47e-05
1-step CASSCF converged in 10 macro (190 JK 35 micro) steps
CASSCF canonicalization
Density matrix diagonal elements [1.98778655 1.98872613 1.98940311 1.98936561 1.98891967 1.98869384
 1.98660896 1.98633976 1.8580174  1.98037971 1.97631909 1.91269167
 1.62287058 1.77593785 0.41649949 0.34758381 0.01522431 0.01457045
 0.02408577 0.01078862 0.00566506 0.01050896 0.02597444 0.0097325
 0.01278512 0.01357379 0.01453412 0.00754601 0.01275289 0.0050012
 0.01103306 0.01008049]
CASSCF energy = -3412.19529909943
CASCI E = -3412.19529909943  E(CI) = -192.083155614283  S^2 = 0.0000000
