*File 'NEVPT2_ACVV.inp'  nOrb = 288(R)  nElec = 48  Ms2 = 0  iWfSym = 0
 Performing a restricted NEVPT2_ACVV calculation with spatial orbitals.

 Size of working set:                   1494 mb
 Size of Hamiltonian:                      0 mb
 Size of CI amplitude vector:             34 mb [4514905 entries/vec]

 Convergence thresholds:   THRDEN = 1.00e-05  THRVAR = 1.00e-05

 ITER.      SQ.NORM        ENERGY      ENERGY CHANGE     VAR       TIME     DIIS
   1       0.99981610    14.70482546    14.70482546    3.76e+02     45.49
   2       0.25512759     1.77251758   -12.93230788    3.91e+01     20.69
   3       0.09246188     0.12253135    -1.64998623    8.35e+00     20.69
   4       0.04862899    -0.19684126    -0.31937261    2.00e+00     20.69
   5       0.03010586    -0.28983477    -0.09299351    5.32e-01     20.69
   6       0.02398495    -0.31272462    -0.02288985    1.72e-01     20.69
   7       0.02134311    -0.32015245    -0.00742783    5.41e-02     20.69
   8       0.02010807    -0.32272558    -0.00257313    1.98e-02     20.69
   9       0.01954292    -0.32364065    -0.00091507    7.43e-03     20.69
  10       0.01927563    -0.32398261    -0.00034196    2.69e-03     20.69
  11       0.01914825    -0.32411011    -0.00012750    1.12e-03     20.69
  12       0.01908229    -0.32416295    -0.00005284    4.46e-04     20.69
  13       0.01904782    -0.32418514    -0.00002219    1.89e-04     20.69
  14       0.01903012    -0.32419447    -0.00000934    8.17e-05     20.69
  15       0.01902110    -0.32419843    -0.00000396    3.29e-05     20.69
  16       0.01901665    -0.32420006    -0.00000162    1.40e-05     20.69
  17       0.01901438    -0.32420074    -0.00000069    6.11e-06     20.69

 Time for main loop:                             376.47 sec
 Time for residual:                                0.00 sec
 Time for rest:                                  376.47 sec

 Coefficient of reference function     7.25201875285857
 Reference energy                      0.00000000000000

!NEVPT2_ACVV STATE 1 ENERGY           -0.32420074495578
