*File 'NEVPT2_CCVV.inp'  nOrb = 288(R)  nElec = 48  Ms2 = 0  iWfSym = 0
 Performing a restricted NEVPT2_CCVV calculation with spatial orbitals.

 Size of working set:                    516 mb
 Size of Hamiltonian:                      0 mb
 Size of CI amplitude vector:             34 mb [4513785 entries/vec]

 Convergence thresholds:   THRDEN = 1.00e-05  THRVAR = 1.00e-05

 ITER.      SQ.NORM        ENERGY      ENERGY CHANGE     VAR       TIME     DIIS
   1       1.44957904    37.03319374    37.03319374    1.65e+03      7.54
   2       0.40389387     6.77221670   -30.26097704    2.53e+02      3.13
   3       0.15539505     1.76451873    -5.00769797    6.62e+01      3.13
   4       0.06605435     0.40052414    -1.36399459    1.80e+01      3.13
   5       0.03341395     0.01739116    -0.38313299    5.83e+00      3.13
   6       0.01958548    -0.11147283    -0.12886399    2.07e+00      3.13
   7       0.01393391    -0.15527409    -0.04380126    6.55e-01      3.13
   8       0.01126786    -0.17121792    -0.01594383    2.80e-01      3.13
   9       0.01010968    -0.17701625    -0.00579833    8.98e-02      3.13
  10       0.00947457    -0.17933924    -0.00232299    4.38e-02      3.13
  11       0.00909505    -0.18044989    -0.00111065    2.02e-02      3.13
  12       0.00888011    -0.18096400    -0.00051411    9.39e-03      3.13
  13       0.00875168    -0.18121598    -0.00025198    4.38e-03      3.13
  14       0.00868018    -0.18133112    -0.00011514    2.35e-03      3.13
  15       0.00863469    -0.18139282    -0.00006170    1.14e-03      3.13
  16       0.00860670    -0.18142476    -0.00003193    6.45e-04      3.13
  17       0.00858991    -0.18144147    -0.00001672    3.06e-04      3.13
  18       0.00858000    -0.18144999    -0.00000852    1.52e-04      3.13
  19       0.00857434    -0.18145421    -0.00000421    7.99e-05      3.13
  20       0.00857106    -0.18145635    -0.00000214    4.14e-05      3.13
  21       0.00856904    -0.18145751    -0.00000116    2.05e-05      3.13
  22       0.00856798    -0.18145805    -0.00000054    1.02e-05      3.13
  23       0.00856737    -0.18145832    -0.00000027    5.37e-06      3.13

 Time for main loop:                              76.48 sec
 Time for residual:                                0.00 sec
 Time for rest:                                   76.48 sec

 Coefficient of reference function    10.80379476330515
 Reference energy                      0.00000000000000

!NEVPT2_CCVV STATE 1 ENERGY           -0.18145832102879
