{
    "wavefunction": {
        "name": "scpt",
        "numAct": "32",
        "numCore": "10",
        "overlapCutoff": "1.0e-8",
        "determinants": "dets"
    },
    "sampling": {
        "stochasticIterNorms": "500",
        "nIterFindInitDets": "50",
        "numSCSamples": "300",
        "resTimeNEVPT_Ene": "0.4",
        "epsilon": "1.0e-8",
        "seed": "2338012",
        "efficientNEVPT_2": "true",
        "determCCVV": "true",
        "SCEnergiesBurnIn": "50",
        "SCNormsBurnIn": "50"
    }
}

Reading integrals
Finished reading integrals
Starting heat bath integral construction
Finished heat bath integral construction
Reading active space determinants
Finished reading determinants, hash table bucket count: 67108864
Integrals and wave function preparation finished in 271.183 s

Deterministic CCVV energy:  -0.177447337805

About to sample the norms of the strongly contracted states...

About to allocate arrays for sampling...
Total number of strongly contracted states to sample: 131329
Allocation of sampling arrays now finished.

About to call first instance of HamAndSCNorms...
First instance of HamAndSCNorms complete.
iter: 0  t: 339.538
iter: 1  t: 389.808
iter: 50  t: 2755.46
iter: 100  t: 5197.89
iter: 150  t: 7659.47
iter: 200  t: 10101
iter: 250  t: 12560.3
iter: 300  t: 15006.4
iter: 350  t: 17456.7
iter: 400  t: 19890.4
iter: 450  t: 22333.6
iter: 500  t: 26229
Calculating AAVV norms...
AAVV norms calculated. Time taken: 1223.96
Calculating CAAV norms...
CAAV norms calculated. Time taken: 168.894
Calculating CCAA norms...
CCAA norms calculated. Time taken: 8.58329

Calculation of strongly contracted norms complete.
Total time for norms calculation:  27335.7

About to print norm data...
Printing complete.

Now sampling the NEVPT2 energy...
Total cumulative squared norm (process 0): 15

