{
    "print": {
        "readSCNorms": "false"
    },
    "wavefunction": {
        "name": "scpt",
        "numAct": "8",
        "numCore": "2",
        "overlapCutoff": "1.0e-8",
        "determinants": "dets"
    },
    "sampling": {
        "stochasticIterNorms": "1000",
        "nIterFindInitDets": "100",
        "numSCSamples": "10000",
        "stochasticIterEachSC": "100",
        "fixedResTimeNEVPT_Ene": "false",
        "epsilon": "1.0e-8",
        "seed": "1474943",
        "efficientNEVPT_2": "true",
        "determCCVV": "true",
        "SCEnergiesBurnIn": "50",
        "SCNormsBurnIn": "50"
    }
}

Reading integrals
Finished reading integrals
Starting heat bath integral construction
Finished heat bath integral construction
Reading active space determinants
Finished reading determinants, hash table bucket count: 2048
Integrals and wave function preparation finished in 1.04282 s

Deterministic CCVV energy:  -0.040309490364

About to sample the norms of the strongly contracted states...

About to allocate arrays for sampling...
Total number of strongly contracted states to sample: 60727
Allocation of sampling arrays now finished.

About to call first instance of HamAndSCNorms...
First instance of HamAndSCNorms complete.
iter: 0  t: 1.15303
iter: 1  t: 1.21487
iter: 100  t: 7.45449
iter: 200  t: 13.7673
iter: 300  t: 20.0701
iter: 400  t: 26.3737
iter: 500  t: 32.6761
iter: 600  t: 38.9654
iter: 700  t: 45.2469
iter: 800  t: 51.5479
iter: 900  t: 57.8627
iter: 1000  t: 83.1958
Calculating AAVV norms...
AAVV norms calculated. Time taken: 2.45493
Calculating CAAV norms...
CAAV norms calculated. Time taken: 0.379336
Calculating CCAA norms...
CCAA norms calculated. Time taken: 0.00176311

Calculation of strongly contracted norms complete.
Total time for norms calculation:  84.986

About to print norm data...
Printing complete.

Now sampling the NEVPT2 energy...
Total cumulative squared norm (process 0): 1.77703

MPI Barrier time: 0.095891 seconds
Energy error estimate: 0.000411136594846
Bias correction error estimate: 7.76677819712e-07
Sampling complete.

Total time for energy sampling 227.388370037 seconds
CAS energy: -109.0663393
SC-NEVPT2(s) second-order energy: -0.2390655987
Total SC-NEVPT(s) energy: -109.3054049
SC-NEVPT2(s) second-order energy with CCVV:  -0.2793750891
Total SC-NEVPT2(s) energy with CCVV:  -109.3457144
