*File 'NEVPT2_CCVV.inp'  nOrb = 110(R)  nElec = 14  Ms2 = 0  iWfSym = 0
 Performing a restricted NEVPT2_CCVV calculation with spatial orbitals.

 Size of working set:                      3 mb
 Size of Hamiltonian:                      0 mb
 Size of CI amplitude vector:             34 mb [4513785 entries/vec]

 Convergence thresholds:   THRDEN = 1.00e-05  THRVAR = 1.00e-05

 ITER.      SQ.NORM        ENERGY      ENERGY CHANGE     VAR       TIME     DIIS
   1       0.49979205    38.43699000    38.43699000    3.68e+03      0.02
   2       0.05900117     3.07445091   -35.36253908    2.25e+02      0.00
   3       0.01070234     0.46950150    -2.60494942    3.59e+01      0.00
   4       0.00122036     0.00346283    -0.46603867    2.55e+00      0.00
   5       0.00053586    -0.02689210    -0.03035493    4.99e-01      0.00
   6       0.00041724    -0.03209537    -0.00520327    5.34e-02      0.00
   7       0.00040066    -0.03265574    -0.00056037    1.70e-02      0.00
   8       0.00039535    -0.03283268    -0.00017693    2.00e-03      0.00
   9       0.00039459    -0.03285649    -0.00002381    1.96e-04      0.00
  10       0.00039450    -0.03285877    -0.00000228    2.88e-05      0.00
  11       0.00039449    -0.03285916    -0.00000039    4.81e-06      0.00

 Time for main loop:                               0.07 sec
 Time for residual:                                0.00 sec
 Time for rest:                                    0.07 sec

 Coefficient of reference function    50.34816827761462
 Reference energy                      0.00000000000000

!NEVPT2_CCVV STATE 1 ENERGY           -0.03285915977234
