[magneto:39529] mca: base: component_find: unable to open /usr/local/shared/ubuntu-16.04/x86_64/openmpi-1.8.8-intel15/lib/openmpi/mca_btl_openib: libibverbs.so.1: cannot open shared object file: No such file or directory (ignored)
{
    "print": {
        "readSCNorms": "false"
    },
    "wavefunction": {
        "name": "scpt",
        "numAct": "8",
        "numCore": "2",
        "overlapCutoff": "1.0e-8",
        "determinants": "dets",
        "detsInCAS": "false"
    },
    "sampling": {
        "stochasticIterNorms": "1000",
        "nIterFindInitDets": "100",
        "numSCSamples": "100000",
        "residenceTimeNEVPT": "10.0",
        "epsilon": "1.0e-8",
        "seed": "11985",
        "efficientNEVPT_2": "true",
        "determCCVV": "true",
        "exactPerturber": "true",
        "CASEnergy": "-109.0347099",
        "perturberOrb1": "20",
        "perturberOrb2": "21",
        "SCEnergiesBurnIn": "50"
    }
}

Starting heat bath construction
Heat bath construction done
Reading active space determinants
Finished reading determinants, hash table bucket count: 2048
Exact perturber energy, E_l^k: -105.258964291
