*File 'NEVPT2_CCVV.inp'  nOrb = 378(R)  nElec = 14  Ms2 = 0  iWfSym = 0
 Performing a restricted NEVPT2_CCVV calculation with spatial orbitals.

 Size of working set:                     47 mb
 Size of Hamiltonian:                      1 mb
 Size of CI amplitude vector:             34 mb [4513785 entries/vec]

 Convergence thresholds:   THRDEN = 1.00e-05  THRVAR = 1.00e-05

 ITER.      SQ.NORM        ENERGY      ENERGY CHANGE     VAR       TIME     DIIS
   1       1.79380058   199.04685152   199.04685152    3.19e+04      0.79
   2       0.42102295    34.97989856  -164.06695297    4.59e+03      0.34
   3       0.10872025     6.84031699   -28.13958157    6.69e+02      0.34
   4       0.02313034     1.38888286    -5.45143413    1.72e+02      0.34
   5       0.00643660     0.30560332    -1.08327954    5.47e+01      0.34
   6       0.00294578     0.06679166    -0.23881166    1.13e+01      0.34
   7       0.00120551    -0.01857577    -0.08536743    3.16e+00      0.34
   8       0.00071991    -0.04132217    -0.02274640    6.97e-01      0.34
   9       0.00057635    -0.04732269    -0.00600053    1.79e-01      0.34
  10       0.00054949    -0.04844188    -0.00111919    4.26e-02      0.34
  11       0.00053832    -0.04883034    -0.00038846    1.03e-02      0.34
  12       0.00053630    -0.04890049    -0.00007015    3.04e-03      0.34
  13       0.00053571    -0.04891948    -0.00001899    9.74e-04      0.34
  14       0.00053554    -0.04892445    -0.00000497    3.22e-04      0.34
  15       0.00053546    -0.04892667    -0.00000222    7.21e-05      0.34
  16       0.00053544    -0.04892725    -0.00000058    2.28e-05      0.34
  17       0.00053543    -0.04892742    -0.00000017    5.02e-06      0.34

 Time for main loop:                               6.24 sec
 Time for residual:                                0.00 sec
 Time for rest:                                    6.24 sec

 Coefficient of reference function    43.21646747476387
 Reference energy                      0.00000000000000

!NEVPT2_CCVV STATE 1 ENERGY           -0.04892741576161
