*File 'NEVPT2_ACVV.inp'  nOrb = 288(R)  nElec = 48  Ms2 = 0  iWfSym = 0
 Performing a restricted NEVPT2_ACVV calculation with spatial orbitals.

 Size of working set:                   1494 mb
 Size of Hamiltonian:                      0 mb
 Size of CI amplitude vector:             34 mb [4514905 entries/vec]

 Convergence thresholds:   THRDEN = 1.00e-05  THRVAR = 1.00e-05

 ITER.      SQ.NORM        ENERGY      ENERGY CHANGE     VAR       TIME     DIIS
   1       0.99545957    14.68624333    14.68624333    3.77e+02     52.64
   2       0.25572835     1.79244337   -12.89379996    3.96e+01     24.25
   3       0.09221808     0.12504008    -1.66740329    8.34e+00     24.25
   4       0.04844243    -0.19482563    -0.31986571    2.01e+00     24.25
   5       0.03009736    -0.28730895    -0.09248333    5.28e-01     24.25
   6       0.02390262    -0.31032435    -0.02301540    1.73e-01     24.25
   7       0.02123152    -0.31779119    -0.00746684    5.50e-02     24.25
   8       0.01996666    -0.32041802    -0.00262683    1.98e-02     24.25
   9       0.01938930    -0.32134797    -0.00092995    7.41e-03     24.25
  10       0.01911855    -0.32169228    -0.00034432    2.71e-03     24.25
  11       0.01898952    -0.32182088    -0.00012860    1.11e-03     24.25
  12       0.01892378    -0.32187325    -0.00005237    4.48e-04     24.25
  13       0.01888940    -0.32189540    -0.00002214    1.89e-04     24.25
  14       0.01887189    -0.32190466    -0.00000926    7.93e-05     24.25
  15       0.01886315    -0.32190850    -0.00000384    3.20e-05     24.25
  16       0.01885878    -0.32191009    -0.00000159    1.37e-05     24.25
  17       0.01885656    -0.32191077    -0.00000067    5.92e-06     24.25

 Time for main loop:                             440.67 sec
 Time for residual:                                0.00 sec
 Time for rest:                                  440.67 sec

 Coefficient of reference function     7.28230355446290
 Reference energy                      0.00000000000000

!NEVPT2_ACVV STATE 1 ENERGY           -0.32191076657476
