*File 'NEVPT2_CCVV.inp'  nOrb = 288(R)  nElec = 48  Ms2 = 0  iWfSym = 0
 Performing a restricted NEVPT2_CCVV calculation with spatial orbitals.

 Size of working set:                    516 mb
 Size of Hamiltonian:                      0 mb
 Size of CI amplitude vector:             34 mb [4513785 entries/vec]

 Convergence thresholds:   THRDEN = 1.00e-05  THRVAR = 1.00e-05

 ITER.      SQ.NORM        ENERGY      ENERGY CHANGE     VAR       TIME     DIIS
   1       1.44924326    37.23742657    37.23742657    1.67e+03      7.51
   2       0.40291064     6.79605560   -30.44137096    2.55e+02      3.11
   3       0.15476580     1.76705407    -5.02900153    6.63e+01      3.11
   4       0.06542599     0.39742766    -1.36962642    1.79e+01      3.11
   5       0.03312637     0.01645432    -0.38097334    5.78e+00      3.11
   6       0.01941721    -0.11166978    -0.12812410    2.03e+00      3.11
   7       0.01384897    -0.15465087    -0.04298109    6.47e-01      3.11
   8       0.01116669    -0.17060788    -0.01595700    2.70e-01      3.12
   9       0.01002772    -0.17623126    -0.00562338    9.06e-02      3.11
  10       0.00938037    -0.17858537    -0.00235411    4.40e-02      3.11
  11       0.00899939    -0.17970278    -0.00111741    2.02e-02      3.12
  12       0.00878854    -0.18021064    -0.00050786    9.62e-03      3.12
  13       0.00866326    -0.18046123    -0.00025058    4.41e-03      3.11
  14       0.00859395    -0.18057577    -0.00011454    2.38e-03      3.11
  15       0.00855097    -0.18063623    -0.00006046    1.11e-03      3.11
  16       0.00852487    -0.18066722    -0.00003099    6.20e-04      3.11
  17       0.00850991    -0.18068277    -0.00001555    2.92e-04      3.11
  18       0.00850105    -0.18069072    -0.00000796    1.45e-04      3.11
  19       0.00849608    -0.18069460    -0.00000388    7.63e-05      3.11
  20       0.00849322    -0.18069656    -0.00000196    3.90e-05      3.11
  21       0.00849144    -0.18069763    -0.00000108    1.89e-05      3.11
  22       0.00849051    -0.18069813    -0.00000050    9.46e-06      3.11

 Time for main loop:                              72.91 sec
 Time for residual:                                0.00 sec
 Time for rest:                                   72.91 sec

 Coefficient of reference function    10.85258366678220
 Reference energy                      0.00000000000000

!NEVPT2_CCVV STATE 1 ENERGY           -0.18069812991070
