*File 'NEVPT2_ACVV.inp'  nOrb = 288(R)  nElec = 48  Ms2 = 0  iWfSym = 0
 Performing a restricted NEVPT2_ACVV calculation with spatial orbitals.

 Size of working set:                   1494 mb
 Size of Hamiltonian:                      0 mb
 Size of CI amplitude vector:             34 mb [4514905 entries/vec]

 Convergence thresholds:   THRDEN = 1.00e-05  THRVAR = 1.00e-05

 ITER.      SQ.NORM        ENERGY      ENERGY CHANGE     VAR       TIME     DIIS
   1       1.00463893    14.73834411    14.73834411    3.76e+02     45.51
   2       0.25529739     1.76268009   -12.97566403    3.89e+01     20.69
   3       0.09272235     0.11835837    -1.64432172    8.29e+00     20.69
   4       0.04901694    -0.19892852    -0.31728689    1.99e+00     20.69
   5       0.03038223    -0.29197474    -0.09304622    5.28e-01     20.69
   6       0.02427599    -0.31469106    -0.02271632    1.70e-01     20.69
   7       0.02162170    -0.32206440    -0.00737334    5.35e-02     20.69
   8       0.02036290    -0.32463293    -0.00256853    1.99e-02     20.69
   9       0.01977359    -0.32556242    -0.00092949    7.59e-03     20.69
  10       0.01948889    -0.32591619    -0.00035377    2.77e-03     20.69
  11       0.01935031    -0.32605047    -0.00013428    1.17e-03     20.69
  12       0.01927818    -0.32610652    -0.00005605    4.68e-04     20.69
  13       0.01924062    -0.32613005    -0.00002353    1.95e-04     20.69
  14       0.01922145    -0.32613987    -0.00000982    8.46e-05     20.69
  15       0.01921177    -0.32614400    -0.00000413    3.39e-05     20.69
  16       0.01920696    -0.32614570    -0.00000170    1.45e-05     20.69
  17       0.01920445    -0.32614643    -0.00000073    6.51e-06     20.69

 Time for main loop:                             376.59 sec
 Time for residual:                                0.00 sec
 Time for rest:                                  376.59 sec

 Coefficient of reference function     7.21604206439163
 Reference energy                      0.00000000000000

!NEVPT2_ACVV STATE 1 ENERGY           -0.32614642613923
