*File 'NEVPT2_CCVV.inp'  nOrb = 288(R)  nElec = 48  Ms2 = 0  iWfSym = 0
 Performing a restricted NEVPT2_CCVV calculation with spatial orbitals.

 Size of working set:                    516 mb
 Size of Hamiltonian:                      0 mb
 Size of CI amplitude vector:             34 mb [4513785 entries/vec]

 Convergence thresholds:   THRDEN = 1.00e-05  THRVAR = 1.00e-05

 ITER.      SQ.NORM        ENERGY      ENERGY CHANGE     VAR       TIME     DIIS
   1       1.42330942    36.54110338    36.54110338    1.63e+03      7.55
   2       0.39186632     6.61911222   -29.92199115    2.48e+02      3.14
   3       0.14934307     1.70773826    -4.91137396    6.45e+01      3.14
   4       0.06310230     0.38076148    -1.32697678    1.74e+01      3.14
   5       0.03182936     0.01058799    -0.37017348    5.56e+00      3.14
   6       0.01872446    -0.11252338    -0.12311137    1.95e+00      3.14
   7       0.01341240    -0.15389634    -0.04137296    6.08e-01      3.14
   8       0.01089938    -0.16887257    -0.01497623    2.58e-01      3.14
   9       0.00980742    -0.17428656    -0.00541398    8.30e-02      3.14
  10       0.00920044    -0.17647350    -0.00218694    4.07e-02      3.14
  11       0.00883903    -0.17751400    -0.00104050    1.92e-02      3.14
  12       0.00863406    -0.17799880    -0.00048480    9.14e-03      3.14
  13       0.00851101    -0.17823973    -0.00024092    4.33e-03      3.14
  14       0.00844322    -0.17834986    -0.00011013    2.29e-03      3.14
  15       0.00839979    -0.17840953    -0.00005967    1.10e-03      3.14
  16       0.00837350    -0.17844009    -0.00003056    6.13e-04      3.14
  17       0.00835783    -0.17845605    -0.00001596    2.89e-04      3.14
  18       0.00834896    -0.17846391    -0.00000786    1.41e-04      3.14
  19       0.00834403    -0.17846770    -0.00000379    7.32e-05      3.14
  20       0.00834119    -0.17846961    -0.00000191    3.71e-05      3.14
  21       0.00833947    -0.17847064    -0.00000102    1.86e-05      3.14
  22       0.00833856    -0.17847112    -0.00000048    9.06e-06      3.14

 Time for main loop:                              73.42 sec
 Time for residual:                                0.00 sec
 Time for rest:                                   73.42 sec

 Coefficient of reference function    10.95101742641358
 Reference energy                      0.00000000000000

!NEVPT2_CCVV STATE 1 ENERGY           -0.17847111735153
