

**************************************************************
Dice  Copyright (C) 2017  Sandeep Sharma
This program is distributed in the hope that it will be useful,
but WITHOUT ANY WARRANTY; without even the implied warranty of
MERCHANTABILITY or FITNESS FOR A PARTICULAR PURPOSE.
See the GNU General Public License for more details.


Author:       Sandeep Sharma
Contributors: James E Smith, Adam A Holmes, Bastien Mussard
For detailed documentation on Dice please visit
https://sanshar.github.io/Dice/
Please visit our group page for up to date information on other projects
http://www.colorado.edu/lab/sharmagroup/
**************************************************************


**************************************************************
Input file  :
**************************************************************
#system
nocc 28
0 2 4 6 8 10 12 14 16 18 20 22 24 26 1 3 5 7 9 11 13 15 17 19 21 23 25 27 
orbitals ./FCIDUMP
nroots 1

#variational
schedule
0 0.00002
end
davidsonTol 5e-05
dE 1e-08
maxiter 100
printalldeterminants

#pt
nPTiter 0
epsilon2 1e-07
#epsilon2Large 2e-5
targetError 1e-5
sampleN 200


#misc
noio
prefix /rc_scratch/anma2640/
DoRDM
DoSpinRDM



**************************************************************
VARIATIONAL STEP  
**************************************************************
Iter Root       Eps1   #Var. Det.               Energy   #Davidson     Time(s)
   0    0    2.00e-05       11421     -3412.0763659528         14        0.58
   1    0    2.00e-05     8237423     -3412.2180818431         28      286.46
   2    0    2.00e-05    20071990     -3412.2376988764         26      763.93
   3    0    2.00e-05    23402145     -3412.2384455272         18     1012.13
   4    0    2.00e-05    23715324     -3412.2384925037         10     1113.57
   5    0    2.00e-05    23739659     -3412.2384958624          5     1167.86
   6    0    2.00e-05    23741369     -3412.2384961270          3     1206.71
   7    0    2.00e-05    23741739     -3412.2384961789          3     1246.08
   8    0    2.00e-05    23741855     -3412.2384961926          3     1284.72
   9    0    2.00e-05    23741951     -3412.2384962005          2     1317.10

Performing final tight davidson with tol: 5e-05

Exiting variational iterations
Calculating 2RDM
-344.359383957014  156.008759957348
E from 2RDM: -3412.23849620049
VARIATIONAL CALCULATION RESULT
------------------------------
Root             Energy     Time(s)
   0    -3412.2384962005     1471.15


Printing all determinants
 Det     weight  Determinant string
State :0
We cannot perform PT RDM with stochastic PT. Disabling RDM.

**************************************************************
PERTURBATION THEORY STEP  
**************************************************************
