{
    "print": {
        "readSCNorms": "false"
    },
    "wavefunction": {
        "name": "scpt",
        "numAct": "8",
        "numCore": "2",
        "overlapCutoff": "1.0e-8",
        "determinants": "dets"
    },
    "sampling": {
        "stochasticIterNorms": "1000",
        "nIterFindInitDets": "100",
        "numSCSamples": "10000",
        "stochasticIterEachSC": "100",
        "fixedResTimeNEVPT_Ene": "false",
        "epsilon": "1.0e-8",
        "seed": "1274943",
        "efficientNEVPT_2": "true",
        "determCCVV": "true",
        "SCEnergiesBurnIn": "50",
        "SCNormsBurnIn": "50"
    }
}

Reading integrals
Finished reading integrals
Starting heat bath integral construction
Finished heat bath integral construction
Reading active space determinants
Finished reading determinants, hash table bucket count: 2048
Integrals and wave function preparation finished in 0.519608 s

Deterministic CCVV energy:  -0.0101598704731

About to sample the norms of the strongly contracted states...

About to allocate arrays for sampling...
Total number of strongly contracted states to sample: 5461
Allocation of sampling arrays now finished.

About to call first instance of HamAndSCNorms...
First instance of HamAndSCNorms complete.
iter: 0  t: 0.555001
iter: 1  t: 0.5719
iter: 100  t: 2.29171
iter: 200  t: 4.03256
iter: 300  t: 5.77383
iter: 400  t: 7.51449
iter: 500  t: 9.25009
iter: 600  t: 10.9995
iter: 700  t: 12.7434
iter: 800  t: 14.4809
iter: 900  t: 16.2269
iter: 1000  t: 20.216
Calculating AAVV norms...
AAVV norms calculated. Time taken: 0.0844612
Calculating CAAV norms...
CAAV norms calculated. Time taken: 0.110076
Calculating CCAA norms...
CCAA norms calculated. Time taken: 0.00176215

Calculation of strongly contracted norms complete.
Total time for norms calculation:  19.8949

About to print norm data...
Printing complete.

Now sampling the NEVPT2 energy...
Total cumulative squared norm (process 0): 1.23289

MPI Barrier time: 4.48227e-05 seconds
Energy error estimate: 0.000344711901322
Bias correction error estimate: 3.8758016908e-07
Sampling complete.

Total time for energy sampling 222.063158035 seconds
CAS energy: -109.0578969
SC-NEVPT2(s) second-order energy: -0.2070481336
Total SC-NEVPT(s) energy: -109.2649451
SC-NEVPT2(s) second-order energy with CCVV:  -0.2172080041
Total SC-NEVPT2(s) energy with CCVV:  -109.2751049
