

**************************************************************
Dice  Copyright (C) 2017  Sandeep Sharma
This program is distributed in the hope that it will be useful,
but WITHOUT ANY WARRANTY; without even the implied warranty of
MERCHANTABILITY or FITNESS FOR A PARTICULAR PURPOSE.
See the GNU General Public License for more details.


Author:       Sandeep Sharma
Contributors: James E Smith, Adam A Holmes, Bastien Mussard
For detailed documentation on Dice please visit
https://sanshar.github.io/Dice/
Please visit our group page for up to date information on other projects
http://www.colorado.edu/lab/sharmagroup/
**************************************************************


**************************************************************
Input file  :
**************************************************************
#system
nocc 28
0 2 4 6 8 10 12 14 16 18 20 22 24 26 1 3 5 7 9 11 13 15 17 19 21 23 25 27 
orbitals ./FCIDUMP
nroots 1

#variational
schedule
0 0.00002
end
davidsonTol 5e-05
dE 1e-08
maxiter 100
printalldeterminants

#pt
nPTiter 0
epsilon2 1e-07
#epsilon2Large 2e-5
targetError 1e-5
sampleN 200


#misc
noio
prefix /rc_scratch/anma2640/
DoRDM
DoSpinRDM



**************************************************************
VARIATIONAL STEP  
**************************************************************
Iter Root       Eps1   #Var. Det.               Energy   #Davidson     Time(s)
   0    0    2.00e-05       11423     -3412.0313354535         12        0.56
   1    0    2.00e-05     6931915     -3412.1946064053         28      232.08
   2    0    2.00e-05    19196406     -3412.2251552012         32      722.06
   3    0    2.00e-05    23753719     -3412.2269230673         25     1038.58
   4    0    2.00e-05    24301666     -3412.2270045074         14     1171.22
   5    0    2.00e-05    24343404     -3412.2270102078          5     1223.35
   6    0    2.00e-05    24346815     -3412.2270106516          4     1266.91
   7    0    2.00e-05    24347677     -3412.2270107433          3     1304.13
   8    0    2.00e-05    24348018     -3412.2270107857          3     1341.16
   9    0    2.00e-05    24348217     -3412.2270108079          3     1377.81
  10    0    2.00e-05    24348389     -3412.2270108441          3     1414.43
  11    0    2.00e-05    24348537     -3412.2270108578          3     1451.72
  12    0    2.00e-05    24348655     -3412.2270108729          2     1482.40
  13    0    2.00e-05    24348713     -3412.2270108771          2     1512.69

Performing final tight davidson with tol: 5e-05

Exiting variational iterations
Calculating 2RDM
-347.086943164253  157.043695308942
E from 2RDM: -3412.22701087701
VARIATIONAL CALCULATION RESULT
------------------------------
Root             Energy     Time(s)
   0    -3412.2270108770     1655.76


Printing all determinants
 Det     weight  Determinant string
State :0
We cannot perform PT RDM with stochastic PT. Disabling RDM.

**************************************************************
PERTURBATION THEORY STEP  
**************************************************************
