*File 'NEVPT2_ACVV.inp'  nOrb = 288(R)  nElec = 48  Ms2 = 0  iWfSym = 0
 Performing a restricted NEVPT2_ACVV calculation with spatial orbitals.

 Size of working set:                   1494 mb
 Size of Hamiltonian:                      0 mb
 Size of CI amplitude vector:             34 mb [4514905 entries/vec]

 Convergence thresholds:   THRDEN = 1.00e-05  THRVAR = 1.00e-05

 ITER.      SQ.NORM        ENERGY      ENERGY CHANGE     VAR       TIME     DIIS
   1       0.99413378    14.67799899    14.67799899    3.77e+02     45.55
   2       0.25616430     1.80027764   -12.87772136    3.98e+01     20.72
   3       0.09221411     0.12587745    -1.67440019    8.34e+00     20.71
   4       0.04844829    -0.19410482    -0.31998227    2.01e+00     20.71
   5       0.03015728    -0.28640759    -0.09230277    5.27e-01     20.71
   6       0.02392210    -0.30948466    -0.02307706    1.74e-01     20.71
   7       0.02122890    -0.31698181    -0.00749716    5.55e-02     20.72
   8       0.01994574    -0.31963704    -0.00265523    2.00e-02     20.71
   9       0.01935942    -0.32057675    -0.00093971    7.43e-03     20.71
  10       0.01908427    -0.32092438    -0.00034763    2.72e-03     20.72
  11       0.01895246    -0.32105474    -0.00013036    1.11e-03     20.72
  12       0.01888551    -0.32110755    -0.00005280    4.51e-04     20.71
  13       0.01885052    -0.32112990    -0.00002235    1.90e-04     20.72
  14       0.01883268    -0.32113926    -0.00000937    7.91e-05     20.71
  15       0.01882388    -0.32114310    -0.00000384    3.19e-05     20.71
  16       0.01881948    -0.32114469    -0.00000159    1.36e-05     20.72
  17       0.01881723    -0.32114536    -0.00000067    5.87e-06     20.71

 Time for main loop:                             376.99 sec
 Time for residual:                                0.00 sec
 Time for rest:                                  376.99 sec

 Coefficient of reference function     7.28990966964559
 Reference energy                      0.00000000000000

!NEVPT2_ACVV STATE 1 ENERGY           -0.32114536169194
