*File 'NEVPT2_CCVV.inp'  nOrb = 288(R)  nElec = 48  Ms2 = 0  iWfSym = 0
 Performing a restricted NEVPT2_CCVV calculation with spatial orbitals.

 Size of working set:                    516 mb
 Size of Hamiltonian:                      0 mb
 Size of CI amplitude vector:             34 mb [4513785 entries/vec]

 Convergence thresholds:   THRDEN = 1.00e-05  THRVAR = 1.00e-05

 ITER.      SQ.NORM        ENERGY      ENERGY CHANGE     VAR       TIME     DIIS
   1       1.44718712    37.28501855    37.28501855    1.67e+03      7.56
   2       0.40163175     6.79122309   -30.49379545    2.55e+02      3.14
   3       0.15421089     1.76472456    -5.02649853    6.62e+01      3.14
   4       0.06508256     0.39543491    -1.36928965    1.79e+01      3.14
   5       0.03298506     0.01580205    -0.37963287    5.74e+00      3.14
   6       0.01935530    -0.11174568    -0.12754773    2.00e+00      3.14
   7       0.01383215    -0.15427388    -0.04252820    6.38e-01      3.15
   8       0.01114418    -0.17018150    -0.01590762    2.62e-01      3.14
   9       0.01001005    -0.17570946    -0.00552796    8.96e-02      3.14
  10       0.00935175    -0.17807205    -0.00236259    4.35e-02      3.14
  11       0.00896715    -0.17918589    -0.00111384    1.99e-02      3.14
  12       0.00875492    -0.17968970    -0.00050381    9.68e-03      3.14
  13       0.00862831    -0.17994014    -0.00025044    4.39e-03      3.14
  14       0.00855695    -0.18005666    -0.00011652    2.38e-03      3.14
  15       0.00851373    -0.18011692    -0.00006026    1.12e-03      3.14
  16       0.00848709    -0.18014839    -0.00003146    6.11e-04      3.14
  17       0.00847237    -0.18016362    -0.00001523    2.95e-04      3.14
  18       0.00846363    -0.18017146    -0.00000784    1.45e-04      3.14
  19       0.00845867    -0.18017534    -0.00000388    7.59e-05      3.14
  20       0.00845589    -0.18017725    -0.00000191    3.99e-05      3.14
  21       0.00845415    -0.18017831    -0.00000105    1.88e-05      3.14
  22       0.00845323    -0.18017880    -0.00000050    9.50e-06      3.14

 Time for main loop:                              73.54 sec
 Time for residual:                                0.00 sec
 Time for rest:                                   73.54 sec

 Coefficient of reference function    10.87648980824644
 Reference energy                      0.00000000000000

!NEVPT2_CCVV STATE 1 ENERGY           -0.18017880260247
